{"D:\\work\\uni\\year1\\software prac\\project\\project-may-i-scan\\server.js": {"path":"D:\\work\\uni\\year1\\software prac\\project\\project-may-i-scan\\server.js","statementMap":{"0":{"start":{"line":1,"column":16},"end":{"line":1,"column":34}},"1":{"start":{"line":2,"column":13},"end":{"line":2,"column":28}},"2":{"start":{"line":3,"column":15},"end":{"line":3,"column":32}},"3":{"start":{"line":4,"column":18},"end":{"line":4,"column":40}},"4":{"start":{"line":5,"column":21},"end":{"line":5,"column":45}},"5":{"start":{"line":7,"column":0},"end":{"line":7,"column":47}},"6":{"start":{"line":9,"column":35},"end":{"line":9,"column":55}},"7":{"start":{"line":11,"column":0},"end":{"line":11,"column":12}},"8":{"start":{"line":13,"column":12},"end":{"line":13,"column":21}},"9":{"start":{"line":16,"column":0},"end":{"line":16,"column":24}},"10":{"start":{"line":17,"column":0},"end":{"line":17,"column":24}},"11":{"start":{"line":20,"column":0},"end":{"line":20,"column":16}},"12":{"start":{"line":23,"column":13},"end":{"line":23,"column":37}},"13":{"start":{"line":24,"column":21},"end":{"line":24,"column":53}},"14":{"start":{"line":25,"column":21},"end":{"line":25,"column":53}},"15":{"start":{"line":26,"column":16},"end":{"line":26,"column":43}},"16":{"start":{"line":27,"column":19},"end":{"line":27,"column":49}},"17":{"start":{"line":30,"column":0},"end":{"line":30,"column":30}},"18":{"start":{"line":31,"column":0},"end":{"line":31,"column":46}},"19":{"start":{"line":32,"column":0},"end":{"line":32,"column":46}},"20":{"start":{"line":33,"column":0},"end":{"line":33,"column":36}},"21":{"start":{"line":34,"column":0},"end":{"line":34,"column":42}},"22":{"start":{"line":37,"column":0},"end":{"line":37,"column":68}},"23":{"start":{"line":40,"column":0},"end":{"line":43,"column":3}},"24":{"start":{"line":41,"column":2},"end":{"line":41,"column":52}},"25":{"start":{"line":42,"column":2},"end":{"line":42,"column":24}},"26":{"start":{"line":46,"column":0},"end":{"line":48,"column":3}},"27":{"start":{"line":47,"column":2},"end":{"line":47,"column":59}},"28":{"start":{"line":51,"column":13},"end":{"line":51,"column":37}},"29":{"start":{"line":52,"column":15},"end":{"line":52,"column":116}},"30":{"start":{"line":52,"column":38},"end":{"line":52,"column":115}},"31":{"start":{"line":55,"column":0},"end":{"line":58,"column":3}},"32":{"start":{"line":56,"column":2},"end":{"line":56,"column":39}},"33":{"start":{"line":57,"column":2},"end":{"line":57,"column":38}},"34":{"start":{"line":57,"column":21},"end":{"line":57,"column":36}},"35":{"start":{"line":61,"column":0},"end":{"line":61,"column":31}}},"fnMap":{"0":{"name":"(anonymous_0)","decl":{"start":{"line":40,"column":26},"end":{"line":40,"column":27}},"loc":{"start":{"line":40,"column":40},"end":{"line":43,"column":1}},"line":40},"1":{"name":"(anonymous_1)","decl":{"start":{"line":46,"column":25},"end":{"line":46,"column":26}},"loc":{"start":{"line":46,"column":39},"end":{"line":48,"column":1}},"line":46},"2":{"name":"(anonymous_2)","decl":{"start":{"line":52,"column":32},"end":{"line":52,"column":33}},"loc":{"start":{"line":52,"column":38},"end":{"line":52,"column":115}},"line":52},"3":{"name":"(anonymous_3)","decl":{"start":{"line":55,"column":33},"end":{"line":55,"column":34}},"loc":{"start":{"line":55,"column":51},"end":{"line":58,"column":1}},"line":55},"4":{"name":"(anonymous_4)","decl":{"start":{"line":57,"column":15},"end":{"line":57,"column":16}},"loc":{"start":{"line":57,"column":21},"end":{"line":57,"column":36}},"line":57}},"branchMap":{"0":{"loc":{"start":{"line":51,"column":13},"end":{"line":51,"column":37}},"type":"binary-expr","locations":[{"start":{"line":51,"column":13},"end":{"line":51,"column":29}},{"start":{"line":51,"column":33},"end":{"line":51,"column":37}}],"line":51}},"s":{"0":1,"1":1,"2":1,"3":1,"4":1,"5":1,"6":1,"7":1,"8":1,"9":1,"10":1,"11":1,"12":1,"13":1,"14":1,"15":1,"16":1,"17":1,"18":1,"19":1,"20":1,"21":1,"22":1,"23":1,"24":0,"25":0,"26":1,"27":0,"28":1,"29":1,"30":1,"31":1,"32":0,"33":0,"34":0,"35":1},"f":{"0":0,"1":0,"2":1,"3":0,"4":0},"b":{"0":[1,0]},"_coverageSchema":"1a1c01bbd47fc00a2c39e90264f33305004495a9","hash":"36d23832434cc47ce423e7555ac1a498763207ba"}
,"D:\\work\\uni\\year1\\software prac\\project\\project-may-i-scan\\swagger.js": {"path":"D:\\work\\uni\\year1\\software prac\\project\\project-may-i-scan\\swagger.js","statementMap":{"0":{"start":{"line":1,"column":21},"end":{"line":1,"column":45}},"1":{"start":{"line":2,"column":18},"end":{"line":2,"column":47}},"2":{"start":{"line":4,"column":16},"end":{"line":143,"column":1}},"3":{"start":{"line":145,"column":20},"end":{"line":145,"column":41}},"4":{"start":{"line":147,"column":0},"end":{"line":147,"column":44}}},"fnMap":{},"branchMap":{},"s":{"0":1,"1":1,"2":1,"3":1,"4":1},"f":{},"b":{},"_coverageSchema":"1a1c01bbd47fc00a2c39e90264f33305004495a9","hash":"9479379dafea8c013b6251700ba28d5b513cc95b"}
,"D:\\work\\uni\\year1\\software prac\\project\\project-may-i-scan\\config\\db.js": {"path":"D:\\work\\uni\\year1\\software prac\\project\\project-may-i-scan\\config\\db.js","statementMap":{"0":{"start":{"line":1,"column":17},"end":{"line":1,"column":36}},"1":{"start":{"line":3,"column":18},"end":{"line":8,"column":1}},"2":{"start":{"line":4,"column":4},"end":{"line":4,"column":38}},"3":{"start":{"line":5,"column":17},"end":{"line":5,"column":63}},"4":{"start":{"line":7,"column":4},"end":{"line":7,"column":62}},"5":{"start":{"line":10,"column":0},"end":{"line":10,"column":27}}},"fnMap":{"0":{"name":"(anonymous_0)","decl":{"start":{"line":3,"column":18},"end":{"line":3,"column":19}},"loc":{"start":{"line":3,"column":30},"end":{"line":8,"column":1}},"line":3}},"branchMap":{},"s":{"0":1,"1":1,"2":1,"3":1,"4":1,"5":1},"f":{"0":1},"b":{},"_coverageSchema":"1a1c01bbd47fc00a2c39e90264f33305004495a9","hash":"92df63b1a263a936c15cb3eb3ce1f57064aaab21"}
,"D:\\work\\uni\\year1\\software prac\\project\\project-may-i-scan\\controllers\\auth.js": {"path":"D:\\work\\uni\\year1\\software prac\\project\\project-may-i-scan\\controllers\\auth.js","statementMap":{"0":{"start":{"line":1,"column":21},"end":{"line":1,"column":39}},"1":{"start":{"line":2,"column":13},"end":{"line":2,"column":38}},"2":{"start":{"line":3,"column":18},"end":{"line":3,"column":48}},"3":{"start":{"line":11,"column":0},"end":{"line":81,"column":4}},"4":{"start":{"line":12,"column":4},"end":{"line":12,"column":35}},"5":{"start":{"line":14,"column":4},"end":{"line":80,"column":5}},"6":{"start":{"line":30,"column":10},"end":{"line":30,"column":18}},"7":{"start":{"line":35,"column":6},"end":{"line":41,"column":9}},"8":{"start":{"line":43,"column":6},"end":{"line":43,"column":45}},"9":{"start":{"line":46,"column":6},"end":{"line":73,"column":7}},"10":{"start":{"line":47,"column":8},"end":{"line":72,"column":9}},"11":{"start":{"line":48,"column":28},"end":{"line":59,"column":12}},"12":{"start":{"line":61,"column":10},"end":{"line":61,"column":59}},"13":{"start":{"line":63,"column":10},"end":{"line":63,"column":66}},"14":{"start":{"line":66,"column":10},"end":{"line":66,"column":49}},"15":{"start":{"line":68,"column":10},"end":{"line":71,"column":13}},"16":{"start":{"line":76,"column":6},"end":{"line":76,"column":40}},"17":{"start":{"line":78,"column":6},"end":{"line":78,"column":53}},"18":{"start":{"line":79,"column":6},"end":{"line":79,"column":67}},"19":{"start":{"line":87,"column":0},"end":{"line":109,"column":4}},"20":{"start":{"line":88,"column":32},"end":{"line":88,"column":40}},"21":{"start":{"line":90,"column":4},"end":{"line":92,"column":5}},"22":{"start":{"line":91,"column":6},"end":{"line":91,"column":99}},"23":{"start":{"line":95,"column":17},"end":{"line":95,"column":66}},"24":{"start":{"line":97,"column":4},"end":{"line":99,"column":5}},"25":{"start":{"line":98,"column":6},"end":{"line":98,"column":82}},"26":{"start":{"line":101,"column":20},"end":{"line":101,"column":54}},"27":{"start":{"line":103,"column":4},"end":{"line":105,"column":5}},"28":{"start":{"line":104,"column":6},"end":{"line":104,"column":82}},"29":{"start":{"line":108,"column":4},"end":{"line":108,"column":38}},"30":{"start":{"line":113,"column":28},"end":{"line":133,"column":3}},"31":{"start":{"line":114,"column":18},"end":{"line":114,"column":42}},"32":{"start":{"line":116,"column":20},"end":{"line":119,"column":5}},"33":{"start":{"line":121,"column":4},"end":{"line":123,"column":5}},"34":{"start":{"line":122,"column":6},"end":{"line":122,"column":28}},"35":{"start":{"line":125,"column":4},"end":{"line":132,"column":7}},"36":{"start":{"line":139,"column":0},"end":{"line":165,"column":4}},"37":{"start":{"line":140,"column":4},"end":{"line":164,"column":5}},"38":{"start":{"line":141,"column":19},"end":{"line":141,"column":51}},"39":{"start":{"line":143,"column":6},"end":{"line":145,"column":7}},"40":{"start":{"line":144,"column":8},"end":{"line":144,"column":79}},"41":{"start":{"line":147,"column":22},"end":{"line":147,"column":26}},"42":{"start":{"line":148,"column":6},"end":{"line":150,"column":7}},"43":{"start":{"line":149,"column":8},"end":{"line":149,"column":64}},"44":{"start":{"line":152,"column":6},"end":{"line":160,"column":9}},"45":{"start":{"line":162,"column":6},"end":{"line":162,"column":41}},"46":{"start":{"line":163,"column":6},"end":{"line":163,"column":70}},"47":{"start":{"line":168,"column":0},"end":{"line":177,"column":2}},"48":{"start":{"line":169,"column":4},"end":{"line":172,"column":7}},"49":{"start":{"line":173,"column":4},"end":{"line":176,"column":7}}},"fnMap":{"0":{"name":"(anonymous_0)","decl":{"start":{"line":11,"column":19},"end":{"line":11,"column":20}},"loc":{"start":{"line":11,"column":45},"end":{"line":81,"column":3}},"line":11},"1":{"name":"(anonymous_1)","decl":{"start":{"line":87,"column":16},"end":{"line":87,"column":17}},"loc":{"start":{"line":87,"column":42},"end":{"line":109,"column":3}},"line":87},"2":{"name":"(anonymous_2)","decl":{"start":{"line":113,"column":28},"end":{"line":113,"column":29}},"loc":{"start":{"line":113,"column":55},"end":{"line":133,"column":3}},"line":113},"3":{"name":"(anonymous_3)","decl":{"start":{"line":139,"column":16},"end":{"line":139,"column":17}},"loc":{"start":{"line":139,"column":42},"end":{"line":165,"column":3}},"line":139},"4":{"name":"(anonymous_4)","decl":{"start":{"line":168,"column":17},"end":{"line":168,"column":18}},"loc":{"start":{"line":168,"column":43},"end":{"line":177,"column":1}},"line":168}},"branchMap":{"0":{"loc":{"start":{"line":46,"column":6},"end":{"line":73,"column":7}},"type":"if","locations":[{"start":{"line":46,"column":6},"end":{"line":73,"column":7}},{"start":{},"end":{}}],"line":46},"1":{"loc":{"start":{"line":90,"column":4},"end":{"line":92,"column":5}},"type":"if","locations":[{"start":{"line":90,"column":4},"end":{"line":92,"column":5}},{"start":{},"end":{}}],"line":90},"2":{"loc":{"start":{"line":90,"column":8},"end":{"line":90,"column":27}},"type":"binary-expr","locations":[{"start":{"line":90,"column":8},"end":{"line":90,"column":14}},{"start":{"line":90,"column":18},"end":{"line":90,"column":27}}],"line":90},"3":{"loc":{"start":{"line":97,"column":4},"end":{"line":99,"column":5}},"type":"if","locations":[{"start":{"line":97,"column":4},"end":{"line":99,"column":5}},{"start":{},"end":{}}],"line":97},"4":{"loc":{"start":{"line":103,"column":4},"end":{"line":105,"column":5}},"type":"if","locations":[{"start":{"line":103,"column":4},"end":{"line":105,"column":5}},{"start":{},"end":{}}],"line":103},"5":{"loc":{"start":{"line":121,"column":4},"end":{"line":123,"column":5}},"type":"if","locations":[{"start":{"line":121,"column":4},"end":{"line":123,"column":5}},{"start":{},"end":{}}],"line":121},"6":{"loc":{"start":{"line":143,"column":6},"end":{"line":145,"column":7}},"type":"if","locations":[{"start":{"line":143,"column":6},"end":{"line":145,"column":7}},{"start":{},"end":{}}],"line":143},"7":{"loc":{"start":{"line":148,"column":6},"end":{"line":150,"column":7}},"type":"if","locations":[{"start":{"line":148,"column":6},"end":{"line":150,"column":7}},{"start":{},"end":{}}],"line":148}},"s":{"0":1,"1":1,"2":1,"3":1,"4":0,"5":0,"6":0,"7":0,"8":0,"9":0,"10":0,"11":0,"12":0,"13":0,"14":0,"15":0,"16":0,"17":0,"18":0,"19":1,"20":0,"21":0,"22":0,"23":0,"24":0,"25":0,"26":0,"27":0,"28":0,"29":0,"30":1,"31":0,"32":0,"33":0,"34":0,"35":0,"36":1,"37":0,"38":0,"39":0,"40":0,"41":0,"42":0,"43":0,"44":0,"45":0,"46":0,"47":1,"48":0,"49":0},"f":{"0":0,"1":0,"2":0,"3":0,"4":0},"b":{"0":[0,0],"1":[0,0],"2":[0,0],"3":[0,0],"4":[0,0],"5":[0,0],"6":[0,0],"7":[0,0]},"_coverageSchema":"1a1c01bbd47fc00a2c39e90264f33305004495a9","hash":"8290d886d51aaa99c74ccf0db0227696cc449f3b"}
,"D:\\work\\uni\\year1\\software prac\\project\\project-may-i-scan\\controllers\\massageShops.js": {"path":"D:\\work\\uni\\year1\\software prac\\project\\project-may-i-scan\\controllers\\massageShops.js","statementMap":{"0":{"start":{"line":1,"column":20},"end":{"line":1,"column":52}},"1":{"start":{"line":2,"column":20},"end":{"line":2,"column":52}},"2":{"start":{"line":7,"column":0},"end":{"line":74,"column":2}},"3":{"start":{"line":10,"column":21},"end":{"line":10,"column":37}},"4":{"start":{"line":11,"column":4},"end":{"line":11,"column":26}},"5":{"start":{"line":13,"column":25},"end":{"line":13,"column":60}},"6":{"start":{"line":14,"column":4},"end":{"line":14,"column":58}},"7":{"start":{"line":14,"column":34},"end":{"line":14,"column":56}},"8":{"start":{"line":16,"column":4},"end":{"line":16,"column":26}},"9":{"start":{"line":18,"column":19},"end":{"line":18,"column":43}},"10":{"start":{"line":19,"column":4},"end":{"line":19,"column":81}},"11":{"start":{"line":19,"column":68},"end":{"line":19,"column":79}},"12":{"start":{"line":22,"column":4},"end":{"line":22,"column":51}},"13":{"start":{"line":25,"column":4},"end":{"line":27,"column":5}},"14":{"start":{"line":26,"column":8},"end":{"line":26,"column":47}},"15":{"start":{"line":29,"column":4},"end":{"line":29,"column":23}},"16":{"start":{"line":31,"column":4},"end":{"line":34,"column":5}},"17":{"start":{"line":32,"column":23},"end":{"line":32,"column":60}},"18":{"start":{"line":33,"column":8},"end":{"line":33,"column":37}},"19":{"start":{"line":36,"column":4},"end":{"line":41,"column":5}},"20":{"start":{"line":37,"column":23},"end":{"line":37,"column":58}},"21":{"start":{"line":38,"column":8},"end":{"line":38,"column":35}},"22":{"start":{"line":40,"column":8},"end":{"line":40,"column":41}},"23":{"start":{"line":43,"column":17},"end":{"line":43,"column":50}},"24":{"start":{"line":44,"column":18},"end":{"line":44,"column":53}},"25":{"start":{"line":45,"column":23},"end":{"line":45,"column":41}},"26":{"start":{"line":46,"column":21},"end":{"line":46,"column":33}},"27":{"start":{"line":48,"column":4},"end":{"line":73,"column":5}},"28":{"start":{"line":49,"column":22},"end":{"line":49,"column":56}},"29":{"start":{"line":50,"column":8},"end":{"line":50,"column":52}},"30":{"start":{"line":52,"column":29},"end":{"line":52,"column":40}},"31":{"start":{"line":54,"column":27},"end":{"line":54,"column":29}},"32":{"start":{"line":56,"column":8},"end":{"line":61,"column":9}},"33":{"start":{"line":57,"column":12},"end":{"line":60,"column":14}},"34":{"start":{"line":63,"column":8},"end":{"line":68,"column":9}},"35":{"start":{"line":64,"column":12},"end":{"line":67,"column":14}},"36":{"start":{"line":70,"column":8},"end":{"line":70,"column":96}},"37":{"start":{"line":72,"column":8},"end":{"line":72,"column":49}},"38":{"start":{"line":149,"column":0},"end":{"line":160,"column":2}},"39":{"start":{"line":150,"column":4},"end":{"line":159,"column":5}},"40":{"start":{"line":151,"column":28},"end":{"line":151,"column":69}},"41":{"start":{"line":153,"column":8},"end":{"line":155,"column":9}},"42":{"start":{"line":154,"column":12},"end":{"line":154,"column":60}},"43":{"start":{"line":156,"column":8},"end":{"line":156,"column":67}},"44":{"start":{"line":158,"column":8},"end":{"line":158,"column":49}},"45":{"start":{"line":165,"column":0},"end":{"line":169,"column":2}},"46":{"start":{"line":167,"column":24},"end":{"line":167,"column":58}},"47":{"start":{"line":167,"column":59},"end":{"line":168,"column":63}},"48":{"start":{"line":174,"column":0},"end":{"line":189,"column":2}},"49":{"start":{"line":175,"column":4},"end":{"line":188,"column":5}},"50":{"start":{"line":176,"column":28},"end":{"line":179,"column":10}},"51":{"start":{"line":181,"column":8},"end":{"line":183,"column":9}},"52":{"start":{"line":182,"column":12},"end":{"line":182,"column":60}},"53":{"start":{"line":185,"column":8},"end":{"line":185,"column":67}},"54":{"start":{"line":187,"column":8},"end":{"line":187,"column":49}},"55":{"start":{"line":194,"column":0},"end":{"line":208,"column":2}},"56":{"start":{"line":195,"column":4},"end":{"line":207,"column":5}},"57":{"start":{"line":196,"column":28},"end":{"line":196,"column":78}},"58":{"start":{"line":198,"column":8},"end":{"line":200,"column":9}},"59":{"start":{"line":199,"column":12},"end":{"line":199,"column":123}},"60":{"start":{"line":201,"column":8},"end":{"line":201,"column":69}},"61":{"start":{"line":202,"column":8},"end":{"line":202,"column":60}},"62":{"start":{"line":204,"column":8},"end":{"line":204,"column":58}},"63":{"start":{"line":206,"column":8},"end":{"line":206,"column":49}}},"fnMap":{"0":{"name":"(anonymous_0)","decl":{"start":{"line":7,"column":26},"end":{"line":7,"column":27}},"loc":{"start":{"line":7,"column":52},"end":{"line":74,"column":1}},"line":7},"1":{"name":"(anonymous_1)","decl":{"start":{"line":14,"column":25},"end":{"line":14,"column":26}},"loc":{"start":{"line":14,"column":34},"end":{"line":14,"column":56}},"line":14},"2":{"name":"(anonymous_2)","decl":{"start":{"line":19,"column":59},"end":{"line":19,"column":60}},"loc":{"start":{"line":19,"column":68},"end":{"line":19,"column":79}},"line":19},"3":{"name":"(anonymous_3)","decl":{"start":{"line":149,"column":25},"end":{"line":149,"column":26}},"loc":{"start":{"line":149,"column":51},"end":{"line":160,"column":1}},"line":149},"4":{"name":"(anonymous_4)","decl":{"start":{"line":165,"column":28},"end":{"line":165,"column":29}},"loc":{"start":{"line":165,"column":54},"end":{"line":169,"column":1}},"line":165},"5":{"name":"(anonymous_5)","decl":{"start":{"line":174,"column":28},"end":{"line":174,"column":29}},"loc":{"start":{"line":174,"column":54},"end":{"line":189,"column":1}},"line":174},"6":{"name":"(anonymous_6)","decl":{"start":{"line":194,"column":28},"end":{"line":194,"column":29}},"loc":{"start":{"line":194,"column":54},"end":{"line":208,"column":1}},"line":194}},"branchMap":{"0":{"loc":{"start":{"line":25,"column":4},"end":{"line":27,"column":5}},"type":"if","locations":[{"start":{"line":25,"column":4},"end":{"line":27,"column":5}},{"start":{},"end":{}}],"line":25},"1":{"loc":{"start":{"line":25,"column":8},"end":{"line":25,"column":45}},"type":"binary-expr","locations":[{"start":{"line":25,"column":8},"end":{"line":25,"column":16}},{"start":{"line":25,"column":20},"end":{"line":25,"column":45}}],"line":25},"2":{"loc":{"start":{"line":31,"column":4},"end":{"line":34,"column":5}},"type":"if","locations":[{"start":{"line":31,"column":4},"end":{"line":34,"column":5}},{"start":{},"end":{}}],"line":31},"3":{"loc":{"start":{"line":36,"column":4},"end":{"line":41,"column":5}},"type":"if","locations":[{"start":{"line":36,"column":4},"end":{"line":41,"column":5}},{"start":{"line":39,"column":11},"end":{"line":41,"column":5}}],"line":36},"4":{"loc":{"start":{"line":43,"column":17},"end":{"line":43,"column":50}},"type":"binary-expr","locations":[{"start":{"line":43,"column":17},"end":{"line":43,"column":45}},{"start":{"line":43,"column":49},"end":{"line":43,"column":50}}],"line":43},"5":{"loc":{"start":{"line":44,"column":18},"end":{"line":44,"column":53}},"type":"binary-expr","locations":[{"start":{"line":44,"column":18},"end":{"line":44,"column":47}},{"start":{"line":44,"column":51},"end":{"line":44,"column":53}}],"line":44},"6":{"loc":{"start":{"line":56,"column":8},"end":{"line":61,"column":9}},"type":"if","locations":[{"start":{"line":56,"column":8},"end":{"line":61,"column":9}},{"start":{},"end":{}}],"line":56},"7":{"loc":{"start":{"line":63,"column":8},"end":{"line":68,"column":9}},"type":"if","locations":[{"start":{"line":63,"column":8},"end":{"line":68,"column":9}},{"start":{},"end":{}}],"line":63},"8":{"loc":{"start":{"line":153,"column":8},"end":{"line":155,"column":9}},"type":"if","locations":[{"start":{"line":153,"column":8},"end":{"line":155,"column":9}},{"start":{},"end":{}}],"line":153},"9":{"loc":{"start":{"line":181,"column":8},"end":{"line":183,"column":9}},"type":"if","locations":[{"start":{"line":181,"column":8},"end":{"line":183,"column":9}},{"start":{},"end":{}}],"line":181},"10":{"loc":{"start":{"line":198,"column":8},"end":{"line":200,"column":9}},"type":"if","locations":[{"start":{"line":198,"column":8},"end":{"line":200,"column":9}},{"start":{},"end":{}}],"line":198}},"s":{"0":1,"1":1,"2":1,"3":0,"4":0,"5":0,"6":0,"7":0,"8":0,"9":0,"10":0,"11":0,"12":0,"13":0,"14":0,"15":0,"16":0,"17":0,"18":0,"19":0,"20":0,"21":0,"22":0,"23":0,"24":0,"25":0,"26":0,"27":0,"28":0,"29":0,"30":0,"31":0,"32":0,"33":0,"34":0,"35":0,"36":0,"37":0,"38":1,"39":0,"40":0,"41":0,"42":0,"43":0,"44":0,"45":1,"46":0,"47":0,"48":1,"49":0,"50":0,"51":0,"52":0,"53":0,"54":0,"55":1,"56":0,"57":0,"58":0,"59":0,"60":0,"61":0,"62":0,"63":0},"f":{"0":0,"1":0,"2":0,"3":0,"4":0,"5":0,"6":0},"b":{"0":[0,0],"1":[0,0],"2":[0,0],"3":[0,0],"4":[0,0],"5":[0,0],"6":[0,0],"7":[0,0],"8":[0,0],"9":[0,0],"10":[0,0]},"_coverageSchema":"1a1c01bbd47fc00a2c39e90264f33305004495a9","hash":"411015d9689ee16a6dac59be09217d44c0c89f32"}
,"D:\\work\\uni\\year1\\software prac\\project\\project-may-i-scan\\controllers\\reservations.js": {"path":"D:\\work\\uni\\year1\\software prac\\project\\project-may-i-scan\\controllers\\reservations.js","statementMap":{"0":{"start":{"line":1,"column":20},"end":{"line":1,"column":52}},"1":{"start":{"line":2,"column":20},"end":{"line":2,"column":52}},"2":{"start":{"line":7,"column":0},"end":{"line":108,"column":2}},"3":{"start":{"line":10,"column":2},"end":{"line":68,"column":3}},"4":{"start":{"line":11,"column":4},"end":{"line":26,"column":9}},"5":{"start":{"line":30,"column":4},"end":{"line":67,"column":5}},"6":{"start":{"line":31,"column":6},"end":{"line":48,"column":11}},"7":{"start":{"line":51,"column":6},"end":{"line":66,"column":11}},"8":{"start":{"line":93,"column":2},"end":{"line":107,"column":3}},"9":{"start":{"line":94,"column":25},"end":{"line":94,"column":36}},"10":{"start":{"line":96,"column":4},"end":{"line":100,"column":7}},"11":{"start":{"line":102,"column":4},"end":{"line":102,"column":27}},"12":{"start":{"line":103,"column":4},"end":{"line":106,"column":7}},"13":{"start":{"line":151,"column":0},"end":{"line":175,"column":2}},"14":{"start":{"line":152,"column":2},"end":{"line":174,"column":3}},"15":{"start":{"line":153,"column":24},"end":{"line":156,"column":6}},"16":{"start":{"line":158,"column":4},"end":{"line":163,"column":5}},"17":{"start":{"line":159,"column":6},"end":{"line":162,"column":9}},"18":{"start":{"line":165,"column":4},"end":{"line":168,"column":7}},"19":{"start":{"line":170,"column":4},"end":{"line":170,"column":27}},"20":{"start":{"line":171,"column":4},"end":{"line":173,"column":68}},"21":{"start":{"line":180,"column":0},"end":{"line":219,"column":2}},"22":{"start":{"line":181,"column":2},"end":{"line":218,"column":3}},"23":{"start":{"line":182,"column":4},"end":{"line":182,"column":52}},"24":{"start":{"line":184,"column":24},"end":{"line":184,"column":76}},"25":{"start":{"line":186,"column":4},"end":{"line":191,"column":5}},"26":{"start":{"line":187,"column":6},"end":{"line":190,"column":9}},"27":{"start":{"line":193,"column":4},"end":{"line":193,"column":32}},"28":{"start":{"line":195,"column":33},"end":{"line":195,"column":78}},"29":{"start":{"line":197,"column":4},"end":{"line":202,"column":5}},"30":{"start":{"line":198,"column":6},"end":{"line":201,"column":9}},"31":{"start":{"line":204,"column":4},"end":{"line":204,"column":39}},"32":{"start":{"line":205,"column":4},"end":{"line":205,"column":39}},"33":{"start":{"line":207,"column":24},"end":{"line":207,"column":58}},"34":{"start":{"line":209,"column":4},"end":{"line":212,"column":7}},"35":{"start":{"line":214,"column":4},"end":{"line":214,"column":27}},"36":{"start":{"line":215,"column":4},"end":{"line":217,"column":70}},"37":{"start":{"line":224,"column":0},"end":{"line":260,"column":2}},"38":{"start":{"line":225,"column":2},"end":{"line":259,"column":3}},"39":{"start":{"line":226,"column":22},"end":{"line":226,"column":63}},"40":{"start":{"line":228,"column":4},"end":{"line":233,"column":5}},"41":{"start":{"line":229,"column":6},"end":{"line":232,"column":9}},"42":{"start":{"line":235,"column":4},"end":{"line":243,"column":5}},"43":{"start":{"line":239,"column":6},"end":{"line":242,"column":9}},"44":{"start":{"line":245,"column":4},"end":{"line":248,"column":7}},"45":{"start":{"line":250,"column":4},"end":{"line":253,"column":7}},"46":{"start":{"line":255,"column":4},"end":{"line":255,"column":27}},"47":{"start":{"line":256,"column":4},"end":{"line":258,"column":70}},"48":{"start":{"line":265,"column":0},"end":{"line":296,"column":2}},"49":{"start":{"line":266,"column":2},"end":{"line":295,"column":3}},"50":{"start":{"line":267,"column":24},"end":{"line":267,"column":65}},"51":{"start":{"line":269,"column":4},"end":{"line":274,"column":5}},"52":{"start":{"line":270,"column":6},"end":{"line":273,"column":9}},"53":{"start":{"line":277,"column":4},"end":{"line":285,"column":5}},"54":{"start":{"line":281,"column":6},"end":{"line":284,"column":9}},"55":{"start":{"line":287,"column":4},"end":{"line":287,"column":34}},"56":{"start":{"line":289,"column":4},"end":{"line":289,"column":54}},"57":{"start":{"line":291,"column":4},"end":{"line":291,"column":27}},"58":{"start":{"line":292,"column":4},"end":{"line":294,"column":70}}},"fnMap":{"0":{"name":"(anonymous_0)","decl":{"start":{"line":7,"column":26},"end":{"line":7,"column":27}},"loc":{"start":{"line":7,"column":52},"end":{"line":108,"column":1}},"line":7},"1":{"name":"(anonymous_1)","decl":{"start":{"line":151,"column":25},"end":{"line":151,"column":26}},"loc":{"start":{"line":151,"column":51},"end":{"line":175,"column":1}},"line":151},"2":{"name":"(anonymous_2)","decl":{"start":{"line":180,"column":25},"end":{"line":180,"column":26}},"loc":{"start":{"line":180,"column":51},"end":{"line":219,"column":1}},"line":180},"3":{"name":"(anonymous_3)","decl":{"start":{"line":224,"column":28},"end":{"line":224,"column":29}},"loc":{"start":{"line":224,"column":54},"end":{"line":260,"column":1}},"line":224},"4":{"name":"(anonymous_4)","decl":{"start":{"line":265,"column":28},"end":{"line":265,"column":29}},"loc":{"start":{"line":265,"column":54},"end":{"line":296,"column":1}},"line":265}},"branchMap":{"0":{"loc":{"start":{"line":10,"column":2},"end":{"line":68,"column":3}},"type":"if","locations":[{"start":{"line":10,"column":2},"end":{"line":68,"column":3}},{"start":{"line":29,"column":7},"end":{"line":68,"column":3}}],"line":10},"1":{"loc":{"start":{"line":30,"column":4},"end":{"line":67,"column":5}},"type":"if","locations":[{"start":{"line":30,"column":4},"end":{"line":67,"column":5}},{"start":{"line":50,"column":9},"end":{"line":67,"column":5}}],"line":30},"2":{"loc":{"start":{"line":158,"column":4},"end":{"line":163,"column":5}},"type":"if","locations":[{"start":{"line":158,"column":4},"end":{"line":163,"column":5}},{"start":{},"end":{}}],"line":158},"3":{"loc":{"start":{"line":186,"column":4},"end":{"line":191,"column":5}},"type":"if","locations":[{"start":{"line":186,"column":4},"end":{"line":191,"column":5}},{"start":{},"end":{}}],"line":186},"4":{"loc":{"start":{"line":197,"column":4},"end":{"line":202,"column":5}},"type":"if","locations":[{"start":{"line":197,"column":4},"end":{"line":202,"column":5}},{"start":{},"end":{}}],"line":197},"5":{"loc":{"start":{"line":197,"column":8},"end":{"line":197,"column":69}},"type":"binary-expr","locations":[{"start":{"line":197,"column":8},"end":{"line":197,"column":40}},{"start":{"line":197,"column":44},"end":{"line":197,"column":69}}],"line":197},"6":{"loc":{"start":{"line":228,"column":4},"end":{"line":233,"column":5}},"type":"if","locations":[{"start":{"line":228,"column":4},"end":{"line":233,"column":5}},{"start":{},"end":{}}],"line":228},"7":{"loc":{"start":{"line":235,"column":4},"end":{"line":243,"column":5}},"type":"if","locations":[{"start":{"line":235,"column":4},"end":{"line":243,"column":5}},{"start":{},"end":{}}],"line":235},"8":{"loc":{"start":{"line":236,"column":6},"end":{"line":237,"column":31}},"type":"binary-expr","locations":[{"start":{"line":236,"column":6},"end":{"line":236,"column":49}},{"start":{"line":237,"column":6},"end":{"line":237,"column":31}}],"line":236},"9":{"loc":{"start":{"line":269,"column":4},"end":{"line":274,"column":5}},"type":"if","locations":[{"start":{"line":269,"column":4},"end":{"line":274,"column":5}},{"start":{},"end":{}}],"line":269},"10":{"loc":{"start":{"line":277,"column":4},"end":{"line":285,"column":5}},"type":"if","locations":[{"start":{"line":277,"column":4},"end":{"line":285,"column":5}},{"start":{},"end":{}}],"line":277},"11":{"loc":{"start":{"line":278,"column":6},"end":{"line":279,"column":31}},"type":"binary-expr","locations":[{"start":{"line":278,"column":6},"end":{"line":278,"column":49}},{"start":{"line":279,"column":6},"end":{"line":279,"column":31}}],"line":278}},"s":{"0":1,"1":1,"2":1,"3":0,"4":0,"5":0,"6":0,"7":0,"8":0,"9":0,"10":0,"11":0,"12":0,"13":1,"14":0,"15":0,"16":0,"17":0,"18":0,"19":0,"20":0,"21":1,"22":0,"23":0,"24":0,"25":0,"26":0,"27":0,"28":0,"29":0,"30":0,"31":0,"32":0,"33":0,"34":0,"35":0,"36":0,"37":1,"38":0,"39":0,"40":0,"41":0,"42":0,"43":0,"44":0,"45":0,"46":0,"47":0,"48":1,"49":0,"50":0,"51":0,"52":0,"53":0,"54":0,"55":0,"56":0,"57":0,"58":0},"f":{"0":0,"1":0,"2":0,"3":0,"4":0},"b":{"0":[0,0],"1":[0,0],"2":[0,0],"3":[0,0],"4":[0,0],"5":[0,0],"6":[0,0],"7":[0,0],"8":[0,0],"9":[0,0],"10":[0,0],"11":[0,0]},"_coverageSchema":"1a1c01bbd47fc00a2c39e90264f33305004495a9","hash":"096bdccd9ce99c064976963229cf8ce45f8168b4"}
,"D:\\work\\uni\\year1\\software prac\\project\\project-may-i-scan\\controllers\\reviews.js": {"path":"D:\\work\\uni\\year1\\software prac\\project\\project-may-i-scan\\controllers\\reviews.js","statementMap":{"0":{"start":{"line":1,"column":15},"end":{"line":1,"column":42}},"1":{"start":{"line":2,"column":20},"end":{"line":2,"column":52}},"2":{"start":{"line":7,"column":0},"end":{"line":31,"column":2}},"3":{"start":{"line":8,"column":4},"end":{"line":30,"column":5}},"4":{"start":{"line":11,"column":8},"end":{"line":18,"column":9}},"5":{"start":{"line":12,"column":12},"end":{"line":12,"column":75}},"6":{"start":{"line":14,"column":12},"end":{"line":17,"column":15}},"7":{"start":{"line":20,"column":24},"end":{"line":20,"column":35}},"8":{"start":{"line":22,"column":8},"end":{"line":26,"column":11}},"9":{"start":{"line":28,"column":8},"end":{"line":28,"column":27}},"10":{"start":{"line":29,"column":8},"end":{"line":29,"column":82}},"11":{"start":{"line":36,"column":0},"end":{"line":52,"column":2}},"12":{"start":{"line":37,"column":4},"end":{"line":51,"column":5}},"13":{"start":{"line":38,"column":23},"end":{"line":41,"column":10}},"14":{"start":{"line":43,"column":8},"end":{"line":45,"column":9}},"15":{"start":{"line":44,"column":12},"end":{"line":44,"column":89}},"16":{"start":{"line":47,"column":8},"end":{"line":47,"column":62}},"17":{"start":{"line":49,"column":8},"end":{"line":49,"column":27}},"18":{"start":{"line":50,"column":8},"end":{"line":50,"column":81}},"19":{"start":{"line":57,"column":0},"end":{"line":89,"column":2}},"20":{"start":{"line":58,"column":4},"end":{"line":88,"column":5}},"21":{"start":{"line":59,"column":8},"end":{"line":59,"column":56}},"22":{"start":{"line":60,"column":8},"end":{"line":60,"column":36}},"23":{"start":{"line":62,"column":28},"end":{"line":62,"column":80}},"24":{"start":{"line":63,"column":8},"end":{"line":65,"column":9}},"25":{"start":{"line":64,"column":12},"end":{"line":64,"column":95}},"26":{"start":{"line":67,"column":31},"end":{"line":70,"column":10}},"27":{"start":{"line":72,"column":8},"end":{"line":77,"column":9}},"28":{"start":{"line":73,"column":12},"end":{"line":76,"column":15}},"29":{"start":{"line":79,"column":23},"end":{"line":79,"column":52}},"30":{"start":{"line":81,"column":8},"end":{"line":84,"column":11}},"31":{"start":{"line":86,"column":8},"end":{"line":86,"column":27}},"32":{"start":{"line":87,"column":8},"end":{"line":87,"column":79}},"33":{"start":{"line":95,"column":0},"end":{"line":120,"column":2}},"34":{"start":{"line":96,"column":4},"end":{"line":119,"column":5}},"35":{"start":{"line":97,"column":21},"end":{"line":97,"column":57}},"36":{"start":{"line":99,"column":8},"end":{"line":101,"column":9}},"37":{"start":{"line":100,"column":12},"end":{"line":100,"column":89}},"38":{"start":{"line":103,"column":8},"end":{"line":105,"column":9}},"39":{"start":{"line":104,"column":12},"end":{"line":104,"column":109}},"40":{"start":{"line":107,"column":8},"end":{"line":107,"column":61}},"41":{"start":{"line":107,"column":29},"end":{"line":107,"column":61}},"42":{"start":{"line":108,"column":8},"end":{"line":108,"column":64}},"43":{"start":{"line":108,"column":30},"end":{"line":108,"column":64}},"44":{"start":{"line":110,"column":8},"end":{"line":110,"column":28}},"45":{"start":{"line":112,"column":8},"end":{"line":115,"column":11}},"46":{"start":{"line":117,"column":8},"end":{"line":117,"column":27}},"47":{"start":{"line":118,"column":8},"end":{"line":118,"column":82}},"48":{"start":{"line":126,"column":0},"end":{"line":145,"column":2}},"49":{"start":{"line":127,"column":4},"end":{"line":144,"column":5}},"50":{"start":{"line":128,"column":23},"end":{"line":128,"column":59}},"51":{"start":{"line":130,"column":8},"end":{"line":132,"column":9}},"52":{"start":{"line":131,"column":12},"end":{"line":131,"column":89}},"53":{"start":{"line":134,"column":8},"end":{"line":136,"column":9}},"54":{"start":{"line":135,"column":12},"end":{"line":135,"column":109}},"55":{"start":{"line":138,"column":8},"end":{"line":138,"column":55}},"56":{"start":{"line":140,"column":8},"end":{"line":140,"column":88}},"57":{"start":{"line":142,"column":8},"end":{"line":142,"column":27}},"58":{"start":{"line":143,"column":8},"end":{"line":143,"column":82}}},"fnMap":{"0":{"name":"(anonymous_0)","decl":{"start":{"line":7,"column":21},"end":{"line":7,"column":22}},"loc":{"start":{"line":7,"column":47},"end":{"line":31,"column":1}},"line":7},"1":{"name":"(anonymous_1)","decl":{"start":{"line":36,"column":20},"end":{"line":36,"column":21}},"loc":{"start":{"line":36,"column":46},"end":{"line":52,"column":1}},"line":36},"2":{"name":"(anonymous_2)","decl":{"start":{"line":57,"column":20},"end":{"line":57,"column":21}},"loc":{"start":{"line":57,"column":46},"end":{"line":89,"column":1}},"line":57},"3":{"name":"(anonymous_3)","decl":{"start":{"line":95,"column":23},"end":{"line":95,"column":24}},"loc":{"start":{"line":95,"column":49},"end":{"line":120,"column":1}},"line":95},"4":{"name":"(anonymous_4)","decl":{"start":{"line":126,"column":23},"end":{"line":126,"column":24}},"loc":{"start":{"line":126,"column":49},"end":{"line":145,"column":1}},"line":126}},"branchMap":{"0":{"loc":{"start":{"line":11,"column":8},"end":{"line":18,"column":9}},"type":"if","locations":[{"start":{"line":11,"column":8},"end":{"line":18,"column":9}},{"start":{"line":13,"column":15},"end":{"line":18,"column":9}}],"line":11},"1":{"loc":{"start":{"line":43,"column":8},"end":{"line":45,"column":9}},"type":"if","locations":[{"start":{"line":43,"column":8},"end":{"line":45,"column":9}},{"start":{},"end":{}}],"line":43},"2":{"loc":{"start":{"line":63,"column":8},"end":{"line":65,"column":9}},"type":"if","locations":[{"start":{"line":63,"column":8},"end":{"line":65,"column":9}},{"start":{},"end":{}}],"line":63},"3":{"loc":{"start":{"line":72,"column":8},"end":{"line":77,"column":9}},"type":"if","locations":[{"start":{"line":72,"column":8},"end":{"line":77,"column":9}},{"start":{},"end":{}}],"line":72},"4":{"loc":{"start":{"line":99,"column":8},"end":{"line":101,"column":9}},"type":"if","locations":[{"start":{"line":99,"column":8},"end":{"line":101,"column":9}},{"start":{},"end":{}}],"line":99},"5":{"loc":{"start":{"line":103,"column":8},"end":{"line":105,"column":9}},"type":"if","locations":[{"start":{"line":103,"column":8},"end":{"line":105,"column":9}},{"start":{},"end":{}}],"line":103},"6":{"loc":{"start":{"line":103,"column":12},"end":{"line":103,"column":79}},"type":"binary-expr","locations":[{"start":{"line":103,"column":12},"end":{"line":103,"column":50}},{"start":{"line":103,"column":54},"end":{"line":103,"column":79}}],"line":103},"7":{"loc":{"start":{"line":107,"column":8},"end":{"line":107,"column":61}},"type":"if","locations":[{"start":{"line":107,"column":8},"end":{"line":107,"column":61}},{"start":{},"end":{}}],"line":107},"8":{"loc":{"start":{"line":108,"column":8},"end":{"line":108,"column":64}},"type":"if","locations":[{"start":{"line":108,"column":8},"end":{"line":108,"column":64}},{"start":{},"end":{}}],"line":108},"9":{"loc":{"start":{"line":130,"column":8},"end":{"line":132,"column":9}},"type":"if","locations":[{"start":{"line":130,"column":8},"end":{"line":132,"column":9}},{"start":{},"end":{}}],"line":130},"10":{"loc":{"start":{"line":134,"column":8},"end":{"line":136,"column":9}},"type":"if","locations":[{"start":{"line":134,"column":8},"end":{"line":136,"column":9}},{"start":{},"end":{}}],"line":134},"11":{"loc":{"start":{"line":134,"column":12},"end":{"line":134,"column":79}},"type":"binary-expr","locations":[{"start":{"line":134,"column":12},"end":{"line":134,"column":50}},{"start":{"line":134,"column":54},"end":{"line":134,"column":79}}],"line":134}},"s":{"0":1,"1":1,"2":1,"3":0,"4":0,"5":0,"6":0,"7":0,"8":0,"9":0,"10":0,"11":1,"12":0,"13":0,"14":0,"15":0,"16":0,"17":0,"18":0,"19":1,"20":0,"21":0,"22":0,"23":0,"24":0,"25":0,"26":0,"27":0,"28":0,"29":0,"30":0,"31":0,"32":0,"33":1,"34":0,"35":0,"36":0,"37":0,"38":0,"39":0,"40":0,"41":0,"42":0,"43":0,"44":0,"45":0,"46":0,"47":0,"48":1,"49":0,"50":0,"51":0,"52":0,"53":0,"54":0,"55":0,"56":0,"57":0,"58":0},"f":{"0":0,"1":0,"2":0,"3":0,"4":0},"b":{"0":[0,0],"1":[0,0],"2":[0,0],"3":[0,0],"4":[0,0],"5":[0,0],"6":[0,0],"7":[0,0],"8":[0,0],"9":[0,0],"10":[0,0],"11":[0,0]},"_coverageSchema":"1a1c01bbd47fc00a2c39e90264f33305004495a9","hash":"fa9e31265414d283facaf38d2e580f948288d3ef"}
,"D:\\work\\uni\\year1\\software prac\\project\\project-may-i-scan\\controllers\\therapists.js": {"path":"D:\\work\\uni\\year1\\software prac\\project\\project-may-i-scan\\controllers\\therapists.js","statementMap":{"0":{"start":{"line":1,"column":18},"end":{"line":1,"column":48}},"1":{"start":{"line":2,"column":13},"end":{"line":2,"column":38}},"2":{"start":{"line":3,"column":20},"end":{"line":3,"column":52}},"3":{"start":{"line":8,"column":0},"end":{"line":49,"column":2}},"4":{"start":{"line":9,"column":2},"end":{"line":48,"column":3}},"5":{"start":{"line":10,"column":22},"end":{"line":10,"column":78}},"6":{"start":{"line":13,"column":4},"end":{"line":18,"column":5}},"7":{"start":{"line":14,"column":6},"end":{"line":17,"column":9}},"8":{"start":{"line":21,"column":6},"end":{"line":21,"column":71}},"9":{"start":{"line":23,"column":20},"end":{"line":23,"column":65}},"10":{"start":{"line":24,"column":20},"end":{"line":24,"column":45}},"11":{"start":{"line":26,"column":4},"end":{"line":26,"column":51}},"12":{"start":{"line":27,"column":4},"end":{"line":27,"column":45}},"13":{"start":{"line":28,"column":4},"end":{"line":28,"column":37}},"14":{"start":{"line":29,"column":4},"end":{"line":29,"column":37}},"15":{"start":{"line":31,"column":4},"end":{"line":36,"column":5}},"16":{"start":{"line":32,"column":6},"end":{"line":35,"column":9}},"17":{"start":{"line":38,"column":4},"end":{"line":41,"column":7}},"18":{"start":{"line":43,"column":4},"end":{"line":43,"column":46}},"19":{"start":{"line":44,"column":4},"end":{"line":47,"column":7}},"20":{"start":{"line":57,"column":0},"end":{"line":143,"column":2}},"21":{"start":{"line":58,"column":2},"end":{"line":142,"column":3}},"22":{"start":{"line":59,"column":24},"end":{"line":59,"column":37}},"23":{"start":{"line":61,"column":22},"end":{"line":61,"column":59}},"24":{"start":{"line":62,"column":4},"end":{"line":66,"column":5}},"25":{"start":{"line":63,"column":6},"end":{"line":65,"column":66}},"26":{"start":{"line":68,"column":17},"end":{"line":68,"column":52}},"27":{"start":{"line":69,"column":4},"end":{"line":73,"column":5}},"28":{"start":{"line":70,"column":6},"end":{"line":72,"column":61}},"29":{"start":{"line":75,"column":20},"end":{"line":75,"column":61}},"30":{"start":{"line":76,"column":20},"end":{"line":76,"column":45}},"31":{"start":{"line":78,"column":4},"end":{"line":83,"column":5}},"32":{"start":{"line":79,"column":6},"end":{"line":82,"column":9}},"33":{"start":{"line":85,"column":20},"end":{"line":85,"column":35}},"34":{"start":{"line":88,"column":4},"end":{"line":101,"column":5}},"35":{"start":{"line":89,"column":6},"end":{"line":89,"column":26}},"36":{"start":{"line":92,"column":6},"end":{"line":94,"column":7}},"37":{"start":{"line":93,"column":8},"end":{"line":93,"column":29}},"38":{"start":{"line":96,"column":6},"end":{"line":100,"column":7}},"39":{"start":{"line":97,"column":8},"end":{"line":97,"column":37}},"40":{"start":{"line":98,"column":8},"end":{"line":98,"column":35}},"41":{"start":{"line":99,"column":8},"end":{"line":99,"column":40}},"42":{"start":{"line":103,"column":35},"end":{"line":115,"column":5}},"43":{"start":{"line":117,"column":4},"end":{"line":121,"column":7}},"44":{"start":{"line":118,"column":6},"end":{"line":120,"column":7}},"45":{"start":{"line":119,"column":8},"end":{"line":119,"column":42}},"46":{"start":{"line":123,"column":4},"end":{"line":123,"column":27}},"47":{"start":{"line":126,"column":30},"end":{"line":126,"column":74}},"48":{"start":{"line":127,"column":4},"end":{"line":131,"column":7}},"49":{"start":{"line":128,"column":6},"end":{"line":130,"column":7}},"50":{"start":{"line":129,"column":8},"end":{"line":129,"column":37}},"51":{"start":{"line":133,"column":4},"end":{"line":133,"column":22}},"52":{"start":{"line":135,"column":4},"end":{"line":138,"column":7}},"53":{"start":{"line":140,"column":4},"end":{"line":140,"column":50}},"54":{"start":{"line":141,"column":4},"end":{"line":141,"column":70}},"55":{"start":{"line":148,"column":0},"end":{"line":164,"column":2}},"56":{"start":{"line":149,"column":2},"end":{"line":163,"column":3}},"57":{"start":{"line":150,"column":30},"end":{"line":152,"column":23}},"58":{"start":{"line":154,"column":4},"end":{"line":157,"column":7}},"59":{"start":{"line":159,"column":4},"end":{"line":159,"column":56}},"60":{"start":{"line":160,"column":4},"end":{"line":162,"column":78}},"61":{"start":{"line":169,"column":0},"end":{"line":189,"column":2}},"62":{"start":{"line":170,"column":2},"end":{"line":188,"column":3}},"63":{"start":{"line":171,"column":22},"end":{"line":171,"column":61}},"64":{"start":{"line":173,"column":4},"end":{"line":177,"column":5}},"65":{"start":{"line":174,"column":6},"end":{"line":176,"column":66}},"66":{"start":{"line":179,"column":4},"end":{"line":179,"column":33}},"67":{"start":{"line":181,"column":4},"end":{"line":181,"column":27}},"68":{"start":{"line":183,"column":4},"end":{"line":185,"column":75}},"69":{"start":{"line":187,"column":4},"end":{"line":187,"column":80}},"70":{"start":{"line":194,"column":0},"end":{"line":214,"column":2}},"71":{"start":{"line":195,"column":2},"end":{"line":213,"column":3}},"72":{"start":{"line":196,"column":22},"end":{"line":196,"column":61}},"73":{"start":{"line":198,"column":4},"end":{"line":202,"column":5}},"74":{"start":{"line":199,"column":6},"end":{"line":201,"column":66}},"75":{"start":{"line":204,"column":4},"end":{"line":204,"column":33}},"76":{"start":{"line":206,"column":4},"end":{"line":206,"column":27}},"77":{"start":{"line":208,"column":4},"end":{"line":210,"column":75}},"78":{"start":{"line":212,"column":4},"end":{"line":212,"column":79}},"79":{"start":{"line":219,"column":0},"end":{"line":237,"column":2}},"80":{"start":{"line":220,"column":2},"end":{"line":236,"column":3}},"81":{"start":{"line":222,"column":21},"end":{"line":222,"column":23}},"82":{"start":{"line":223,"column":4},"end":{"line":225,"column":5}},"83":{"start":{"line":224,"column":6},"end":{"line":224,"column":39}},"84":{"start":{"line":227,"column":23},"end":{"line":227,"column":70}},"85":{"start":{"line":229,"column":4},"end":{"line":233,"column":7}},"86":{"start":{"line":235,"column":4},"end":{"line":235,"column":67}},"87":{"start":{"line":242,"column":0},"end":{"line":258,"column":2}},"88":{"start":{"line":243,"column":2},"end":{"line":257,"column":3}},"89":{"start":{"line":244,"column":31},"end":{"line":246,"column":23}},"90":{"start":{"line":248,"column":4},"end":{"line":251,"column":7}},"91":{"start":{"line":253,"column":4},"end":{"line":253,"column":57}},"92":{"start":{"line":254,"column":4},"end":{"line":256,"column":78}},"93":{"start":{"line":264,"column":0},"end":{"line":280,"column":2}},"94":{"start":{"line":265,"column":2},"end":{"line":279,"column":3}},"95":{"start":{"line":266,"column":31},"end":{"line":268,"column":23}},"96":{"start":{"line":270,"column":4},"end":{"line":273,"column":7}},"97":{"start":{"line":275,"column":4},"end":{"line":275,"column":57}},"98":{"start":{"line":276,"column":4},"end":{"line":278,"column":78}},"99":{"start":{"line":285,"column":0},"end":{"line":324,"column":2}},"100":{"start":{"line":286,"column":2},"end":{"line":323,"column":3}},"101":{"start":{"line":287,"column":22},"end":{"line":287,"column":61}},"102":{"start":{"line":288,"column":4},"end":{"line":293,"column":5}},"103":{"start":{"line":289,"column":6},"end":{"line":292,"column":9}},"104":{"start":{"line":296,"column":6},"end":{"line":296,"column":67}},"105":{"start":{"line":298,"column":20},"end":{"line":298,"column":63}},"106":{"start":{"line":299,"column":20},"end":{"line":299,"column":45}},"107":{"start":{"line":301,"column":4},"end":{"line":307,"column":5}},"108":{"start":{"line":302,"column":6},"end":{"line":302,"column":27}},"109":{"start":{"line":303,"column":6},"end":{"line":306,"column":9}},"110":{"start":{"line":309,"column":4},"end":{"line":309,"column":50}},"111":{"start":{"line":311,"column":4},"end":{"line":311,"column":53}},"112":{"start":{"line":313,"column":4},"end":{"line":316,"column":7}},"113":{"start":{"line":318,"column":4},"end":{"line":318,"column":49}},"114":{"start":{"line":319,"column":4},"end":{"line":322,"column":7}},"115":{"start":{"line":358,"column":0},"end":{"line":385,"column":2}},"116":{"start":{"line":359,"column":2},"end":{"line":384,"column":3}},"117":{"start":{"line":360,"column":4},"end":{"line":364,"column":5}},"118":{"start":{"line":361,"column":6},"end":{"line":363,"column":61}},"119":{"start":{"line":366,"column":22},"end":{"line":366,"column":68}},"120":{"start":{"line":367,"column":4},"end":{"line":371,"column":5}},"121":{"start":{"line":368,"column":6},"end":{"line":370,"column":64}},"122":{"start":{"line":373,"column":25},"end":{"line":375,"column":56}},"123":{"start":{"line":376,"column":4},"end":{"line":380,"column":7}},"124":{"start":{"line":382,"column":4},"end":{"line":382,"column":23}},"125":{"start":{"line":383,"column":4},"end":{"line":383,"column":70}}},"fnMap":{"0":{"name":"(anonymous_0)","decl":{"start":{"line":8,"column":23},"end":{"line":8,"column":24}},"loc":{"start":{"line":8,"column":49},"end":{"line":49,"column":1}},"line":8},"1":{"name":"(anonymous_1)","decl":{"start":{"line":57,"column":26},"end":{"line":57,"column":27}},"loc":{"start":{"line":57,"column":52},"end":{"line":143,"column":1}},"line":57},"2":{"name":"(anonymous_2)","decl":{"start":{"line":117,"column":35},"end":{"line":117,"column":36}},"loc":{"start":{"line":117,"column":46},"end":{"line":121,"column":5}},"line":117},"3":{"name":"(anonymous_3)","decl":{"start":{"line":127,"column":30},"end":{"line":127,"column":31}},"loc":{"start":{"line":127,"column":41},"end":{"line":131,"column":5}},"line":127},"4":{"name":"(anonymous_4)","decl":{"start":{"line":148,"column":31},"end":{"line":148,"column":32}},"loc":{"start":{"line":148,"column":57},"end":{"line":164,"column":1}},"line":148},"5":{"name":"(anonymous_5)","decl":{"start":{"line":169,"column":26},"end":{"line":169,"column":27}},"loc":{"start":{"line":169,"column":52},"end":{"line":189,"column":1}},"line":169},"6":{"name":"(anonymous_6)","decl":{"start":{"line":194,"column":26},"end":{"line":194,"column":27}},"loc":{"start":{"line":194,"column":52},"end":{"line":214,"column":1}},"line":194},"7":{"name":"(anonymous_7)","decl":{"start":{"line":219,"column":24},"end":{"line":219,"column":25}},"loc":{"start":{"line":219,"column":50},"end":{"line":237,"column":1}},"line":219},"8":{"name":"(anonymous_8)","decl":{"start":{"line":242,"column":32},"end":{"line":242,"column":33}},"loc":{"start":{"line":242,"column":58},"end":{"line":258,"column":1}},"line":242},"9":{"name":"(anonymous_9)","decl":{"start":{"line":264,"column":32},"end":{"line":264,"column":33}},"loc":{"start":{"line":264,"column":58},"end":{"line":280,"column":1}},"line":264},"10":{"name":"(anonymous_10)","decl":{"start":{"line":285,"column":26},"end":{"line":285,"column":27}},"loc":{"start":{"line":285,"column":52},"end":{"line":324,"column":1}},"line":285},"11":{"name":"(anonymous_11)","decl":{"start":{"line":358,"column":35},"end":{"line":358,"column":36}},"loc":{"start":{"line":358,"column":61},"end":{"line":385,"column":1}},"line":358}},"branchMap":{"0":{"loc":{"start":{"line":13,"column":4},"end":{"line":18,"column":5}},"type":"if","locations":[{"start":{"line":13,"column":4},"end":{"line":18,"column":5}},{"start":{},"end":{}}],"line":13},"1":{"loc":{"start":{"line":21,"column":6},"end":{"line":21,"column":71}},"type":"binary-expr","locations":[{"start":{"line":21,"column":6},"end":{"line":21,"column":39}},{"start":{"line":21,"column":43},"end":{"line":21,"column":71}}],"line":21},"2":{"loc":{"start":{"line":31,"column":4},"end":{"line":36,"column":5}},"type":"if","locations":[{"start":{"line":31,"column":4},"end":{"line":36,"column":5}},{"start":{},"end":{}}],"line":31},"3":{"loc":{"start":{"line":31,"column":8},"end":{"line":31,"column":28}},"type":"binary-expr","locations":[{"start":{"line":31,"column":8},"end":{"line":31,"column":16}},{"start":{"line":31,"column":20},"end":{"line":31,"column":28}}],"line":31},"4":{"loc":{"start":{"line":62,"column":4},"end":{"line":66,"column":5}},"type":"if","locations":[{"start":{"line":62,"column":4},"end":{"line":66,"column":5}},{"start":{},"end":{}}],"line":62},"5":{"loc":{"start":{"line":69,"column":4},"end":{"line":73,"column":5}},"type":"if","locations":[{"start":{"line":69,"column":4},"end":{"line":73,"column":5}},{"start":{},"end":{}}],"line":69},"6":{"loc":{"start":{"line":78,"column":4},"end":{"line":83,"column":5}},"type":"if","locations":[{"start":{"line":78,"column":4},"end":{"line":83,"column":5}},{"start":{},"end":{}}],"line":78},"7":{"loc":{"start":{"line":78,"column":8},"end":{"line":78,"column":28}},"type":"binary-expr","locations":[{"start":{"line":78,"column":8},"end":{"line":78,"column":16}},{"start":{"line":78,"column":20},"end":{"line":78,"column":28}}],"line":78},"8":{"loc":{"start":{"line":88,"column":4},"end":{"line":101,"column":5}},"type":"if","locations":[{"start":{"line":88,"column":4},"end":{"line":101,"column":5}},{"start":{},"end":{}}],"line":88},"9":{"loc":{"start":{"line":92,"column":6},"end":{"line":94,"column":7}},"type":"if","locations":[{"start":{"line":92,"column":6},"end":{"line":94,"column":7}},{"start":{},"end":{}}],"line":92},"10":{"loc":{"start":{"line":96,"column":6},"end":{"line":100,"column":7}},"type":"if","locations":[{"start":{"line":96,"column":6},"end":{"line":100,"column":7}},{"start":{},"end":{}}],"line":96},"11":{"loc":{"start":{"line":118,"column":6},"end":{"line":120,"column":7}},"type":"if","locations":[{"start":{"line":118,"column":6},"end":{"line":120,"column":7}},{"start":{},"end":{}}],"line":118},"12":{"loc":{"start":{"line":128,"column":6},"end":{"line":130,"column":7}},"type":"if","locations":[{"start":{"line":128,"column":6},"end":{"line":130,"column":7}},{"start":{},"end":{}}],"line":128},"13":{"loc":{"start":{"line":173,"column":4},"end":{"line":177,"column":5}},"type":"if","locations":[{"start":{"line":173,"column":4},"end":{"line":177,"column":5}},{"start":{},"end":{}}],"line":173},"14":{"loc":{"start":{"line":198,"column":4},"end":{"line":202,"column":5}},"type":"if","locations":[{"start":{"line":198,"column":4},"end":{"line":202,"column":5}},{"start":{},"end":{}}],"line":198},"15":{"loc":{"start":{"line":223,"column":4},"end":{"line":225,"column":5}},"type":"if","locations":[{"start":{"line":223,"column":4},"end":{"line":225,"column":5}},{"start":{},"end":{}}],"line":223},"16":{"loc":{"start":{"line":288,"column":4},"end":{"line":293,"column":5}},"type":"if","locations":[{"start":{"line":288,"column":4},"end":{"line":293,"column":5}},{"start":{},"end":{}}],"line":288},"17":{"loc":{"start":{"line":296,"column":6},"end":{"line":296,"column":67}},"type":"binary-expr","locations":[{"start":{"line":296,"column":6},"end":{"line":296,"column":37}},{"start":{"line":296,"column":41},"end":{"line":296,"column":67}}],"line":296},"18":{"loc":{"start":{"line":301,"column":4},"end":{"line":307,"column":5}},"type":"if","locations":[{"start":{"line":301,"column":4},"end":{"line":307,"column":5}},{"start":{},"end":{}}],"line":301},"19":{"loc":{"start":{"line":301,"column":8},"end":{"line":301,"column":28}},"type":"binary-expr","locations":[{"start":{"line":301,"column":8},"end":{"line":301,"column":16}},{"start":{"line":301,"column":20},"end":{"line":301,"column":28}}],"line":301},"20":{"loc":{"start":{"line":360,"column":4},"end":{"line":364,"column":5}},"type":"if","locations":[{"start":{"line":360,"column":4},"end":{"line":364,"column":5}},{"start":{},"end":{}}],"line":360},"21":{"loc":{"start":{"line":367,"column":4},"end":{"line":371,"column":5}},"type":"if","locations":[{"start":{"line":367,"column":4},"end":{"line":371,"column":5}},{"start":{},"end":{}}],"line":367}},"s":{"0":1,"1":1,"2":1,"3":1,"4":0,"5":0,"6":0,"7":0,"8":0,"9":0,"10":0,"11":0,"12":0,"13":0,"14":0,"15":0,"16":0,"17":0,"18":0,"19":0,"20":1,"21":0,"22":0,"23":0,"24":0,"25":0,"26":0,"27":0,"28":0,"29":0,"30":0,"31":0,"32":0,"33":0,"34":0,"35":0,"36":0,"37":0,"38":0,"39":0,"40":0,"41":0,"42":0,"43":0,"44":0,"45":0,"46":0,"47":0,"48":0,"49":0,"50":0,"51":0,"52":0,"53":0,"54":0,"55":1,"56":0,"57":0,"58":0,"59":0,"60":0,"61":1,"62":0,"63":0,"64":0,"65":0,"66":0,"67":0,"68":0,"69":0,"70":1,"71":0,"72":0,"73":0,"74":0,"75":0,"76":0,"77":0,"78":0,"79":1,"80":0,"81":0,"82":0,"83":0,"84":0,"85":0,"86":0,"87":1,"88":1,"89":1,"90":1,"91":0,"92":0,"93":1,"94":0,"95":0,"96":0,"97":0,"98":0,"99":1,"100":0,"101":0,"102":0,"103":0,"104":0,"105":0,"106":0,"107":0,"108":0,"109":0,"110":0,"111":0,"112":0,"113":0,"114":0,"115":1,"116":0,"117":0,"118":0,"119":0,"120":0,"121":0,"122":0,"123":0,"124":0,"125":0},"f":{"0":0,"1":0,"2":0,"3":0,"4":0,"5":0,"6":0,"7":0,"8":1,"9":0,"10":0,"11":0},"b":{"0":[0,0],"1":[0,0],"2":[0,0],"3":[0,0],"4":[0,0],"5":[0,0],"6":[0,0],"7":[0,0],"8":[0,0],"9":[0,0],"10":[0,0],"11":[0,0],"12":[0,0],"13":[0,0],"14":[0,0],"15":[0,0],"16":[0,0],"17":[0,0],"18":[0,0],"19":[0,0],"20":[0,0],"21":[0,0]},"_coverageSchema":"1a1c01bbd47fc00a2c39e90264f33305004495a9","hash":"acad982104d3a15f1e0251fe3254ddb275feae83"}
,"D:\\work\\uni\\year1\\software prac\\project\\project-may-i-scan\\middleware\\auth.js": {"path":"D:\\work\\uni\\year1\\software prac\\project\\project-may-i-scan\\middleware\\auth.js","statementMap":{"0":{"start":{"line":1,"column":12},"end":{"line":1,"column":35}},"1":{"start":{"line":2,"column":12},"end":{"line":2,"column":37}},"2":{"start":{"line":3,"column":18},"end":{"line":3,"column":48}},"3":{"start":{"line":7,"column":0},"end":{"line":35,"column":4}},"4":{"start":{"line":10,"column":4},"end":{"line":15,"column":5}},"5":{"start":{"line":14,"column":6},"end":{"line":14,"column":54}},"6":{"start":{"line":17,"column":4},"end":{"line":19,"column":5}},"7":{"start":{"line":18,"column":6},"end":{"line":18,"column":81}},"8":{"start":{"line":21,"column":4},"end":{"line":34,"column":5}},"9":{"start":{"line":22,"column":22},"end":{"line":22,"column":63}},"10":{"start":{"line":24,"column":6},"end":{"line":24,"column":45}},"11":{"start":{"line":26,"column":6},"end":{"line":29,"column":8}},"12":{"start":{"line":31,"column":6},"end":{"line":31,"column":13}},"13":{"start":{"line":33,"column":6},"end":{"line":33,"column":80}},"14":{"start":{"line":38,"column":0},"end":{"line":46,"column":1}},"15":{"start":{"line":39,"column":4},"end":{"line":45,"column":5}},"16":{"start":{"line":40,"column":8},"end":{"line":40,"column":35}},"17":{"start":{"line":41,"column":8},"end":{"line":43,"column":9}},"18":{"start":{"line":42,"column":12},"end":{"line":42,"column":137}},"19":{"start":{"line":44,"column":8},"end":{"line":44,"column":15}}},"fnMap":{"0":{"name":"(anonymous_0)","decl":{"start":{"line":7,"column":18},"end":{"line":7,"column":19}},"loc":{"start":{"line":7,"column":44},"end":{"line":35,"column":3}},"line":7},"1":{"name":"(anonymous_1)","decl":{"start":{"line":38,"column":18},"end":{"line":38,"column":19}},"loc":{"start":{"line":38,"column":32},"end":{"line":46,"column":1}},"line":38},"2":{"name":"(anonymous_2)","decl":{"start":{"line":39,"column":11},"end":{"line":39,"column":12}},"loc":{"start":{"line":39,"column":27},"end":{"line":45,"column":5}},"line":39}},"branchMap":{"0":{"loc":{"start":{"line":10,"column":4},"end":{"line":15,"column":5}},"type":"if","locations":[{"start":{"line":10,"column":4},"end":{"line":15,"column":5}},{"start":{},"end":{}}],"line":10},"1":{"loc":{"start":{"line":11,"column":6},"end":{"line":12,"column":52}},"type":"binary-expr","locations":[{"start":{"line":11,"column":6},"end":{"line":11,"column":31}},{"start":{"line":12,"column":6},"end":{"line":12,"column":52}}],"line":11},"2":{"loc":{"start":{"line":17,"column":4},"end":{"line":19,"column":5}},"type":"if","locations":[{"start":{"line":17,"column":4},"end":{"line":19,"column":5}},{"start":{},"end":{}}],"line":17},"3":{"loc":{"start":{"line":41,"column":8},"end":{"line":43,"column":9}},"type":"if","locations":[{"start":{"line":41,"column":8},"end":{"line":43,"column":9}},{"start":{},"end":{}}],"line":41}},"s":{"0":1,"1":1,"2":1,"3":1,"4":0,"5":0,"6":0,"7":0,"8":0,"9":0,"10":0,"11":0,"12":0,"13":0,"14":1,"15":15,"16":0,"17":0,"18":0,"19":0},"f":{"0":0,"1":15,"2":0},"b":{"0":[0,0],"1":[0,0],"2":[0,0],"3":[0,0]},"_coverageSchema":"1a1c01bbd47fc00a2c39e90264f33305004495a9","hash":"0ba637cb1a80c22aab3cb562ca94a338aa4abdc8"}
,"D:\\work\\uni\\year1\\software prac\\project\\project-may-i-scan\\models\\MassageShop.js": {"path":"D:\\work\\uni\\year1\\software prac\\project\\project-may-i-scan\\models\\MassageShop.js","statementMap":{"0":{"start":{"line":1,"column":17},"end":{"line":1,"column":36}},"1":{"start":{"line":3,"column":26},"end":{"line":37,"column":2}},"2":{"start":{"line":39,"column":0},"end":{"line":44,"column":3}},"3":{"start":{"line":46,"column":0},"end":{"line":46,"column":64}}},"fnMap":{},"branchMap":{},"s":{"0":1,"1":1,"2":1,"3":1},"f":{},"b":{},"_coverageSchema":"1a1c01bbd47fc00a2c39e90264f33305004495a9","hash":"d447903078346b4589a85732b8596367dcacd1a6"}
,"D:\\work\\uni\\year1\\software prac\\project\\project-may-i-scan\\models\\Reservation.js": {"path":"D:\\work\\uni\\year1\\software prac\\project\\project-may-i-scan\\models\\Reservation.js","statementMap":{"0":{"start":{"line":1,"column":17},"end":{"line":1,"column":36}},"1":{"start":{"line":3,"column":26},"end":{"line":52,"column":2}},"2":{"start":{"line":54,"column":0},"end":{"line":54,"column":66}}},"fnMap":{},"branchMap":{},"s":{"0":1,"1":1,"2":1},"f":{},"b":{},"_coverageSchema":"1a1c01bbd47fc00a2c39e90264f33305004495a9","hash":"8a0af937fe2e29d31c7611bc29054986a3861f51"}
,"D:\\work\\uni\\year1\\software prac\\project\\project-may-i-scan\\models\\Review.js": {"path":"D:\\work\\uni\\year1\\software prac\\project\\project-may-i-scan\\models\\Review.js","statementMap":{"0":{"start":{"line":1,"column":17},"end":{"line":1,"column":36}},"1":{"start":{"line":3,"column":21},"end":{"line":28,"column":2}},"2":{"start":{"line":30,"column":0},"end":{"line":43,"column":2}},"3":{"start":{"line":31,"column":16},"end":{"line":34,"column":6}},"4":{"start":{"line":36,"column":4},"end":{"line":42,"column":5}},"5":{"start":{"line":37,"column":8},"end":{"line":39,"column":11}},"6":{"start":{"line":41,"column":8},"end":{"line":41,"column":27}},"7":{"start":{"line":45,"column":0},"end":{"line":47,"column":3}},"8":{"start":{"line":46,"column":4},"end":{"line":46,"column":56}},"9":{"start":{"line":49,"column":0},"end":{"line":49,"column":56}}},"fnMap":{"0":{"name":"(anonymous_0)","decl":{"start":{"line":30,"column":40},"end":{"line":30,"column":41}},"loc":{"start":{"line":30,"column":63},"end":{"line":43,"column":1}},"line":30},"1":{"name":"(anonymous_1)","decl":{"start":{"line":45,"column":26},"end":{"line":45,"column":27}},"loc":{"start":{"line":45,"column":37},"end":{"line":47,"column":1}},"line":45}},"branchMap":{"0":{"loc":{"start":{"line":38,"column":27},"end":{"line":38,"column":68}},"type":"cond-expr","locations":[{"start":{"line":38,"column":44},"end":{"line":38,"column":64}},{"start":{"line":38,"column":67},"end":{"line":38,"column":68}}],"line":38}},"s":{"0":1,"1":1,"2":1,"3":0,"4":0,"5":0,"6":0,"7":1,"8":0,"9":1},"f":{"0":0,"1":0},"b":{"0":[0,0]},"_coverageSchema":"1a1c01bbd47fc00a2c39e90264f33305004495a9","hash":"828151355398c87bb35f566398ebd5ecc2c22905"}
,"D:\\work\\uni\\year1\\software prac\\project\\project-may-i-scan\\models\\Therapist.js": {"path":"D:\\work\\uni\\year1\\software prac\\project\\project-may-i-scan\\models\\Therapist.js","statementMap":{"0":{"start":{"line":1,"column":17},"end":{"line":1,"column":36}},"1":{"start":{"line":2,"column":15},"end":{"line":2,"column":34}},"2":{"start":{"line":3,"column":12},"end":{"line":3,"column":35}},"3":{"start":{"line":5,"column":24},"end":{"line":60,"column":2}},"4":{"start":{"line":62,"column":0},"end":{"line":62,"column":62}}},"fnMap":{},"branchMap":{},"s":{"0":1,"1":1,"2":1,"3":1,"4":1},"f":{},"b":{},"_coverageSchema":"1a1c01bbd47fc00a2c39e90264f33305004495a9","hash":"c317e400094a7ed42c32a2ca1fa75f5c98eefc5e"}
,"D:\\work\\uni\\year1\\software prac\\project\\project-may-i-scan\\models\\User.js": {"path":"D:\\work\\uni\\year1\\software prac\\project\\project-may-i-scan\\models\\User.js","statementMap":{"0":{"start":{"line":1,"column":17},"end":{"line":1,"column":36}},"1":{"start":{"line":2,"column":15},"end":{"line":2,"column":34}},"2":{"start":{"line":3,"column":12},"end":{"line":3,"column":35}},"3":{"start":{"line":5,"column":19},"end":{"line":42,"column":2}},"4":{"start":{"line":48,"column":0},"end":{"line":59,"column":5}},"5":{"start":{"line":50,"column":4},"end":{"line":50,"column":52}},"6":{"start":{"line":50,"column":38},"end":{"line":50,"column":52}},"7":{"start":{"line":52,"column":4},"end":{"line":54,"column":5}},"8":{"start":{"line":53,"column":6},"end":{"line":53,"column":64}},"9":{"start":{"line":56,"column":17},"end":{"line":56,"column":41}},"10":{"start":{"line":57,"column":4},"end":{"line":57,"column":59}},"11":{"start":{"line":58,"column":4},"end":{"line":58,"column":11}},"12":{"start":{"line":62,"column":2},"end":{"line":73,"column":4}},"13":{"start":{"line":63,"column":4},"end":{"line":72,"column":6}},"14":{"start":{"line":75,"column":0},"end":{"line":77,"column":1}},"15":{"start":{"line":76,"column":4},"end":{"line":76,"column":64}},"16":{"start":{"line":79,"column":0},"end":{"line":79,"column":52}}},"fnMap":{"0":{"name":"(anonymous_0)","decl":{"start":{"line":48,"column":23},"end":{"line":48,"column":24}},"loc":{"start":{"line":48,"column":45},"end":{"line":59,"column":3}},"line":48},"1":{"name":"(anonymous_1)","decl":{"start":{"line":62,"column":41},"end":{"line":62,"column":42}},"loc":{"start":{"line":62,"column":53},"end":{"line":73,"column":3}},"line":62},"2":{"name":"(anonymous_2)","decl":{"start":{"line":75,"column":35},"end":{"line":75,"column":36}},"loc":{"start":{"line":75,"column":68},"end":{"line":77,"column":1}},"line":75}},"branchMap":{"0":{"loc":{"start":{"line":50,"column":4},"end":{"line":50,"column":52}},"type":"if","locations":[{"start":{"line":50,"column":4},"end":{"line":50,"column":52}},{"start":{},"end":{}}],"line":50},"1":{"loc":{"start":{"line":52,"column":4},"end":{"line":54,"column":5}},"type":"if","locations":[{"start":{"line":52,"column":4},"end":{"line":54,"column":5}},{"start":{},"end":{}}],"line":52}},"s":{"0":1,"1":1,"2":1,"3":1,"4":1,"5":0,"6":0,"7":0,"8":0,"9":0,"10":0,"11":0,"12":1,"13":0,"14":1,"15":0,"16":1},"f":{"0":0,"1":0,"2":0},"b":{"0":[0,0],"1":[0,0]},"_coverageSchema":"1a1c01bbd47fc00a2c39e90264f33305004495a9","hash":"3ec10bbe5de1c65f0c16c6a09a6212e1ba4a79a3"}
,"D:\\work\\uni\\year1\\software prac\\project\\project-may-i-scan\\routes\\auth.js": {"path":"D:\\work\\uni\\year1\\software prac\\project\\project-may-i-scan\\routes\\auth.js","statementMap":{"0":{"start":{"line":1,"column":15},"end":{"line":1,"column":33}},"1":{"start":{"line":2,"column":39},"end":{"line":2,"column":69}},"2":{"start":{"line":4,"column":13},"end":{"line":4,"column":30}},"3":{"start":{"line":6,"column":17},"end":{"line":6,"column":46}},"4":{"start":{"line":8,"column":0},"end":{"line":8,"column":35}},"5":{"start":{"line":9,"column":0},"end":{"line":9,"column":28}},"6":{"start":{"line":10,"column":0},"end":{"line":10,"column":32}},"7":{"start":{"line":11,"column":0},"end":{"line":11,"column":29}},"8":{"start":{"line":14,"column":0},"end":{"line":14,"column":22}}},"fnMap":{},"branchMap":{},"s":{"0":1,"1":1,"2":1,"3":1,"4":1,"5":1,"6":1,"7":1,"8":1},"f":{},"b":{},"_coverageSchema":"1a1c01bbd47fc00a2c39e90264f33305004495a9","hash":"9b5f6d0647b247b5a4d84b09674f026742d86d10"}
,"D:\\work\\uni\\year1\\software prac\\project\\project-may-i-scan\\routes\\massageShops.js": {"path":"D:\\work\\uni\\year1\\software prac\\project\\project-may-i-scan\\routes\\massageShops.js","statementMap":{"0":{"start":{"line":1,"column":16},"end":{"line":1,"column":34}},"1":{"start":{"line":8,"column":4},"end":{"line":8,"column":42}},"2":{"start":{"line":10,"column":26},"end":{"line":10,"column":51}},"3":{"start":{"line":12,"column":15},"end":{"line":12,"column":31}},"4":{"start":{"line":14,"column":31},"end":{"line":14,"column":60}},"5":{"start":{"line":16,"column":16},"end":{"line":16,"column":36}},"6":{"start":{"line":18,"column":0},"end":{"line":18,"column":63}},"7":{"start":{"line":19,"column":0},"end":{"line":19,"column":92}},"8":{"start":{"line":20,"column":0},"end":{"line":20,"column":148}},"9":{"start":{"line":21,"column":0},"end":{"line":21,"column":47}},"10":{"start":{"line":23,"column":0},"end":{"line":23,"column":24}}},"fnMap":{},"branchMap":{},"s":{"0":1,"1":1,"2":1,"3":1,"4":1,"5":1,"6":1,"7":1,"8":1,"9":1,"10":1},"f":{},"b":{},"_coverageSchema":"1a1c01bbd47fc00a2c39e90264f33305004495a9","hash":"23d3c51345170015b205a2d90f31618af4c7387a"}
,"D:\\work\\uni\\year1\\software prac\\project\\project-may-i-scan\\routes\\reservations.js": {"path":"D:\\work\\uni\\year1\\software prac\\project\\project-may-i-scan\\routes\\reservations.js","statementMap":{"0":{"start":{"line":1,"column":16},"end":{"line":1,"column":34}},"1":{"start":{"line":8,"column":4},"end":{"line":8,"column":42}},"2":{"start":{"line":10,"column":15},"end":{"line":10,"column":52}},"3":{"start":{"line":12,"column":31},"end":{"line":12,"column":60}},"4":{"start":{"line":14,"column":0},"end":{"line":16,"column":63}},"5":{"start":{"line":18,"column":0},"end":{"line":21,"column":68}},"6":{"start":{"line":23,"column":0},"end":{"line":23,"column":24}}},"fnMap":{},"branchMap":{},"s":{"0":1,"1":1,"2":1,"3":1,"4":1,"5":1,"6":1},"f":{},"b":{},"_coverageSchema":"1a1c01bbd47fc00a2c39e90264f33305004495a9","hash":"15ae8121e0108a907dc13a0fe50bc03e42d6de27"}
,"D:\\work\\uni\\year1\\software prac\\project\\project-may-i-scan\\routes\\reviews.js": {"path":"D:\\work\\uni\\year1\\software prac\\project\\project-may-i-scan\\routes\\reviews.js","statementMap":{"0":{"start":{"line":1,"column":16},"end":{"line":1,"column":34}},"1":{"start":{"line":8,"column":4},"end":{"line":8,"column":37}},"2":{"start":{"line":10,"column":15},"end":{"line":10,"column":52}},"3":{"start":{"line":12,"column":31},"end":{"line":12,"column":60}},"4":{"start":{"line":14,"column":0},"end":{"line":16,"column":58}},"5":{"start":{"line":18,"column":0},"end":{"line":21,"column":63}},"6":{"start":{"line":23,"column":0},"end":{"line":23,"column":24}}},"fnMap":{},"branchMap":{},"s":{"0":1,"1":1,"2":1,"3":1,"4":1,"5":1,"6":1},"f":{},"b":{},"_coverageSchema":"1a1c01bbd47fc00a2c39e90264f33305004495a9","hash":"3c074b2844118da95dfa11b6785ef8a5d8080b7c"}
,"D:\\work\\uni\\year1\\software prac\\project\\project-may-i-scan\\routes\\therapists.js": {"path":"D:\\work\\uni\\year1\\software prac\\project\\project-may-i-scan\\routes\\therapists.js","statementMap":{"0":{"start":{"line":1,"column":16},"end":{"line":1,"column":34}},"1":{"start":{"line":14,"column":4},"end":{"line":14,"column":40}},"2":{"start":{"line":16,"column":15},"end":{"line":16,"column":31}},"3":{"start":{"line":18,"column":31},"end":{"line":18,"column":60}},"4":{"start":{"line":21,"column":0},"end":{"line":22,"column":60}},"5":{"start":{"line":24,"column":0},"end":{"line":25,"column":55}},"6":{"start":{"line":27,"column":0},"end":{"line":28,"column":55}},"7":{"start":{"line":30,"column":0},"end":{"line":32,"column":30}},"8":{"start":{"line":34,"column":0},"end":{"line":36,"column":30}},"9":{"start":{"line":38,"column":0},"end":{"line":39,"column":53}},"10":{"start":{"line":41,"column":0},"end":{"line":43,"column":66}},"11":{"start":{"line":45,"column":0},"end":{"line":49,"column":56}},"12":{"start":{"line":53,"column":0},"end":{"line":53,"column":24}}},"fnMap":{},"branchMap":{},"s":{"0":1,"1":1,"2":1,"3":1,"4":1,"5":1,"6":1,"7":1,"8":1,"9":1,"10":1,"11":1,"12":1},"f":{},"b":{},"_coverageSchema":"1a1c01bbd47fc00a2c39e90264f33305004495a9","hash":"d0137a997d6b16a22d980bb598c539361fd80bae"}
}
