{"D:\\work\\uni\\year1\\software prac\\project\\project-may-i-scan\\server.js": {"path":"D:\\work\\uni\\year1\\software prac\\project\\project-may-i-scan\\server.js","statementMap":{"0":{"start":{"line":1,"column":16},"end":{"line":1,"column":34}},"1":{"start":{"line":2,"column":13},"end":{"line":2,"column":28}},"2":{"start":{"line":3,"column":15},"end":{"line":3,"column":32}},"3":{"start":{"line":4,"column":18},"end":{"line":4,"column":40}},"4":{"start":{"line":5,"column":21},"end":{"line":5,"column":45}},"5":{"start":{"line":7,"column":0},"end":{"line":7,"column":47}},"6":{"start":{"line":9,"column":35},"end":{"line":9,"column":55}},"7":{"start":{"line":11,"column":0},"end":{"line":11,"column":12}},"8":{"start":{"line":13,"column":12},"end":{"line":13,"column":21}},"9":{"start":{"line":16,"column":0},"end":{"line":16,"column":24}},"10":{"start":{"line":17,"column":0},"end":{"line":17,"column":24}},"11":{"start":{"line":20,"column":0},"end":{"line":20,"column":16}},"12":{"start":{"line":23,"column":13},"end":{"line":23,"column":37}},"13":{"start":{"line":24,"column":21},"end":{"line":24,"column":53}},"14":{"start":{"line":25,"column":21},"end":{"line":25,"column":53}},"15":{"start":{"line":26,"column":16},"end":{"line":26,"column":43}},"16":{"start":{"line":27,"column":19},"end":{"line":27,"column":49}},"17":{"start":{"line":30,"column":0},"end":{"line":30,"column":30}},"18":{"start":{"line":31,"column":0},"end":{"line":31,"column":46}},"19":{"start":{"line":32,"column":0},"end":{"line":32,"column":46}},"20":{"start":{"line":33,"column":0},"end":{"line":33,"column":36}},"21":{"start":{"line":34,"column":0},"end":{"line":34,"column":42}},"22":{"start":{"line":37,"column":0},"end":{"line":37,"column":68}},"23":{"start":{"line":40,"column":0},"end":{"line":43,"column":3}},"24":{"start":{"line":41,"column":2},"end":{"line":41,"column":52}},"25":{"start":{"line":42,"column":2},"end":{"line":42,"column":24}},"26":{"start":{"line":45,"column":0},"end":{"line":45,"column":21}}},"fnMap":{"0":{"name":"(anonymous_0)","decl":{"start":{"line":40,"column":26},"end":{"line":40,"column":27}},"loc":{"start":{"line":40,"column":40},"end":{"line":43,"column":1}},"line":40}},"branchMap":{},"s":{"0":2,"1":2,"2":2,"3":2,"4":2,"5":2,"6":2,"7":2,"8":2,"9":2,"10":2,"11":2,"12":2,"13":2,"14":2,"15":2,"16":2,"17":2,"18":2,"19":2,"20":2,"21":2,"22":2,"23":2,"24":0,"25":0,"26":2},"f":{"0":0},"b":{},"_coverageSchema":"1a1c01bbd47fc00a2c39e90264f33305004495a9","hash":"564979be1a8848d346a11cc206228b056665f041"}
,"D:\\work\\uni\\year1\\software prac\\project\\project-may-i-scan\\swagger.js": {"path":"D:\\work\\uni\\year1\\software prac\\project\\project-may-i-scan\\swagger.js","statementMap":{"0":{"start":{"line":1,"column":21},"end":{"line":1,"column":45}},"1":{"start":{"line":2,"column":18},"end":{"line":2,"column":47}},"2":{"start":{"line":4,"column":16},"end":{"line":170,"column":1}},"3":{"start":{"line":172,"column":20},"end":{"line":172,"column":41}},"4":{"start":{"line":193,"column":0},"end":{"line":193,"column":43}}},"fnMap":{},"branchMap":{},"s":{"0":2,"1":2,"2":2,"3":2,"4":2},"f":{},"b":{},"_coverageSchema":"1a1c01bbd47fc00a2c39e90264f33305004495a9","hash":"d5303e1665beeda906fa0d28cb3b3b1ed1024cc8"}
,"D:\\work\\uni\\year1\\software prac\\project\\project-may-i-scan\\config\\db.js": {"path":"D:\\work\\uni\\year1\\software prac\\project\\project-may-i-scan\\config\\db.js","statementMap":{"0":{"start":{"line":1,"column":17},"end":{"line":1,"column":36}},"1":{"start":{"line":3,"column":18},"end":{"line":8,"column":1}},"2":{"start":{"line":4,"column":4},"end":{"line":4,"column":38}},"3":{"start":{"line":5,"column":17},"end":{"line":5,"column":63}},"4":{"start":{"line":7,"column":4},"end":{"line":7,"column":62}},"5":{"start":{"line":10,"column":0},"end":{"line":10,"column":27}}},"fnMap":{"0":{"name":"(anonymous_0)","decl":{"start":{"line":3,"column":18},"end":{"line":3,"column":19}},"loc":{"start":{"line":3,"column":30},"end":{"line":8,"column":1}},"line":3}},"branchMap":{},"s":{"0":2,"1":2,"2":2,"3":2,"4":2,"5":2},"f":{"0":2},"b":{},"_coverageSchema":"1a1c01bbd47fc00a2c39e90264f33305004495a9","hash":"92df63b1a263a936c15cb3eb3ce1f57064aaab21"}
,"D:\\work\\uni\\year1\\software prac\\project\\project-may-i-scan\\controllers\\auth.js": {"path":"D:\\work\\uni\\year1\\software prac\\project\\project-may-i-scan\\controllers\\auth.js","statementMap":{"0":{"start":{"line":1,"column":21},"end":{"line":1,"column":39}},"1":{"start":{"line":2,"column":13},"end":{"line":2,"column":38}},"2":{"start":{"line":3,"column":18},"end":{"line":3,"column":48}},"3":{"start":{"line":11,"column":0},"end":{"line":81,"column":4}},"4":{"start":{"line":12,"column":4},"end":{"line":12,"column":35}},"5":{"start":{"line":14,"column":4},"end":{"line":80,"column":5}},"6":{"start":{"line":30,"column":10},"end":{"line":30,"column":18}},"7":{"start":{"line":35,"column":6},"end":{"line":41,"column":9}},"8":{"start":{"line":43,"column":6},"end":{"line":43,"column":45}},"9":{"start":{"line":46,"column":6},"end":{"line":73,"column":7}},"10":{"start":{"line":47,"column":8},"end":{"line":72,"column":9}},"11":{"start":{"line":48,"column":28},"end":{"line":59,"column":12}},"12":{"start":{"line":61,"column":10},"end":{"line":61,"column":59}},"13":{"start":{"line":63,"column":10},"end":{"line":63,"column":66}},"14":{"start":{"line":66,"column":10},"end":{"line":66,"column":49}},"15":{"start":{"line":68,"column":10},"end":{"line":71,"column":13}},"16":{"start":{"line":76,"column":6},"end":{"line":76,"column":40}},"17":{"start":{"line":78,"column":6},"end":{"line":78,"column":53}},"18":{"start":{"line":79,"column":6},"end":{"line":79,"column":67}},"19":{"start":{"line":87,"column":0},"end":{"line":109,"column":4}},"20":{"start":{"line":88,"column":32},"end":{"line":88,"column":40}},"21":{"start":{"line":90,"column":4},"end":{"line":92,"column":5}},"22":{"start":{"line":91,"column":6},"end":{"line":91,"column":99}},"23":{"start":{"line":95,"column":17},"end":{"line":95,"column":66}},"24":{"start":{"line":97,"column":4},"end":{"line":99,"column":5}},"25":{"start":{"line":98,"column":6},"end":{"line":98,"column":82}},"26":{"start":{"line":101,"column":20},"end":{"line":101,"column":54}},"27":{"start":{"line":103,"column":4},"end":{"line":105,"column":5}},"28":{"start":{"line":104,"column":6},"end":{"line":104,"column":82}},"29":{"start":{"line":108,"column":4},"end":{"line":108,"column":38}},"30":{"start":{"line":113,"column":28},"end":{"line":133,"column":3}},"31":{"start":{"line":114,"column":18},"end":{"line":114,"column":42}},"32":{"start":{"line":116,"column":20},"end":{"line":119,"column":5}},"33":{"start":{"line":121,"column":4},"end":{"line":123,"column":5}},"34":{"start":{"line":122,"column":6},"end":{"line":122,"column":28}},"35":{"start":{"line":125,"column":4},"end":{"line":132,"column":7}},"36":{"start":{"line":139,"column":0},"end":{"line":165,"column":4}},"37":{"start":{"line":140,"column":4},"end":{"line":164,"column":5}},"38":{"start":{"line":141,"column":19},"end":{"line":141,"column":51}},"39":{"start":{"line":143,"column":6},"end":{"line":145,"column":7}},"40":{"start":{"line":144,"column":8},"end":{"line":144,"column":79}},"41":{"start":{"line":147,"column":22},"end":{"line":147,"column":26}},"42":{"start":{"line":148,"column":6},"end":{"line":150,"column":7}},"43":{"start":{"line":149,"column":8},"end":{"line":149,"column":64}},"44":{"start":{"line":152,"column":6},"end":{"line":160,"column":9}},"45":{"start":{"line":162,"column":6},"end":{"line":162,"column":41}},"46":{"start":{"line":163,"column":6},"end":{"line":163,"column":70}},"47":{"start":{"line":168,"column":0},"end":{"line":177,"column":2}},"48":{"start":{"line":169,"column":4},"end":{"line":172,"column":7}},"49":{"start":{"line":173,"column":4},"end":{"line":176,"column":7}}},"fnMap":{"0":{"name":"(anonymous_0)","decl":{"start":{"line":11,"column":19},"end":{"line":11,"column":20}},"loc":{"start":{"line":11,"column":45},"end":{"line":81,"column":3}},"line":11},"1":{"name":"(anonymous_1)","decl":{"start":{"line":87,"column":16},"end":{"line":87,"column":17}},"loc":{"start":{"line":87,"column":42},"end":{"line":109,"column":3}},"line":87},"2":{"name":"(anonymous_2)","decl":{"start":{"line":113,"column":28},"end":{"line":113,"column":29}},"loc":{"start":{"line":113,"column":55},"end":{"line":133,"column":3}},"line":113},"3":{"name":"(anonymous_3)","decl":{"start":{"line":139,"column":16},"end":{"line":139,"column":17}},"loc":{"start":{"line":139,"column":42},"end":{"line":165,"column":3}},"line":139},"4":{"name":"(anonymous_4)","decl":{"start":{"line":168,"column":17},"end":{"line":168,"column":18}},"loc":{"start":{"line":168,"column":43},"end":{"line":177,"column":1}},"line":168}},"branchMap":{"0":{"loc":{"start":{"line":46,"column":6},"end":{"line":73,"column":7}},"type":"if","locations":[{"start":{"line":46,"column":6},"end":{"line":73,"column":7}},{"start":{},"end":{}}],"line":46},"1":{"loc":{"start":{"line":90,"column":4},"end":{"line":92,"column":5}},"type":"if","locations":[{"start":{"line":90,"column":4},"end":{"line":92,"column":5}},{"start":{},"end":{}}],"line":90},"2":{"loc":{"start":{"line":90,"column":8},"end":{"line":90,"column":27}},"type":"binary-expr","locations":[{"start":{"line":90,"column":8},"end":{"line":90,"column":14}},{"start":{"line":90,"column":18},"end":{"line":90,"column":27}}],"line":90},"3":{"loc":{"start":{"line":97,"column":4},"end":{"line":99,"column":5}},"type":"if","locations":[{"start":{"line":97,"column":4},"end":{"line":99,"column":5}},{"start":{},"end":{}}],"line":97},"4":{"loc":{"start":{"line":103,"column":4},"end":{"line":105,"column":5}},"type":"if","locations":[{"start":{"line":103,"column":4},"end":{"line":105,"column":5}},{"start":{},"end":{}}],"line":103},"5":{"loc":{"start":{"line":121,"column":4},"end":{"line":123,"column":5}},"type":"if","locations":[{"start":{"line":121,"column":4},"end":{"line":123,"column":5}},{"start":{},"end":{}}],"line":121},"6":{"loc":{"start":{"line":143,"column":6},"end":{"line":145,"column":7}},"type":"if","locations":[{"start":{"line":143,"column":6},"end":{"line":145,"column":7}},{"start":{},"end":{}}],"line":143},"7":{"loc":{"start":{"line":148,"column":6},"end":{"line":150,"column":7}},"type":"if","locations":[{"start":{"line":148,"column":6},"end":{"line":150,"column":7}},{"start":{},"end":{}}],"line":148}},"s":{"0":2,"1":2,"2":2,"3":2,"4":0,"5":0,"6":0,"7":0,"8":0,"9":0,"10":0,"11":0,"12":0,"13":0,"14":0,"15":0,"16":0,"17":0,"18":0,"19":2,"20":1,"21":1,"22":0,"23":1,"24":1,"25":0,"26":1,"27":1,"28":0,"29":1,"30":2,"31":1,"32":1,"33":1,"34":0,"35":1,"36":2,"37":0,"38":0,"39":0,"40":0,"41":0,"42":0,"43":0,"44":0,"45":0,"46":0,"47":2,"48":0,"49":0},"f":{"0":0,"1":1,"2":1,"3":0,"4":0},"b":{"0":[0,0],"1":[0,1],"2":[1,1],"3":[0,1],"4":[0,1],"5":[0,1],"6":[0,0],"7":[0,0]},"_coverageSchema":"1a1c01bbd47fc00a2c39e90264f33305004495a9","hash":"8290d886d51aaa99c74ccf0db0227696cc449f3b"}
,"D:\\work\\uni\\year1\\software prac\\project\\project-may-i-scan\\controllers\\massageShops.js": {"path":"D:\\work\\uni\\year1\\software prac\\project\\project-may-i-scan\\controllers\\massageShops.js","statementMap":{"0":{"start":{"line":1,"column":20},"end":{"line":1,"column":52}},"1":{"start":{"line":2,"column":20},"end":{"line":2,"column":52}},"2":{"start":{"line":7,"column":0},"end":{"line":74,"column":2}},"3":{"start":{"line":10,"column":21},"end":{"line":10,"column":37}},"4":{"start":{"line":11,"column":4},"end":{"line":11,"column":26}},"5":{"start":{"line":13,"column":25},"end":{"line":13,"column":60}},"6":{"start":{"line":14,"column":4},"end":{"line":14,"column":58}},"7":{"start":{"line":14,"column":34},"end":{"line":14,"column":56}},"8":{"start":{"line":16,"column":4},"end":{"line":16,"column":26}},"9":{"start":{"line":18,"column":19},"end":{"line":18,"column":43}},"10":{"start":{"line":19,"column":4},"end":{"line":19,"column":81}},"11":{"start":{"line":19,"column":68},"end":{"line":19,"column":79}},"12":{"start":{"line":22,"column":4},"end":{"line":22,"column":51}},"13":{"start":{"line":25,"column":4},"end":{"line":27,"column":5}},"14":{"start":{"line":26,"column":8},"end":{"line":26,"column":47}},"15":{"start":{"line":29,"column":4},"end":{"line":29,"column":23}},"16":{"start":{"line":31,"column":4},"end":{"line":34,"column":5}},"17":{"start":{"line":32,"column":23},"end":{"line":32,"column":60}},"18":{"start":{"line":33,"column":8},"end":{"line":33,"column":37}},"19":{"start":{"line":36,"column":4},"end":{"line":41,"column":5}},"20":{"start":{"line":37,"column":23},"end":{"line":37,"column":58}},"21":{"start":{"line":38,"column":8},"end":{"line":38,"column":35}},"22":{"start":{"line":40,"column":8},"end":{"line":40,"column":41}},"23":{"start":{"line":43,"column":17},"end":{"line":43,"column":50}},"24":{"start":{"line":44,"column":18},"end":{"line":44,"column":53}},"25":{"start":{"line":45,"column":23},"end":{"line":45,"column":41}},"26":{"start":{"line":46,"column":21},"end":{"line":46,"column":33}},"27":{"start":{"line":48,"column":4},"end":{"line":73,"column":5}},"28":{"start":{"line":49,"column":22},"end":{"line":49,"column":56}},"29":{"start":{"line":50,"column":8},"end":{"line":50,"column":52}},"30":{"start":{"line":52,"column":29},"end":{"line":52,"column":40}},"31":{"start":{"line":54,"column":27},"end":{"line":54,"column":29}},"32":{"start":{"line":56,"column":8},"end":{"line":61,"column":9}},"33":{"start":{"line":57,"column":12},"end":{"line":60,"column":14}},"34":{"start":{"line":63,"column":8},"end":{"line":68,"column":9}},"35":{"start":{"line":64,"column":12},"end":{"line":67,"column":14}},"36":{"start":{"line":70,"column":8},"end":{"line":70,"column":96}},"37":{"start":{"line":72,"column":8},"end":{"line":72,"column":49}},"38":{"start":{"line":149,"column":0},"end":{"line":160,"column":2}},"39":{"start":{"line":150,"column":4},"end":{"line":159,"column":5}},"40":{"start":{"line":151,"column":28},"end":{"line":151,"column":69}},"41":{"start":{"line":153,"column":8},"end":{"line":155,"column":9}},"42":{"start":{"line":154,"column":12},"end":{"line":154,"column":60}},"43":{"start":{"line":156,"column":8},"end":{"line":156,"column":67}},"44":{"start":{"line":158,"column":8},"end":{"line":158,"column":49}},"45":{"start":{"line":165,"column":0},"end":{"line":169,"column":2}},"46":{"start":{"line":167,"column":24},"end":{"line":167,"column":58}},"47":{"start":{"line":167,"column":59},"end":{"line":168,"column":63}},"48":{"start":{"line":174,"column":0},"end":{"line":189,"column":2}},"49":{"start":{"line":175,"column":4},"end":{"line":188,"column":5}},"50":{"start":{"line":176,"column":28},"end":{"line":179,"column":10}},"51":{"start":{"line":181,"column":8},"end":{"line":183,"column":9}},"52":{"start":{"line":182,"column":12},"end":{"line":182,"column":60}},"53":{"start":{"line":185,"column":8},"end":{"line":185,"column":67}},"54":{"start":{"line":187,"column":8},"end":{"line":187,"column":49}},"55":{"start":{"line":194,"column":0},"end":{"line":208,"column":2}},"56":{"start":{"line":195,"column":4},"end":{"line":207,"column":5}},"57":{"start":{"line":196,"column":28},"end":{"line":196,"column":78}},"58":{"start":{"line":198,"column":8},"end":{"line":200,"column":9}},"59":{"start":{"line":199,"column":12},"end":{"line":199,"column":123}},"60":{"start":{"line":201,"column":8},"end":{"line":201,"column":69}},"61":{"start":{"line":202,"column":8},"end":{"line":202,"column":60}},"62":{"start":{"line":204,"column":8},"end":{"line":204,"column":58}},"63":{"start":{"line":206,"column":8},"end":{"line":206,"column":49}}},"fnMap":{"0":{"name":"(anonymous_0)","decl":{"start":{"line":7,"column":26},"end":{"line":7,"column":27}},"loc":{"start":{"line":7,"column":52},"end":{"line":74,"column":1}},"line":7},"1":{"name":"(anonymous_1)","decl":{"start":{"line":14,"column":25},"end":{"line":14,"column":26}},"loc":{"start":{"line":14,"column":34},"end":{"line":14,"column":56}},"line":14},"2":{"name":"(anonymous_2)","decl":{"start":{"line":19,"column":59},"end":{"line":19,"column":60}},"loc":{"start":{"line":19,"column":68},"end":{"line":19,"column":79}},"line":19},"3":{"name":"(anonymous_3)","decl":{"start":{"line":149,"column":25},"end":{"line":149,"column":26}},"loc":{"start":{"line":149,"column":51},"end":{"line":160,"column":1}},"line":149},"4":{"name":"(anonymous_4)","decl":{"start":{"line":165,"column":28},"end":{"line":165,"column":29}},"loc":{"start":{"line":165,"column":54},"end":{"line":169,"column":1}},"line":165},"5":{"name":"(anonymous_5)","decl":{"start":{"line":174,"column":28},"end":{"line":174,"column":29}},"loc":{"start":{"line":174,"column":54},"end":{"line":189,"column":1}},"line":174},"6":{"name":"(anonymous_6)","decl":{"start":{"line":194,"column":28},"end":{"line":194,"column":29}},"loc":{"start":{"line":194,"column":54},"end":{"line":208,"column":1}},"line":194}},"branchMap":{"0":{"loc":{"start":{"line":25,"column":4},"end":{"line":27,"column":5}},"type":"if","locations":[{"start":{"line":25,"column":4},"end":{"line":27,"column":5}},{"start":{},"end":{}}],"line":25},"1":{"loc":{"start":{"line":25,"column":8},"end":{"line":25,"column":45}},"type":"binary-expr","locations":[{"start":{"line":25,"column":8},"end":{"line":25,"column":16}},{"start":{"line":25,"column":20},"end":{"line":25,"column":45}}],"line":25},"2":{"loc":{"start":{"line":31,"column":4},"end":{"line":34,"column":5}},"type":"if","locations":[{"start":{"line":31,"column":4},"end":{"line":34,"column":5}},{"start":{},"end":{}}],"line":31},"3":{"loc":{"start":{"line":36,"column":4},"end":{"line":41,"column":5}},"type":"if","locations":[{"start":{"line":36,"column":4},"end":{"line":41,"column":5}},{"start":{"line":39,"column":11},"end":{"line":41,"column":5}}],"line":36},"4":{"loc":{"start":{"line":43,"column":17},"end":{"line":43,"column":50}},"type":"binary-expr","locations":[{"start":{"line":43,"column":17},"end":{"line":43,"column":45}},{"start":{"line":43,"column":49},"end":{"line":43,"column":50}}],"line":43},"5":{"loc":{"start":{"line":44,"column":18},"end":{"line":44,"column":53}},"type":"binary-expr","locations":[{"start":{"line":44,"column":18},"end":{"line":44,"column":47}},{"start":{"line":44,"column":51},"end":{"line":44,"column":53}}],"line":44},"6":{"loc":{"start":{"line":56,"column":8},"end":{"line":61,"column":9}},"type":"if","locations":[{"start":{"line":56,"column":8},"end":{"line":61,"column":9}},{"start":{},"end":{}}],"line":56},"7":{"loc":{"start":{"line":63,"column":8},"end":{"line":68,"column":9}},"type":"if","locations":[{"start":{"line":63,"column":8},"end":{"line":68,"column":9}},{"start":{},"end":{}}],"line":63},"8":{"loc":{"start":{"line":153,"column":8},"end":{"line":155,"column":9}},"type":"if","locations":[{"start":{"line":153,"column":8},"end":{"line":155,"column":9}},{"start":{},"end":{}}],"line":153},"9":{"loc":{"start":{"line":181,"column":8},"end":{"line":183,"column":9}},"type":"if","locations":[{"start":{"line":181,"column":8},"end":{"line":183,"column":9}},{"start":{},"end":{}}],"line":181},"10":{"loc":{"start":{"line":198,"column":8},"end":{"line":200,"column":9}},"type":"if","locations":[{"start":{"line":198,"column":8},"end":{"line":200,"column":9}},{"start":{},"end":{}}],"line":198}},"s":{"0":2,"1":2,"2":2,"3":0,"4":0,"5":0,"6":0,"7":0,"8":0,"9":0,"10":0,"11":0,"12":0,"13":0,"14":0,"15":0,"16":0,"17":0,"18":0,"19":0,"20":0,"21":0,"22":0,"23":0,"24":0,"25":0,"26":0,"27":0,"28":0,"29":0,"30":0,"31":0,"32":0,"33":0,"34":0,"35":0,"36":0,"37":0,"38":2,"39":0,"40":0,"41":0,"42":0,"43":0,"44":0,"45":2,"46":0,"47":0,"48":2,"49":0,"50":0,"51":0,"52":0,"53":0,"54":0,"55":2,"56":0,"57":0,"58":0,"59":0,"60":0,"61":0,"62":0,"63":0},"f":{"0":0,"1":0,"2":0,"3":0,"4":0,"5":0,"6":0},"b":{"0":[0,0],"1":[0,0],"2":[0,0],"3":[0,0],"4":[0,0],"5":[0,0],"6":[0,0],"7":[0,0],"8":[0,0],"9":[0,0],"10":[0,0]},"_coverageSchema":"1a1c01bbd47fc00a2c39e90264f33305004495a9","hash":"411015d9689ee16a6dac59be09217d44c0c89f32"}
,"D:\\work\\uni\\year1\\software prac\\project\\project-may-i-scan\\controllers\\reservations.js": {"path":"D:\\work\\uni\\year1\\software prac\\project\\project-may-i-scan\\controllers\\reservations.js","statementMap":{"0":{"start":{"line":1,"column":20},"end":{"line":1,"column":52}},"1":{"start":{"line":2,"column":20},"end":{"line":2,"column":52}},"2":{"start":{"line":7,"column":0},"end":{"line":108,"column":2}},"3":{"start":{"line":10,"column":2},"end":{"line":68,"column":3}},"4":{"start":{"line":11,"column":4},"end":{"line":26,"column":9}},"5":{"start":{"line":30,"column":4},"end":{"line":67,"column":5}},"6":{"start":{"line":31,"column":6},"end":{"line":48,"column":11}},"7":{"start":{"line":51,"column":6},"end":{"line":66,"column":11}},"8":{"start":{"line":93,"column":2},"end":{"line":107,"column":3}},"9":{"start":{"line":94,"column":25},"end":{"line":94,"column":36}},"10":{"start":{"line":96,"column":4},"end":{"line":100,"column":7}},"11":{"start":{"line":102,"column":4},"end":{"line":102,"column":27}},"12":{"start":{"line":103,"column":4},"end":{"line":106,"column":7}},"13":{"start":{"line":151,"column":0},"end":{"line":175,"column":2}},"14":{"start":{"line":152,"column":2},"end":{"line":174,"column":3}},"15":{"start":{"line":153,"column":24},"end":{"line":156,"column":6}},"16":{"start":{"line":158,"column":4},"end":{"line":163,"column":5}},"17":{"start":{"line":159,"column":6},"end":{"line":162,"column":9}},"18":{"start":{"line":165,"column":4},"end":{"line":168,"column":7}},"19":{"start":{"line":170,"column":4},"end":{"line":170,"column":27}},"20":{"start":{"line":171,"column":4},"end":{"line":173,"column":68}},"21":{"start":{"line":180,"column":0},"end":{"line":219,"column":2}},"22":{"start":{"line":181,"column":2},"end":{"line":218,"column":3}},"23":{"start":{"line":182,"column":4},"end":{"line":182,"column":52}},"24":{"start":{"line":184,"column":24},"end":{"line":184,"column":76}},"25":{"start":{"line":186,"column":4},"end":{"line":191,"column":5}},"26":{"start":{"line":187,"column":6},"end":{"line":190,"column":9}},"27":{"start":{"line":193,"column":4},"end":{"line":193,"column":32}},"28":{"start":{"line":195,"column":33},"end":{"line":195,"column":78}},"29":{"start":{"line":197,"column":4},"end":{"line":202,"column":5}},"30":{"start":{"line":198,"column":6},"end":{"line":201,"column":9}},"31":{"start":{"line":204,"column":4},"end":{"line":204,"column":39}},"32":{"start":{"line":205,"column":4},"end":{"line":205,"column":39}},"33":{"start":{"line":207,"column":24},"end":{"line":207,"column":58}},"34":{"start":{"line":209,"column":4},"end":{"line":212,"column":7}},"35":{"start":{"line":214,"column":4},"end":{"line":214,"column":27}},"36":{"start":{"line":215,"column":4},"end":{"line":217,"column":70}},"37":{"start":{"line":224,"column":0},"end":{"line":260,"column":2}},"38":{"start":{"line":225,"column":2},"end":{"line":259,"column":3}},"39":{"start":{"line":226,"column":22},"end":{"line":226,"column":63}},"40":{"start":{"line":228,"column":4},"end":{"line":233,"column":5}},"41":{"start":{"line":229,"column":6},"end":{"line":232,"column":9}},"42":{"start":{"line":235,"column":4},"end":{"line":243,"column":5}},"43":{"start":{"line":239,"column":6},"end":{"line":242,"column":9}},"44":{"start":{"line":245,"column":4},"end":{"line":248,"column":7}},"45":{"start":{"line":250,"column":4},"end":{"line":253,"column":7}},"46":{"start":{"line":255,"column":4},"end":{"line":255,"column":27}},"47":{"start":{"line":256,"column":4},"end":{"line":258,"column":70}},"48":{"start":{"line":265,"column":0},"end":{"line":296,"column":2}},"49":{"start":{"line":266,"column":2},"end":{"line":295,"column":3}},"50":{"start":{"line":267,"column":24},"end":{"line":267,"column":65}},"51":{"start":{"line":269,"column":4},"end":{"line":274,"column":5}},"52":{"start":{"line":270,"column":6},"end":{"line":273,"column":9}},"53":{"start":{"line":277,"column":4},"end":{"line":285,"column":5}},"54":{"start":{"line":281,"column":6},"end":{"line":284,"column":9}},"55":{"start":{"line":287,"column":4},"end":{"line":287,"column":34}},"56":{"start":{"line":289,"column":4},"end":{"line":289,"column":54}},"57":{"start":{"line":291,"column":4},"end":{"line":291,"column":27}},"58":{"start":{"line":292,"column":4},"end":{"line":294,"column":70}}},"fnMap":{"0":{"name":"(anonymous_0)","decl":{"start":{"line":7,"column":26},"end":{"line":7,"column":27}},"loc":{"start":{"line":7,"column":52},"end":{"line":108,"column":1}},"line":7},"1":{"name":"(anonymous_1)","decl":{"start":{"line":151,"column":25},"end":{"line":151,"column":26}},"loc":{"start":{"line":151,"column":51},"end":{"line":175,"column":1}},"line":151},"2":{"name":"(anonymous_2)","decl":{"start":{"line":180,"column":25},"end":{"line":180,"column":26}},"loc":{"start":{"line":180,"column":51},"end":{"line":219,"column":1}},"line":180},"3":{"name":"(anonymous_3)","decl":{"start":{"line":224,"column":28},"end":{"line":224,"column":29}},"loc":{"start":{"line":224,"column":54},"end":{"line":260,"column":1}},"line":224},"4":{"name":"(anonymous_4)","decl":{"start":{"line":265,"column":28},"end":{"line":265,"column":29}},"loc":{"start":{"line":265,"column":54},"end":{"line":296,"column":1}},"line":265}},"branchMap":{"0":{"loc":{"start":{"line":10,"column":2},"end":{"line":68,"column":3}},"type":"if","locations":[{"start":{"line":10,"column":2},"end":{"line":68,"column":3}},{"start":{"line":29,"column":7},"end":{"line":68,"column":3}}],"line":10},"1":{"loc":{"start":{"line":30,"column":4},"end":{"line":67,"column":5}},"type":"if","locations":[{"start":{"line":30,"column":4},"end":{"line":67,"column":5}},{"start":{"line":50,"column":9},"end":{"line":67,"column":5}}],"line":30},"2":{"loc":{"start":{"line":158,"column":4},"end":{"line":163,"column":5}},"type":"if","locations":[{"start":{"line":158,"column":4},"end":{"line":163,"column":5}},{"start":{},"end":{}}],"line":158},"3":{"loc":{"start":{"line":186,"column":4},"end":{"line":191,"column":5}},"type":"if","locations":[{"start":{"line":186,"column":4},"end":{"line":191,"column":5}},{"start":{},"end":{}}],"line":186},"4":{"loc":{"start":{"line":197,"column":4},"end":{"line":202,"column":5}},"type":"if","locations":[{"start":{"line":197,"column":4},"end":{"line":202,"column":5}},{"start":{},"end":{}}],"line":197},"5":{"loc":{"start":{"line":197,"column":8},"end":{"line":197,"column":69}},"type":"binary-expr","locations":[{"start":{"line":197,"column":8},"end":{"line":197,"column":40}},{"start":{"line":197,"column":44},"end":{"line":197,"column":69}}],"line":197},"6":{"loc":{"start":{"line":228,"column":4},"end":{"line":233,"column":5}},"type":"if","locations":[{"start":{"line":228,"column":4},"end":{"line":233,"column":5}},{"start":{},"end":{}}],"line":228},"7":{"loc":{"start":{"line":235,"column":4},"end":{"line":243,"column":5}},"type":"if","locations":[{"start":{"line":235,"column":4},"end":{"line":243,"column":5}},{"start":{},"end":{}}],"line":235},"8":{"loc":{"start":{"line":236,"column":6},"end":{"line":237,"column":31}},"type":"binary-expr","locations":[{"start":{"line":236,"column":6},"end":{"line":236,"column":49}},{"start":{"line":237,"column":6},"end":{"line":237,"column":31}}],"line":236},"9":{"loc":{"start":{"line":269,"column":4},"end":{"line":274,"column":5}},"type":"if","locations":[{"start":{"line":269,"column":4},"end":{"line":274,"column":5}},{"start":{},"end":{}}],"line":269},"10":{"loc":{"start":{"line":277,"column":4},"end":{"line":285,"column":5}},"type":"if","locations":[{"start":{"line":277,"column":4},"end":{"line":285,"column":5}},{"start":{},"end":{}}],"line":277},"11":{"loc":{"start":{"line":278,"column":6},"end":{"line":279,"column":31}},"type":"binary-expr","locations":[{"start":{"line":278,"column":6},"end":{"line":278,"column":49}},{"start":{"line":279,"column":6},"end":{"line":279,"column":31}}],"line":278}},"s":{"0":2,"1":2,"2":2,"3":0,"4":0,"5":0,"6":0,"7":0,"8":0,"9":0,"10":0,"11":0,"12":0,"13":2,"14":0,"15":0,"16":0,"17":0,"18":0,"19":0,"20":0,"21":2,"22":0,"23":0,"24":0,"25":0,"26":0,"27":0,"28":0,"29":0,"30":0,"31":0,"32":0,"33":0,"34":0,"35":0,"36":0,"37":2,"38":0,"39":0,"40":0,"41":0,"42":0,"43":0,"44":0,"45":0,"46":0,"47":0,"48":2,"49":0,"50":0,"51":0,"52":0,"53":0,"54":0,"55":0,"56":0,"57":0,"58":0},"f":{"0":0,"1":0,"2":0,"3":0,"4":0},"b":{"0":[0,0],"1":[0,0],"2":[0,0],"3":[0,0],"4":[0,0],"5":[0,0],"6":[0,0],"7":[0,0],"8":[0,0],"9":[0,0],"10":[0,0],"11":[0,0]},"_coverageSchema":"1a1c01bbd47fc00a2c39e90264f33305004495a9","hash":"096bdccd9ce99c064976963229cf8ce45f8168b4"}
,"D:\\work\\uni\\year1\\software prac\\project\\project-may-i-scan\\controllers\\reviews.js": {"path":"D:\\work\\uni\\year1\\software prac\\project\\project-may-i-scan\\controllers\\reviews.js","statementMap":{"0":{"start":{"line":1,"column":15},"end":{"line":1,"column":42}},"1":{"start":{"line":2,"column":20},"end":{"line":2,"column":52}},"2":{"start":{"line":7,"column":0},"end":{"line":31,"column":2}},"3":{"start":{"line":8,"column":4},"end":{"line":30,"column":5}},"4":{"start":{"line":11,"column":8},"end":{"line":18,"column":9}},"5":{"start":{"line":12,"column":12},"end":{"line":12,"column":75}},"6":{"start":{"line":14,"column":12},"end":{"line":17,"column":15}},"7":{"start":{"line":20,"column":24},"end":{"line":20,"column":35}},"8":{"start":{"line":22,"column":8},"end":{"line":26,"column":11}},"9":{"start":{"line":28,"column":8},"end":{"line":28,"column":27}},"10":{"start":{"line":29,"column":8},"end":{"line":29,"column":82}},"11":{"start":{"line":36,"column":0},"end":{"line":52,"column":2}},"12":{"start":{"line":37,"column":4},"end":{"line":51,"column":5}},"13":{"start":{"line":38,"column":23},"end":{"line":41,"column":10}},"14":{"start":{"line":43,"column":8},"end":{"line":45,"column":9}},"15":{"start":{"line":44,"column":12},"end":{"line":44,"column":89}},"16":{"start":{"line":47,"column":8},"end":{"line":47,"column":62}},"17":{"start":{"line":49,"column":8},"end":{"line":49,"column":27}},"18":{"start":{"line":50,"column":8},"end":{"line":50,"column":81}},"19":{"start":{"line":57,"column":0},"end":{"line":89,"column":2}},"20":{"start":{"line":58,"column":4},"end":{"line":88,"column":5}},"21":{"start":{"line":59,"column":8},"end":{"line":59,"column":56}},"22":{"start":{"line":60,"column":8},"end":{"line":60,"column":36}},"23":{"start":{"line":62,"column":28},"end":{"line":62,"column":80}},"24":{"start":{"line":63,"column":8},"end":{"line":65,"column":9}},"25":{"start":{"line":64,"column":12},"end":{"line":64,"column":95}},"26":{"start":{"line":67,"column":31},"end":{"line":70,"column":10}},"27":{"start":{"line":72,"column":8},"end":{"line":77,"column":9}},"28":{"start":{"line":73,"column":12},"end":{"line":76,"column":15}},"29":{"start":{"line":79,"column":23},"end":{"line":79,"column":52}},"30":{"start":{"line":81,"column":8},"end":{"line":84,"column":11}},"31":{"start":{"line":86,"column":8},"end":{"line":86,"column":27}},"32":{"start":{"line":87,"column":8},"end":{"line":87,"column":79}},"33":{"start":{"line":95,"column":0},"end":{"line":120,"column":2}},"34":{"start":{"line":96,"column":4},"end":{"line":119,"column":5}},"35":{"start":{"line":97,"column":21},"end":{"line":97,"column":57}},"36":{"start":{"line":99,"column":8},"end":{"line":101,"column":9}},"37":{"start":{"line":100,"column":12},"end":{"line":100,"column":89}},"38":{"start":{"line":103,"column":8},"end":{"line":105,"column":9}},"39":{"start":{"line":104,"column":12},"end":{"line":104,"column":109}},"40":{"start":{"line":107,"column":8},"end":{"line":107,"column":61}},"41":{"start":{"line":107,"column":29},"end":{"line":107,"column":61}},"42":{"start":{"line":108,"column":8},"end":{"line":108,"column":64}},"43":{"start":{"line":108,"column":30},"end":{"line":108,"column":64}},"44":{"start":{"line":110,"column":8},"end":{"line":110,"column":28}},"45":{"start":{"line":112,"column":8},"end":{"line":115,"column":11}},"46":{"start":{"line":117,"column":8},"end":{"line":117,"column":27}},"47":{"start":{"line":118,"column":8},"end":{"line":118,"column":82}},"48":{"start":{"line":126,"column":0},"end":{"line":145,"column":2}},"49":{"start":{"line":127,"column":4},"end":{"line":144,"column":5}},"50":{"start":{"line":128,"column":23},"end":{"line":128,"column":59}},"51":{"start":{"line":130,"column":8},"end":{"line":132,"column":9}},"52":{"start":{"line":131,"column":12},"end":{"line":131,"column":89}},"53":{"start":{"line":134,"column":8},"end":{"line":136,"column":9}},"54":{"start":{"line":135,"column":12},"end":{"line":135,"column":109}},"55":{"start":{"line":138,"column":8},"end":{"line":138,"column":55}},"56":{"start":{"line":140,"column":8},"end":{"line":140,"column":88}},"57":{"start":{"line":142,"column":8},"end":{"line":142,"column":27}},"58":{"start":{"line":143,"column":8},"end":{"line":143,"column":82}}},"fnMap":{"0":{"name":"(anonymous_0)","decl":{"start":{"line":7,"column":21},"end":{"line":7,"column":22}},"loc":{"start":{"line":7,"column":47},"end":{"line":31,"column":1}},"line":7},"1":{"name":"(anonymous_1)","decl":{"start":{"line":36,"column":20},"end":{"line":36,"column":21}},"loc":{"start":{"line":36,"column":46},"end":{"line":52,"column":1}},"line":36},"2":{"name":"(anonymous_2)","decl":{"start":{"line":57,"column":20},"end":{"line":57,"column":21}},"loc":{"start":{"line":57,"column":46},"end":{"line":89,"column":1}},"line":57},"3":{"name":"(anonymous_3)","decl":{"start":{"line":95,"column":23},"end":{"line":95,"column":24}},"loc":{"start":{"line":95,"column":49},"end":{"line":120,"column":1}},"line":95},"4":{"name":"(anonymous_4)","decl":{"start":{"line":126,"column":23},"end":{"line":126,"column":24}},"loc":{"start":{"line":126,"column":49},"end":{"line":145,"column":1}},"line":126}},"branchMap":{"0":{"loc":{"start":{"line":11,"column":8},"end":{"line":18,"column":9}},"type":"if","locations":[{"start":{"line":11,"column":8},"end":{"line":18,"column":9}},{"start":{"line":13,"column":15},"end":{"line":18,"column":9}}],"line":11},"1":{"loc":{"start":{"line":43,"column":8},"end":{"line":45,"column":9}},"type":"if","locations":[{"start":{"line":43,"column":8},"end":{"line":45,"column":9}},{"start":{},"end":{}}],"line":43},"2":{"loc":{"start":{"line":63,"column":8},"end":{"line":65,"column":9}},"type":"if","locations":[{"start":{"line":63,"column":8},"end":{"line":65,"column":9}},{"start":{},"end":{}}],"line":63},"3":{"loc":{"start":{"line":72,"column":8},"end":{"line":77,"column":9}},"type":"if","locations":[{"start":{"line":72,"column":8},"end":{"line":77,"column":9}},{"start":{},"end":{}}],"line":72},"4":{"loc":{"start":{"line":99,"column":8},"end":{"line":101,"column":9}},"type":"if","locations":[{"start":{"line":99,"column":8},"end":{"line":101,"column":9}},{"start":{},"end":{}}],"line":99},"5":{"loc":{"start":{"line":103,"column":8},"end":{"line":105,"column":9}},"type":"if","locations":[{"start":{"line":103,"column":8},"end":{"line":105,"column":9}},{"start":{},"end":{}}],"line":103},"6":{"loc":{"start":{"line":103,"column":12},"end":{"line":103,"column":79}},"type":"binary-expr","locations":[{"start":{"line":103,"column":12},"end":{"line":103,"column":50}},{"start":{"line":103,"column":54},"end":{"line":103,"column":79}}],"line":103},"7":{"loc":{"start":{"line":107,"column":8},"end":{"line":107,"column":61}},"type":"if","locations":[{"start":{"line":107,"column":8},"end":{"line":107,"column":61}},{"start":{},"end":{}}],"line":107},"8":{"loc":{"start":{"line":108,"column":8},"end":{"line":108,"column":64}},"type":"if","locations":[{"start":{"line":108,"column":8},"end":{"line":108,"column":64}},{"start":{},"end":{}}],"line":108},"9":{"loc":{"start":{"line":130,"column":8},"end":{"line":132,"column":9}},"type":"if","locations":[{"start":{"line":130,"column":8},"end":{"line":132,"column":9}},{"start":{},"end":{}}],"line":130},"10":{"loc":{"start":{"line":134,"column":8},"end":{"line":136,"column":9}},"type":"if","locations":[{"start":{"line":134,"column":8},"end":{"line":136,"column":9}},{"start":{},"end":{}}],"line":134},"11":{"loc":{"start":{"line":134,"column":12},"end":{"line":134,"column":79}},"type":"binary-expr","locations":[{"start":{"line":134,"column":12},"end":{"line":134,"column":50}},{"start":{"line":134,"column":54},"end":{"line":134,"column":79}}],"line":134}},"s":{"0":2,"1":2,"2":2,"3":0,"4":0,"5":0,"6":0,"7":0,"8":0,"9":0,"10":0,"11":2,"12":0,"13":0,"14":0,"15":0,"16":0,"17":0,"18":0,"19":2,"20":0,"21":0,"22":0,"23":0,"24":0,"25":0,"26":0,"27":0,"28":0,"29":0,"30":0,"31":0,"32":0,"33":2,"34":0,"35":0,"36":0,"37":0,"38":0,"39":0,"40":0,"41":0,"42":0,"43":0,"44":0,"45":0,"46":0,"47":0,"48":2,"49":0,"50":0,"51":0,"52":0,"53":0,"54":0,"55":0,"56":0,"57":0,"58":0},"f":{"0":0,"1":0,"2":0,"3":0,"4":0},"b":{"0":[0,0],"1":[0,0],"2":[0,0],"3":[0,0],"4":[0,0],"5":[0,0],"6":[0,0],"7":[0,0],"8":[0,0],"9":[0,0],"10":[0,0],"11":[0,0]},"_coverageSchema":"1a1c01bbd47fc00a2c39e90264f33305004495a9","hash":"fa9e31265414d283facaf38d2e580f948288d3ef"}
,"D:\\work\\uni\\year1\\software prac\\project\\project-may-i-scan\\controllers\\therapists.js": {"path":"D:\\work\\uni\\year1\\software prac\\project\\project-may-i-scan\\controllers\\therapists.js","statementMap":{"0":{"start":{"line":1,"column":18},"end":{"line":1,"column":48}},"1":{"start":{"line":2,"column":13},"end":{"line":2,"column":38}},"2":{"start":{"line":3,"column":20},"end":{"line":3,"column":52}},"3":{"start":{"line":8,"column":0},"end":{"line":49,"column":2}},"4":{"start":{"line":9,"column":2},"end":{"line":48,"column":3}},"5":{"start":{"line":10,"column":22},"end":{"line":10,"column":78}},"6":{"start":{"line":13,"column":4},"end":{"line":18,"column":5}},"7":{"start":{"line":14,"column":6},"end":{"line":17,"column":9}},"8":{"start":{"line":21,"column":6},"end":{"line":21,"column":71}},"9":{"start":{"line":23,"column":20},"end":{"line":23,"column":65}},"10":{"start":{"line":24,"column":20},"end":{"line":24,"column":45}},"11":{"start":{"line":26,"column":4},"end":{"line":26,"column":51}},"12":{"start":{"line":27,"column":4},"end":{"line":27,"column":45}},"13":{"start":{"line":28,"column":4},"end":{"line":28,"column":37}},"14":{"start":{"line":29,"column":4},"end":{"line":29,"column":37}},"15":{"start":{"line":31,"column":4},"end":{"line":36,"column":5}},"16":{"start":{"line":32,"column":6},"end":{"line":35,"column":9}},"17":{"start":{"line":38,"column":4},"end":{"line":41,"column":7}},"18":{"start":{"line":43,"column":4},"end":{"line":43,"column":46}},"19":{"start":{"line":44,"column":4},"end":{"line":47,"column":7}},"20":{"start":{"line":57,"column":0},"end":{"line":143,"column":2}},"21":{"start":{"line":58,"column":2},"end":{"line":142,"column":3}},"22":{"start":{"line":59,"column":24},"end":{"line":59,"column":37}},"23":{"start":{"line":61,"column":22},"end":{"line":61,"column":59}},"24":{"start":{"line":62,"column":4},"end":{"line":66,"column":5}},"25":{"start":{"line":63,"column":6},"end":{"line":65,"column":66}},"26":{"start":{"line":68,"column":17},"end":{"line":68,"column":52}},"27":{"start":{"line":69,"column":4},"end":{"line":73,"column":5}},"28":{"start":{"line":70,"column":6},"end":{"line":72,"column":61}},"29":{"start":{"line":75,"column":20},"end":{"line":75,"column":61}},"30":{"start":{"line":76,"column":20},"end":{"line":76,"column":45}},"31":{"start":{"line":78,"column":4},"end":{"line":83,"column":5}},"32":{"start":{"line":79,"column":6},"end":{"line":82,"column":9}},"33":{"start":{"line":85,"column":20},"end":{"line":85,"column":35}},"34":{"start":{"line":88,"column":4},"end":{"line":101,"column":5}},"35":{"start":{"line":89,"column":6},"end":{"line":89,"column":26}},"36":{"start":{"line":92,"column":6},"end":{"line":94,"column":7}},"37":{"start":{"line":93,"column":8},"end":{"line":93,"column":29}},"38":{"start":{"line":96,"column":6},"end":{"line":100,"column":7}},"39":{"start":{"line":97,"column":8},"end":{"line":97,"column":37}},"40":{"start":{"line":98,"column":8},"end":{"line":98,"column":35}},"41":{"start":{"line":99,"column":8},"end":{"line":99,"column":40}},"42":{"start":{"line":103,"column":35},"end":{"line":115,"column":5}},"43":{"start":{"line":117,"column":4},"end":{"line":121,"column":7}},"44":{"start":{"line":118,"column":6},"end":{"line":120,"column":7}},"45":{"start":{"line":119,"column":8},"end":{"line":119,"column":42}},"46":{"start":{"line":123,"column":4},"end":{"line":123,"column":27}},"47":{"start":{"line":126,"column":30},"end":{"line":126,"column":74}},"48":{"start":{"line":127,"column":4},"end":{"line":131,"column":7}},"49":{"start":{"line":128,"column":6},"end":{"line":130,"column":7}},"50":{"start":{"line":129,"column":8},"end":{"line":129,"column":37}},"51":{"start":{"line":133,"column":4},"end":{"line":133,"column":22}},"52":{"start":{"line":135,"column":4},"end":{"line":138,"column":7}},"53":{"start":{"line":140,"column":4},"end":{"line":140,"column":50}},"54":{"start":{"line":141,"column":4},"end":{"line":141,"column":70}},"55":{"start":{"line":148,"column":0},"end":{"line":164,"column":2}},"56":{"start":{"line":149,"column":2},"end":{"line":163,"column":3}},"57":{"start":{"line":150,"column":30},"end":{"line":152,"column":23}},"58":{"start":{"line":154,"column":4},"end":{"line":157,"column":7}},"59":{"start":{"line":159,"column":4},"end":{"line":159,"column":56}},"60":{"start":{"line":160,"column":4},"end":{"line":162,"column":78}},"61":{"start":{"line":169,"column":0},"end":{"line":189,"column":2}},"62":{"start":{"line":170,"column":2},"end":{"line":188,"column":3}},"63":{"start":{"line":171,"column":22},"end":{"line":171,"column":61}},"64":{"start":{"line":173,"column":4},"end":{"line":177,"column":5}},"65":{"start":{"line":174,"column":6},"end":{"line":176,"column":66}},"66":{"start":{"line":179,"column":4},"end":{"line":179,"column":33}},"67":{"start":{"line":181,"column":4},"end":{"line":181,"column":27}},"68":{"start":{"line":183,"column":4},"end":{"line":185,"column":75}},"69":{"start":{"line":187,"column":4},"end":{"line":187,"column":80}},"70":{"start":{"line":194,"column":0},"end":{"line":215,"column":2}},"71":{"start":{"line":195,"column":2},"end":{"line":214,"column":3}},"72":{"start":{"line":196,"column":22},"end":{"line":196,"column":61}},"73":{"start":{"line":198,"column":4},"end":{"line":202,"column":5}},"74":{"start":{"line":199,"column":6},"end":{"line":201,"column":66}},"75":{"start":{"line":204,"column":4},"end":{"line":204,"column":33}},"76":{"start":{"line":205,"column":4},"end":{"line":205,"column":47}},"77":{"start":{"line":207,"column":4},"end":{"line":207,"column":27}},"78":{"start":{"line":209,"column":4},"end":{"line":211,"column":75}},"79":{"start":{"line":213,"column":4},"end":{"line":213,"column":79}},"80":{"start":{"line":220,"column":0},"end":{"line":238,"column":2}},"81":{"start":{"line":221,"column":2},"end":{"line":237,"column":3}},"82":{"start":{"line":223,"column":21},"end":{"line":223,"column":23}},"83":{"start":{"line":224,"column":4},"end":{"line":226,"column":5}},"84":{"start":{"line":225,"column":6},"end":{"line":225,"column":39}},"85":{"start":{"line":228,"column":23},"end":{"line":228,"column":70}},"86":{"start":{"line":230,"column":4},"end":{"line":234,"column":7}},"87":{"start":{"line":236,"column":4},"end":{"line":236,"column":67}},"88":{"start":{"line":243,"column":0},"end":{"line":259,"column":2}},"89":{"start":{"line":244,"column":2},"end":{"line":258,"column":3}},"90":{"start":{"line":245,"column":31},"end":{"line":247,"column":23}},"91":{"start":{"line":249,"column":4},"end":{"line":252,"column":7}},"92":{"start":{"line":254,"column":4},"end":{"line":254,"column":57}},"93":{"start":{"line":255,"column":4},"end":{"line":257,"column":78}},"94":{"start":{"line":265,"column":0},"end":{"line":281,"column":2}},"95":{"start":{"line":266,"column":2},"end":{"line":280,"column":3}},"96":{"start":{"line":267,"column":31},"end":{"line":269,"column":23}},"97":{"start":{"line":271,"column":4},"end":{"line":274,"column":7}},"98":{"start":{"line":276,"column":4},"end":{"line":276,"column":57}},"99":{"start":{"line":277,"column":4},"end":{"line":279,"column":78}},"100":{"start":{"line":286,"column":0},"end":{"line":325,"column":2}},"101":{"start":{"line":287,"column":2},"end":{"line":324,"column":3}},"102":{"start":{"line":288,"column":22},"end":{"line":288,"column":61}},"103":{"start":{"line":289,"column":4},"end":{"line":294,"column":5}},"104":{"start":{"line":290,"column":6},"end":{"line":293,"column":9}},"105":{"start":{"line":297,"column":6},"end":{"line":297,"column":67}},"106":{"start":{"line":299,"column":20},"end":{"line":299,"column":63}},"107":{"start":{"line":300,"column":20},"end":{"line":300,"column":45}},"108":{"start":{"line":302,"column":4},"end":{"line":308,"column":5}},"109":{"start":{"line":303,"column":6},"end":{"line":303,"column":27}},"110":{"start":{"line":304,"column":6},"end":{"line":307,"column":9}},"111":{"start":{"line":310,"column":4},"end":{"line":310,"column":50}},"112":{"start":{"line":312,"column":4},"end":{"line":312,"column":53}},"113":{"start":{"line":314,"column":4},"end":{"line":317,"column":7}},"114":{"start":{"line":319,"column":4},"end":{"line":319,"column":49}},"115":{"start":{"line":320,"column":4},"end":{"line":323,"column":7}},"116":{"start":{"line":359,"column":0},"end":{"line":386,"column":2}},"117":{"start":{"line":360,"column":2},"end":{"line":385,"column":3}},"118":{"start":{"line":361,"column":4},"end":{"line":365,"column":5}},"119":{"start":{"line":362,"column":6},"end":{"line":364,"column":61}},"120":{"start":{"line":367,"column":22},"end":{"line":367,"column":68}},"121":{"start":{"line":368,"column":4},"end":{"line":372,"column":5}},"122":{"start":{"line":369,"column":6},"end":{"line":371,"column":64}},"123":{"start":{"line":374,"column":25},"end":{"line":376,"column":56}},"124":{"start":{"line":377,"column":4},"end":{"line":381,"column":7}},"125":{"start":{"line":383,"column":4},"end":{"line":383,"column":23}},"126":{"start":{"line":384,"column":4},"end":{"line":384,"column":70}},"127":{"start":{"line":391,"column":0},"end":{"line":442,"column":2}},"128":{"start":{"line":392,"column":2},"end":{"line":441,"column":3}},"129":{"start":{"line":393,"column":46},"end":{"line":393,"column":54}},"130":{"start":{"line":395,"column":4},"end":{"line":400,"column":5}},"131":{"start":{"line":396,"column":6},"end":{"line":399,"column":9}},"132":{"start":{"line":402,"column":22},"end":{"line":402,"column":61}},"133":{"start":{"line":403,"column":4},"end":{"line":408,"column":5}},"134":{"start":{"line":404,"column":6},"end":{"line":407,"column":9}},"135":{"start":{"line":411,"column":24},"end":{"line":419,"column":6}},"136":{"start":{"line":412,"column":6},"end":{"line":418,"column":8}},"137":{"start":{"line":421,"column":4},"end":{"line":426,"column":5}},"138":{"start":{"line":422,"column":6},"end":{"line":425,"column":9}},"139":{"start":{"line":428,"column":4},"end":{"line":428,"column":74}},"140":{"start":{"line":429,"column":4},"end":{"line":429,"column":27}},"141":{"start":{"line":431,"column":4},"end":{"line":434,"column":7}},"142":{"start":{"line":436,"column":4},"end":{"line":436,"column":56}},"143":{"start":{"line":437,"column":4},"end":{"line":440,"column":7}},"144":{"start":{"line":447,"column":0},"end":{"line":500,"column":2}},"145":{"start":{"line":448,"column":2},"end":{"line":499,"column":3}},"146":{"start":{"line":449,"column":84},"end":{"line":449,"column":92}},"147":{"start":{"line":451,"column":4},"end":{"line":456,"column":5}},"148":{"start":{"line":452,"column":6},"end":{"line":455,"column":9}},"149":{"start":{"line":458,"column":22},"end":{"line":458,"column":61}},"150":{"start":{"line":459,"column":4},"end":{"line":464,"column":5}},"151":{"start":{"line":460,"column":6},"end":{"line":463,"column":9}},"152":{"start":{"line":467,"column":17},"end":{"line":472,"column":5}},"153":{"start":{"line":469,"column":8},"end":{"line":471,"column":32}},"154":{"start":{"line":474,"column":4},"end":{"line":479,"column":5}},"155":{"start":{"line":475,"column":6},"end":{"line":478,"column":9}},"156":{"start":{"line":482,"column":4},"end":{"line":482,"column":37}},"157":{"start":{"line":482,"column":17},"end":{"line":482,"column":37}},"158":{"start":{"line":483,"column":4},"end":{"line":483,"column":34}},"159":{"start":{"line":483,"column":16},"end":{"line":483,"column":34}},"160":{"start":{"line":484,"column":4},"end":{"line":484,"column":52}},"161":{"start":{"line":484,"column":22},"end":{"line":484,"column":52}},"162":{"start":{"line":485,"column":4},"end":{"line":485,"column":46}},"163":{"start":{"line":485,"column":20},"end":{"line":485,"column":46}},"164":{"start":{"line":487,"column":4},"end":{"line":487,"column":27}},"165":{"start":{"line":489,"column":4},"end":{"line":492,"column":7}},"166":{"start":{"line":494,"column":4},"end":{"line":494,"column":59}},"167":{"start":{"line":495,"column":4},"end":{"line":498,"column":7}},"168":{"start":{"line":505,"column":0},"end":{"line":554,"column":2}},"169":{"start":{"line":506,"column":2},"end":{"line":553,"column":3}},"170":{"start":{"line":507,"column":41},"end":{"line":507,"column":49}},"171":{"start":{"line":509,"column":4},"end":{"line":514,"column":5}},"172":{"start":{"line":510,"column":6},"end":{"line":513,"column":9}},"173":{"start":{"line":516,"column":22},"end":{"line":516,"column":61}},"174":{"start":{"line":517,"column":4},"end":{"line":522,"column":5}},"175":{"start":{"line":518,"column":6},"end":{"line":521,"column":9}},"176":{"start":{"line":525,"column":22},"end":{"line":530,"column":5}},"177":{"start":{"line":527,"column":8},"end":{"line":529,"column":32}},"178":{"start":{"line":532,"column":4},"end":{"line":537,"column":5}},"179":{"start":{"line":533,"column":6},"end":{"line":536,"column":9}},"180":{"start":{"line":540,"column":4},"end":{"line":540,"column":55}},"181":{"start":{"line":541,"column":4},"end":{"line":541,"column":27}},"182":{"start":{"line":543,"column":4},"end":{"line":546,"column":7}},"183":{"start":{"line":548,"column":4},"end":{"line":548,"column":59}},"184":{"start":{"line":549,"column":4},"end":{"line":552,"column":7}},"185":{"start":{"line":559,"column":0},"end":{"line":580,"column":2}},"186":{"start":{"line":560,"column":2},"end":{"line":579,"column":3}},"187":{"start":{"line":561,"column":22},"end":{"line":561,"column":61}},"188":{"start":{"line":562,"column":4},"end":{"line":567,"column":5}},"189":{"start":{"line":563,"column":6},"end":{"line":566,"column":9}},"190":{"start":{"line":569,"column":4},"end":{"line":572,"column":7}},"191":{"start":{"line":574,"column":4},"end":{"line":574,"column":57}},"192":{"start":{"line":575,"column":4},"end":{"line":578,"column":7}},"193":{"start":{"line":585,"column":0},"end":{"line":639,"column":2}},"194":{"start":{"line":586,"column":2},"end":{"line":638,"column":3}},"195":{"start":{"line":587,"column":59},"end":{"line":587,"column":68}},"196":{"start":{"line":590,"column":4},"end":{"line":595,"column":5}},"197":{"start":{"line":591,"column":6},"end":{"line":594,"column":9}},"198":{"start":{"line":597,"column":4},"end":{"line":602,"column":5}},"199":{"start":{"line":598,"column":6},"end":{"line":601,"column":9}},"200":{"start":{"line":605,"column":18},"end":{"line":622,"column":5}},"201":{"start":{"line":625,"column":23},"end":{"line":625,"column":67}},"202":{"start":{"line":627,"column":4},"end":{"line":631,"column":7}},"203":{"start":{"line":633,"column":4},"end":{"line":633,"column":56}},"204":{"start":{"line":634,"column":4},"end":{"line":637,"column":7}}},"fnMap":{"0":{"name":"(anonymous_0)","decl":{"start":{"line":8,"column":23},"end":{"line":8,"column":24}},"loc":{"start":{"line":8,"column":49},"end":{"line":49,"column":1}},"line":8},"1":{"name":"(anonymous_1)","decl":{"start":{"line":57,"column":26},"end":{"line":57,"column":27}},"loc":{"start":{"line":57,"column":52},"end":{"line":143,"column":1}},"line":57},"2":{"name":"(anonymous_2)","decl":{"start":{"line":117,"column":35},"end":{"line":117,"column":36}},"loc":{"start":{"line":117,"column":46},"end":{"line":121,"column":5}},"line":117},"3":{"name":"(anonymous_3)","decl":{"start":{"line":127,"column":30},"end":{"line":127,"column":31}},"loc":{"start":{"line":127,"column":41},"end":{"line":131,"column":5}},"line":127},"4":{"name":"(anonymous_4)","decl":{"start":{"line":148,"column":31},"end":{"line":148,"column":32}},"loc":{"start":{"line":148,"column":57},"end":{"line":164,"column":1}},"line":148},"5":{"name":"(anonymous_5)","decl":{"start":{"line":169,"column":26},"end":{"line":169,"column":27}},"loc":{"start":{"line":169,"column":52},"end":{"line":189,"column":1}},"line":169},"6":{"name":"(anonymous_6)","decl":{"start":{"line":194,"column":26},"end":{"line":194,"column":27}},"loc":{"start":{"line":194,"column":52},"end":{"line":215,"column":1}},"line":194},"7":{"name":"(anonymous_7)","decl":{"start":{"line":220,"column":24},"end":{"line":220,"column":25}},"loc":{"start":{"line":220,"column":50},"end":{"line":238,"column":1}},"line":220},"8":{"name":"(anonymous_8)","decl":{"start":{"line":243,"column":32},"end":{"line":243,"column":33}},"loc":{"start":{"line":243,"column":58},"end":{"line":259,"column":1}},"line":243},"9":{"name":"(anonymous_9)","decl":{"start":{"line":265,"column":32},"end":{"line":265,"column":33}},"loc":{"start":{"line":265,"column":58},"end":{"line":281,"column":1}},"line":265},"10":{"name":"(anonymous_10)","decl":{"start":{"line":286,"column":26},"end":{"line":286,"column":27}},"loc":{"start":{"line":286,"column":52},"end":{"line":325,"column":1}},"line":286},"11":{"name":"(anonymous_11)","decl":{"start":{"line":359,"column":35},"end":{"line":359,"column":36}},"loc":{"start":{"line":359,"column":61},"end":{"line":386,"column":1}},"line":359},"12":{"name":"(anonymous_12)","decl":{"start":{"line":391,"column":33},"end":{"line":391,"column":34}},"loc":{"start":{"line":391,"column":59},"end":{"line":442,"column":1}},"line":391},"13":{"name":"(anonymous_13)","decl":{"start":{"line":411,"column":59},"end":{"line":411,"column":60}},"loc":{"start":{"line":411,"column":69},"end":{"line":419,"column":5}},"line":411},"14":{"name":"(anonymous_14)","decl":{"start":{"line":447,"column":36},"end":{"line":447,"column":37}},"loc":{"start":{"line":447,"column":62},"end":{"line":500,"column":1}},"line":447},"15":{"name":"(anonymous_15)","decl":{"start":{"line":468,"column":6},"end":{"line":468,"column":7}},"loc":{"start":{"line":469,"column":8},"end":{"line":471,"column":32}},"line":469},"16":{"name":"(anonymous_16)","decl":{"start":{"line":505,"column":36},"end":{"line":505,"column":37}},"loc":{"start":{"line":505,"column":62},"end":{"line":554,"column":1}},"line":505},"17":{"name":"(anonymous_17)","decl":{"start":{"line":526,"column":6},"end":{"line":526,"column":7}},"loc":{"start":{"line":527,"column":8},"end":{"line":529,"column":32}},"line":527},"18":{"name":"(anonymous_18)","decl":{"start":{"line":559,"column":34},"end":{"line":559,"column":35}},"loc":{"start":{"line":559,"column":60},"end":{"line":580,"column":1}},"line":559},"19":{"name":"(anonymous_19)","decl":{"start":{"line":585,"column":33},"end":{"line":585,"column":34}},"loc":{"start":{"line":585,"column":59},"end":{"line":639,"column":1}},"line":585}},"branchMap":{"0":{"loc":{"start":{"line":13,"column":4},"end":{"line":18,"column":5}},"type":"if","locations":[{"start":{"line":13,"column":4},"end":{"line":18,"column":5}},{"start":{},"end":{}}],"line":13},"1":{"loc":{"start":{"line":21,"column":6},"end":{"line":21,"column":71}},"type":"binary-expr","locations":[{"start":{"line":21,"column":6},"end":{"line":21,"column":39}},{"start":{"line":21,"column":43},"end":{"line":21,"column":71}}],"line":21},"2":{"loc":{"start":{"line":31,"column":4},"end":{"line":36,"column":5}},"type":"if","locations":[{"start":{"line":31,"column":4},"end":{"line":36,"column":5}},{"start":{},"end":{}}],"line":31},"3":{"loc":{"start":{"line":31,"column":8},"end":{"line":31,"column":28}},"type":"binary-expr","locations":[{"start":{"line":31,"column":8},"end":{"line":31,"column":16}},{"start":{"line":31,"column":20},"end":{"line":31,"column":28}}],"line":31},"4":{"loc":{"start":{"line":62,"column":4},"end":{"line":66,"column":5}},"type":"if","locations":[{"start":{"line":62,"column":4},"end":{"line":66,"column":5}},{"start":{},"end":{}}],"line":62},"5":{"loc":{"start":{"line":69,"column":4},"end":{"line":73,"column":5}},"type":"if","locations":[{"start":{"line":69,"column":4},"end":{"line":73,"column":5}},{"start":{},"end":{}}],"line":69},"6":{"loc":{"start":{"line":78,"column":4},"end":{"line":83,"column":5}},"type":"if","locations":[{"start":{"line":78,"column":4},"end":{"line":83,"column":5}},{"start":{},"end":{}}],"line":78},"7":{"loc":{"start":{"line":78,"column":8},"end":{"line":78,"column":28}},"type":"binary-expr","locations":[{"start":{"line":78,"column":8},"end":{"line":78,"column":16}},{"start":{"line":78,"column":20},"end":{"line":78,"column":28}}],"line":78},"8":{"loc":{"start":{"line":88,"column":4},"end":{"line":101,"column":5}},"type":"if","locations":[{"start":{"line":88,"column":4},"end":{"line":101,"column":5}},{"start":{},"end":{}}],"line":88},"9":{"loc":{"start":{"line":92,"column":6},"end":{"line":94,"column":7}},"type":"if","locations":[{"start":{"line":92,"column":6},"end":{"line":94,"column":7}},{"start":{},"end":{}}],"line":92},"10":{"loc":{"start":{"line":96,"column":6},"end":{"line":100,"column":7}},"type":"if","locations":[{"start":{"line":96,"column":6},"end":{"line":100,"column":7}},{"start":{},"end":{}}],"line":96},"11":{"loc":{"start":{"line":118,"column":6},"end":{"line":120,"column":7}},"type":"if","locations":[{"start":{"line":118,"column":6},"end":{"line":120,"column":7}},{"start":{},"end":{}}],"line":118},"12":{"loc":{"start":{"line":128,"column":6},"end":{"line":130,"column":7}},"type":"if","locations":[{"start":{"line":128,"column":6},"end":{"line":130,"column":7}},{"start":{},"end":{}}],"line":128},"13":{"loc":{"start":{"line":173,"column":4},"end":{"line":177,"column":5}},"type":"if","locations":[{"start":{"line":173,"column":4},"end":{"line":177,"column":5}},{"start":{},"end":{}}],"line":173},"14":{"loc":{"start":{"line":198,"column":4},"end":{"line":202,"column":5}},"type":"if","locations":[{"start":{"line":198,"column":4},"end":{"line":202,"column":5}},{"start":{},"end":{}}],"line":198},"15":{"loc":{"start":{"line":205,"column":24},"end":{"line":205,"column":46}},"type":"binary-expr","locations":[{"start":{"line":205,"column":24},"end":{"line":205,"column":40}},{"start":{"line":205,"column":44},"end":{"line":205,"column":46}}],"line":205},"16":{"loc":{"start":{"line":224,"column":4},"end":{"line":226,"column":5}},"type":"if","locations":[{"start":{"line":224,"column":4},"end":{"line":226,"column":5}},{"start":{},"end":{}}],"line":224},"17":{"loc":{"start":{"line":289,"column":4},"end":{"line":294,"column":5}},"type":"if","locations":[{"start":{"line":289,"column":4},"end":{"line":294,"column":5}},{"start":{},"end":{}}],"line":289},"18":{"loc":{"start":{"line":297,"column":6},"end":{"line":297,"column":67}},"type":"binary-expr","locations":[{"start":{"line":297,"column":6},"end":{"line":297,"column":37}},{"start":{"line":297,"column":41},"end":{"line":297,"column":67}}],"line":297},"19":{"loc":{"start":{"line":302,"column":4},"end":{"line":308,"column":5}},"type":"if","locations":[{"start":{"line":302,"column":4},"end":{"line":308,"column":5}},{"start":{},"end":{}}],"line":302},"20":{"loc":{"start":{"line":302,"column":8},"end":{"line":302,"column":28}},"type":"binary-expr","locations":[{"start":{"line":302,"column":8},"end":{"line":302,"column":16}},{"start":{"line":302,"column":20},"end":{"line":302,"column":28}}],"line":302},"21":{"loc":{"start":{"line":361,"column":4},"end":{"line":365,"column":5}},"type":"if","locations":[{"start":{"line":361,"column":4},"end":{"line":365,"column":5}},{"start":{},"end":{}}],"line":361},"22":{"loc":{"start":{"line":368,"column":4},"end":{"line":372,"column":5}},"type":"if","locations":[{"start":{"line":368,"column":4},"end":{"line":372,"column":5}},{"start":{},"end":{}}],"line":368},"23":{"loc":{"start":{"line":395,"column":4},"end":{"line":400,"column":5}},"type":"if","locations":[{"start":{"line":395,"column":4},"end":{"line":400,"column":5}},{"start":{},"end":{}}],"line":395},"24":{"loc":{"start":{"line":395,"column":8},"end":{"line":395,"column":47}},"type":"binary-expr","locations":[{"start":{"line":395,"column":8},"end":{"line":395,"column":13}},{"start":{"line":395,"column":17},"end":{"line":395,"column":21}},{"start":{"line":395,"column":25},"end":{"line":395,"column":35}},{"start":{"line":395,"column":39},"end":{"line":395,"column":47}}],"line":395},"25":{"loc":{"start":{"line":403,"column":4},"end":{"line":408,"column":5}},"type":"if","locations":[{"start":{"line":403,"column":4},"end":{"line":408,"column":5}},{"start":{},"end":{}}],"line":403},"26":{"loc":{"start":{"line":413,"column":8},"end":{"line":417,"column":67}},"type":"binary-expr","locations":[{"start":{"line":413,"column":8},"end":{"line":413,"column":26}},{"start":{"line":414,"column":8},"end":{"line":414,"column":24}},{"start":{"line":415,"column":10},"end":{"line":415,"column":37}},{"start":{"line":415,"column":41},"end":{"line":415,"column":65}},{"start":{"line":416,"column":11},"end":{"line":416,"column":35}},{"start":{"line":416,"column":39},"end":{"line":416,"column":62}},{"start":{"line":417,"column":11},"end":{"line":417,"column":38}},{"start":{"line":417,"column":42},"end":{"line":417,"column":65}}],"line":413},"27":{"loc":{"start":{"line":421,"column":4},"end":{"line":426,"column":5}},"type":"if","locations":[{"start":{"line":421,"column":4},"end":{"line":426,"column":5}},{"start":{},"end":{}}],"line":421},"28":{"loc":{"start":{"line":451,"column":4},"end":{"line":456,"column":5}},"type":"if","locations":[{"start":{"line":451,"column":4},"end":{"line":456,"column":5}},{"start":{},"end":{}}],"line":451},"29":{"loc":{"start":{"line":451,"column":8},"end":{"line":451,"column":39}},"type":"binary-expr","locations":[{"start":{"line":451,"column":8},"end":{"line":451,"column":13}},{"start":{"line":451,"column":17},"end":{"line":451,"column":27}},{"start":{"line":451,"column":31},"end":{"line":451,"column":39}}],"line":451},"30":{"loc":{"start":{"line":459,"column":4},"end":{"line":464,"column":5}},"type":"if","locations":[{"start":{"line":459,"column":4},"end":{"line":464,"column":5}},{"start":{},"end":{}}],"line":459},"31":{"loc":{"start":{"line":469,"column":8},"end":{"line":471,"column":32}},"type":"binary-expr","locations":[{"start":{"line":469,"column":8},"end":{"line":469,"column":26}},{"start":{"line":470,"column":8},"end":{"line":470,"column":36}},{"start":{"line":471,"column":8},"end":{"line":471,"column":32}}],"line":469},"32":{"loc":{"start":{"line":474,"column":4},"end":{"line":479,"column":5}},"type":"if","locations":[{"start":{"line":474,"column":4},"end":{"line":479,"column":5}},{"start":{},"end":{}}],"line":474},"33":{"loc":{"start":{"line":482,"column":4},"end":{"line":482,"column":37}},"type":"if","locations":[{"start":{"line":482,"column":4},"end":{"line":482,"column":37}},{"start":{},"end":{}}],"line":482},"34":{"loc":{"start":{"line":483,"column":4},"end":{"line":483,"column":34}},"type":"if","locations":[{"start":{"line":483,"column":4},"end":{"line":483,"column":34}},{"start":{},"end":{}}],"line":483},"35":{"loc":{"start":{"line":484,"column":4},"end":{"line":484,"column":52}},"type":"if","locations":[{"start":{"line":484,"column":4},"end":{"line":484,"column":52}},{"start":{},"end":{}}],"line":484},"36":{"loc":{"start":{"line":485,"column":4},"end":{"line":485,"column":46}},"type":"if","locations":[{"start":{"line":485,"column":4},"end":{"line":485,"column":46}},{"start":{},"end":{}}],"line":485},"37":{"loc":{"start":{"line":509,"column":4},"end":{"line":514,"column":5}},"type":"if","locations":[{"start":{"line":509,"column":4},"end":{"line":514,"column":5}},{"start":{},"end":{}}],"line":509},"38":{"loc":{"start":{"line":509,"column":8},"end":{"line":509,"column":39}},"type":"binary-expr","locations":[{"start":{"line":509,"column":8},"end":{"line":509,"column":13}},{"start":{"line":509,"column":17},"end":{"line":509,"column":27}},{"start":{"line":509,"column":31},"end":{"line":509,"column":39}}],"line":509},"39":{"loc":{"start":{"line":517,"column":4},"end":{"line":522,"column":5}},"type":"if","locations":[{"start":{"line":517,"column":4},"end":{"line":522,"column":5}},{"start":{},"end":{}}],"line":517},"40":{"loc":{"start":{"line":527,"column":8},"end":{"line":529,"column":32}},"type":"binary-expr","locations":[{"start":{"line":527,"column":8},"end":{"line":527,"column":26}},{"start":{"line":528,"column":8},"end":{"line":528,"column":36}},{"start":{"line":529,"column":8},"end":{"line":529,"column":32}}],"line":527},"41":{"loc":{"start":{"line":532,"column":4},"end":{"line":537,"column":5}},"type":"if","locations":[{"start":{"line":532,"column":4},"end":{"line":537,"column":5}},{"start":{},"end":{}}],"line":532},"42":{"loc":{"start":{"line":562,"column":4},"end":{"line":567,"column":5}},"type":"if","locations":[{"start":{"line":562,"column":4},"end":{"line":567,"column":5}},{"start":{},"end":{}}],"line":562},"43":{"loc":{"start":{"line":590,"column":4},"end":{"line":595,"column":5}},"type":"if","locations":[{"start":{"line":590,"column":4},"end":{"line":595,"column":5}},{"start":{},"end":{}}],"line":590},"44":{"loc":{"start":{"line":590,"column":8},"end":{"line":590,"column":47}},"type":"binary-expr","locations":[{"start":{"line":590,"column":8},"end":{"line":590,"column":13}},{"start":{"line":590,"column":17},"end":{"line":590,"column":21}},{"start":{"line":590,"column":25},"end":{"line":590,"column":35}},{"start":{"line":590,"column":39},"end":{"line":590,"column":47}}],"line":590},"45":{"loc":{"start":{"line":597,"column":4},"end":{"line":602,"column":5}},"type":"if","locations":[{"start":{"line":597,"column":4},"end":{"line":602,"column":5}},{"start":{},"end":{}}],"line":597}},"s":{"0":2,"1":2,"2":2,"3":2,"4":0,"5":0,"6":0,"7":0,"8":0,"9":0,"10":0,"11":0,"12":0,"13":0,"14":0,"15":0,"16":0,"17":0,"18":0,"19":0,"20":2,"21":0,"22":0,"23":0,"24":0,"25":0,"26":0,"27":0,"28":0,"29":0,"30":0,"31":0,"32":0,"33":0,"34":0,"35":0,"36":0,"37":0,"38":0,"39":0,"40":0,"41":0,"42":0,"43":0,"44":0,"45":0,"46":0,"47":0,"48":0,"49":0,"50":0,"51":0,"52":0,"53":0,"54":0,"55":2,"56":0,"57":0,"58":0,"59":0,"60":0,"61":2,"62":0,"63":0,"64":0,"65":0,"66":0,"67":0,"68":0,"69":0,"70":2,"71":0,"72":0,"73":0,"74":0,"75":0,"76":0,"77":0,"78":0,"79":0,"80":2,"81":0,"82":0,"83":0,"84":0,"85":0,"86":0,"87":0,"88":2,"89":1,"90":1,"91":1,"92":0,"93":0,"94":2,"95":0,"96":0,"97":0,"98":0,"99":0,"100":2,"101":0,"102":0,"103":0,"104":0,"105":0,"106":0,"107":0,"108":0,"109":0,"110":0,"111":0,"112":0,"113":0,"114":0,"115":0,"116":2,"117":1,"118":1,"119":0,"120":1,"121":1,"122":0,"123":1,"124":1,"125":0,"126":0,"127":2,"128":0,"129":0,"130":0,"131":0,"132":0,"133":0,"134":0,"135":0,"136":0,"137":0,"138":0,"139":0,"140":0,"141":0,"142":0,"143":0,"144":2,"145":0,"146":0,"147":0,"148":0,"149":0,"150":0,"151":0,"152":0,"153":0,"154":0,"155":0,"156":0,"157":0,"158":0,"159":0,"160":0,"161":0,"162":0,"163":0,"164":0,"165":0,"166":0,"167":0,"168":2,"169":0,"170":0,"171":0,"172":0,"173":0,"174":0,"175":0,"176":0,"177":0,"178":0,"179":0,"180":0,"181":0,"182":0,"183":0,"184":0,"185":2,"186":0,"187":0,"188":0,"189":0,"190":0,"191":0,"192":0,"193":2,"194":0,"195":0,"196":0,"197":0,"198":0,"199":0,"200":0,"201":0,"202":0,"203":0,"204":0},"f":{"0":0,"1":0,"2":0,"3":0,"4":0,"5":0,"6":0,"7":0,"8":1,"9":0,"10":0,"11":1,"12":0,"13":0,"14":0,"15":0,"16":0,"17":0,"18":0,"19":0},"b":{"0":[0,0],"1":[0,0],"2":[0,0],"3":[0,0],"4":[0,0],"5":[0,0],"6":[0,0],"7":[0,0],"8":[0,0],"9":[0,0],"10":[0,0],"11":[0,0],"12":[0,0],"13":[0,0],"14":[0,0],"15":[0,0],"16":[0,0],"17":[0,0],"18":[0,0],"19":[0,0],"20":[0,0],"21":[0,1],"22":[0,1],"23":[0,0],"24":[0,0,0,0],"25":[0,0],"26":[0,0,0,0,0,0,0,0],"27":[0,0],"28":[0,0],"29":[0,0,0],"30":[0,0],"31":[0,0,0],"32":[0,0],"33":[0,0],"34":[0,0],"35":[0,0],"36":[0,0],"37":[0,0],"38":[0,0,0],"39":[0,0],"40":[0,0,0],"41":[0,0],"42":[0,0],"43":[0,0],"44":[0,0,0,0],"45":[0,0]},"_coverageSchema":"1a1c01bbd47fc00a2c39e90264f33305004495a9","hash":"e222cecfc90d79e32381b028cabe4049ee6f0c86"}
,"D:\\work\\uni\\year1\\software prac\\project\\project-may-i-scan\\middleware\\auth.js": {"path":"D:\\work\\uni\\year1\\software prac\\project\\project-may-i-scan\\middleware\\auth.js","statementMap":{"0":{"start":{"line":1,"column":12},"end":{"line":1,"column":35}},"1":{"start":{"line":2,"column":12},"end":{"line":2,"column":37}},"2":{"start":{"line":3,"column":18},"end":{"line":3,"column":48}},"3":{"start":{"line":7,"column":0},"end":{"line":35,"column":4}},"4":{"start":{"line":10,"column":4},"end":{"line":15,"column":5}},"5":{"start":{"line":14,"column":6},"end":{"line":14,"column":54}},"6":{"start":{"line":17,"column":4},"end":{"line":19,"column":5}},"7":{"start":{"line":18,"column":6},"end":{"line":18,"column":81}},"8":{"start":{"line":21,"column":4},"end":{"line":34,"column":5}},"9":{"start":{"line":22,"column":22},"end":{"line":22,"column":63}},"10":{"start":{"line":24,"column":6},"end":{"line":24,"column":45}},"11":{"start":{"line":26,"column":6},"end":{"line":29,"column":8}},"12":{"start":{"line":31,"column":6},"end":{"line":31,"column":13}},"13":{"start":{"line":33,"column":6},"end":{"line":33,"column":80}},"14":{"start":{"line":38,"column":0},"end":{"line":46,"column":1}},"15":{"start":{"line":39,"column":4},"end":{"line":45,"column":5}},"16":{"start":{"line":40,"column":8},"end":{"line":40,"column":35}},"17":{"start":{"line":41,"column":8},"end":{"line":43,"column":9}},"18":{"start":{"line":42,"column":12},"end":{"line":42,"column":137}},"19":{"start":{"line":44,"column":8},"end":{"line":44,"column":15}}},"fnMap":{"0":{"name":"(anonymous_0)","decl":{"start":{"line":7,"column":18},"end":{"line":7,"column":19}},"loc":{"start":{"line":7,"column":44},"end":{"line":35,"column":3}},"line":7},"1":{"name":"(anonymous_1)","decl":{"start":{"line":38,"column":18},"end":{"line":38,"column":19}},"loc":{"start":{"line":38,"column":32},"end":{"line":46,"column":1}},"line":38},"2":{"name":"(anonymous_2)","decl":{"start":{"line":39,"column":11},"end":{"line":39,"column":12}},"loc":{"start":{"line":39,"column":27},"end":{"line":45,"column":5}},"line":39}},"branchMap":{"0":{"loc":{"start":{"line":10,"column":4},"end":{"line":15,"column":5}},"type":"if","locations":[{"start":{"line":10,"column":4},"end":{"line":15,"column":5}},{"start":{},"end":{}}],"line":10},"1":{"loc":{"start":{"line":11,"column":6},"end":{"line":12,"column":52}},"type":"binary-expr","locations":[{"start":{"line":11,"column":6},"end":{"line":11,"column":31}},{"start":{"line":12,"column":6},"end":{"line":12,"column":52}}],"line":11},"2":{"loc":{"start":{"line":17,"column":4},"end":{"line":19,"column":5}},"type":"if","locations":[{"start":{"line":17,"column":4},"end":{"line":19,"column":5}},{"start":{},"end":{}}],"line":17},"3":{"loc":{"start":{"line":41,"column":8},"end":{"line":43,"column":9}},"type":"if","locations":[{"start":{"line":41,"column":8},"end":{"line":43,"column":9}},{"start":{},"end":{}}],"line":41}},"s":{"0":2,"1":2,"2":2,"3":2,"4":1,"5":1,"6":1,"7":0,"8":1,"9":1,"10":1,"11":1,"12":1,"13":0,"14":2,"15":40,"16":1,"17":1,"18":0,"19":1},"f":{"0":1,"1":40,"2":1},"b":{"0":[1,0],"1":[1,1],"2":[0,1],"3":[0,1]},"_coverageSchema":"1a1c01bbd47fc00a2c39e90264f33305004495a9","hash":"0ba637cb1a80c22aab3cb562ca94a338aa4abdc8"}
,"D:\\work\\uni\\year1\\software prac\\project\\project-may-i-scan\\models\\MassageShop.js": {"path":"D:\\work\\uni\\year1\\software prac\\project\\project-may-i-scan\\models\\MassageShop.js","statementMap":{"0":{"start":{"line":1,"column":17},"end":{"line":1,"column":36}},"1":{"start":{"line":3,"column":26},"end":{"line":37,"column":2}},"2":{"start":{"line":39,"column":0},"end":{"line":44,"column":3}},"3":{"start":{"line":46,"column":0},"end":{"line":46,"column":64}}},"fnMap":{},"branchMap":{},"s":{"0":2,"1":2,"2":2,"3":2},"f":{},"b":{},"_coverageSchema":"1a1c01bbd47fc00a2c39e90264f33305004495a9","hash":"d447903078346b4589a85732b8596367dcacd1a6"}
,"D:\\work\\uni\\year1\\software prac\\project\\project-may-i-scan\\models\\Reservation.js": {"path":"D:\\work\\uni\\year1\\software prac\\project\\project-may-i-scan\\models\\Reservation.js","statementMap":{"0":{"start":{"line":1,"column":17},"end":{"line":1,"column":36}},"1":{"start":{"line":3,"column":26},"end":{"line":52,"column":2}},"2":{"start":{"line":54,"column":0},"end":{"line":54,"column":66}}},"fnMap":{},"branchMap":{},"s":{"0":2,"1":2,"2":2},"f":{},"b":{},"_coverageSchema":"1a1c01bbd47fc00a2c39e90264f33305004495a9","hash":"8a0af937fe2e29d31c7611bc29054986a3861f51"}
,"D:\\work\\uni\\year1\\software prac\\project\\project-may-i-scan\\models\\Review.js": {"path":"D:\\work\\uni\\year1\\software prac\\project\\project-may-i-scan\\models\\Review.js","statementMap":{"0":{"start":{"line":1,"column":17},"end":{"line":1,"column":36}},"1":{"start":{"line":3,"column":21},"end":{"line":28,"column":2}},"2":{"start":{"line":30,"column":0},"end":{"line":43,"column":2}},"3":{"start":{"line":31,"column":16},"end":{"line":34,"column":6}},"4":{"start":{"line":36,"column":4},"end":{"line":42,"column":5}},"5":{"start":{"line":37,"column":8},"end":{"line":39,"column":11}},"6":{"start":{"line":41,"column":8},"end":{"line":41,"column":27}},"7":{"start":{"line":45,"column":0},"end":{"line":47,"column":3}},"8":{"start":{"line":46,"column":4},"end":{"line":46,"column":56}},"9":{"start":{"line":49,"column":0},"end":{"line":49,"column":56}}},"fnMap":{"0":{"name":"(anonymous_0)","decl":{"start":{"line":30,"column":40},"end":{"line":30,"column":41}},"loc":{"start":{"line":30,"column":63},"end":{"line":43,"column":1}},"line":30},"1":{"name":"(anonymous_1)","decl":{"start":{"line":45,"column":26},"end":{"line":45,"column":27}},"loc":{"start":{"line":45,"column":37},"end":{"line":47,"column":1}},"line":45}},"branchMap":{"0":{"loc":{"start":{"line":38,"column":27},"end":{"line":38,"column":68}},"type":"cond-expr","locations":[{"start":{"line":38,"column":44},"end":{"line":38,"column":64}},{"start":{"line":38,"column":67},"end":{"line":38,"column":68}}],"line":38}},"s":{"0":2,"1":2,"2":2,"3":0,"4":0,"5":0,"6":0,"7":2,"8":0,"9":2},"f":{"0":0,"1":0},"b":{"0":[0,0]},"_coverageSchema":"1a1c01bbd47fc00a2c39e90264f33305004495a9","hash":"828151355398c87bb35f566398ebd5ecc2c22905"}
,"D:\\work\\uni\\year1\\software prac\\project\\project-may-i-scan\\models\\Therapist.js": {"path":"D:\\work\\uni\\year1\\software prac\\project\\project-may-i-scan\\models\\Therapist.js","statementMap":{"0":{"start":{"line":1,"column":17},"end":{"line":1,"column":36}},"1":{"start":{"line":2,"column":15},"end":{"line":2,"column":34}},"2":{"start":{"line":3,"column":12},"end":{"line":3,"column":35}},"3":{"start":{"line":5,"column":34},"end":{"line":10,"column":2}},"4":{"start":{"line":12,"column":24},"end":{"line":68,"column":2}},"5":{"start":{"line":70,"column":0},"end":{"line":70,"column":62}}},"fnMap":{},"branchMap":{},"s":{"0":2,"1":2,"2":2,"3":2,"4":2,"5":2},"f":{},"b":{},"_coverageSchema":"1a1c01bbd47fc00a2c39e90264f33305004495a9","hash":"66e069ca0e044631faddb7d90f3c52c1ae93b47e"}
,"D:\\work\\uni\\year1\\software prac\\project\\project-may-i-scan\\models\\User.js": {"path":"D:\\work\\uni\\year1\\software prac\\project\\project-may-i-scan\\models\\User.js","statementMap":{"0":{"start":{"line":1,"column":17},"end":{"line":1,"column":36}},"1":{"start":{"line":2,"column":15},"end":{"line":2,"column":34}},"2":{"start":{"line":3,"column":12},"end":{"line":3,"column":35}},"3":{"start":{"line":5,"column":19},"end":{"line":42,"column":2}},"4":{"start":{"line":48,"column":0},"end":{"line":59,"column":5}},"5":{"start":{"line":50,"column":4},"end":{"line":50,"column":52}},"6":{"start":{"line":50,"column":38},"end":{"line":50,"column":52}},"7":{"start":{"line":52,"column":4},"end":{"line":54,"column":5}},"8":{"start":{"line":53,"column":6},"end":{"line":53,"column":64}},"9":{"start":{"line":56,"column":17},"end":{"line":56,"column":41}},"10":{"start":{"line":57,"column":4},"end":{"line":57,"column":59}},"11":{"start":{"line":58,"column":4},"end":{"line":58,"column":11}},"12":{"start":{"line":62,"column":2},"end":{"line":73,"column":4}},"13":{"start":{"line":63,"column":4},"end":{"line":72,"column":6}},"14":{"start":{"line":75,"column":0},"end":{"line":77,"column":1}},"15":{"start":{"line":76,"column":4},"end":{"line":76,"column":64}},"16":{"start":{"line":79,"column":0},"end":{"line":79,"column":52}}},"fnMap":{"0":{"name":"(anonymous_0)","decl":{"start":{"line":48,"column":23},"end":{"line":48,"column":24}},"loc":{"start":{"line":48,"column":45},"end":{"line":59,"column":3}},"line":48},"1":{"name":"(anonymous_1)","decl":{"start":{"line":62,"column":41},"end":{"line":62,"column":42}},"loc":{"start":{"line":62,"column":53},"end":{"line":73,"column":3}},"line":62},"2":{"name":"(anonymous_2)","decl":{"start":{"line":75,"column":35},"end":{"line":75,"column":36}},"loc":{"start":{"line":75,"column":68},"end":{"line":77,"column":1}},"line":75}},"branchMap":{"0":{"loc":{"start":{"line":50,"column":4},"end":{"line":50,"column":52}},"type":"if","locations":[{"start":{"line":50,"column":4},"end":{"line":50,"column":52}},{"start":{},"end":{}}],"line":50},"1":{"loc":{"start":{"line":52,"column":4},"end":{"line":54,"column":5}},"type":"if","locations":[{"start":{"line":52,"column":4},"end":{"line":54,"column":5}},{"start":{},"end":{}}],"line":52}},"s":{"0":2,"1":2,"2":2,"3":2,"4":2,"5":0,"6":0,"7":0,"8":0,"9":0,"10":0,"11":0,"12":2,"13":1,"14":2,"15":1,"16":2},"f":{"0":0,"1":1,"2":1},"b":{"0":[0,0],"1":[0,0]},"_coverageSchema":"1a1c01bbd47fc00a2c39e90264f33305004495a9","hash":"3ec10bbe5de1c65f0c16c6a09a6212e1ba4a79a3"}
,"D:\\work\\uni\\year1\\software prac\\project\\project-may-i-scan\\routes\\auth.js": {"path":"D:\\work\\uni\\year1\\software prac\\project\\project-may-i-scan\\routes\\auth.js","statementMap":{"0":{"start":{"line":1,"column":15},"end":{"line":1,"column":33}},"1":{"start":{"line":2,"column":39},"end":{"line":2,"column":69}},"2":{"start":{"line":4,"column":13},"end":{"line":4,"column":30}},"3":{"start":{"line":6,"column":17},"end":{"line":6,"column":46}},"4":{"start":{"line":8,"column":0},"end":{"line":8,"column":35}},"5":{"start":{"line":9,"column":0},"end":{"line":9,"column":28}},"6":{"start":{"line":10,"column":0},"end":{"line":10,"column":32}},"7":{"start":{"line":11,"column":0},"end":{"line":11,"column":29}},"8":{"start":{"line":14,"column":0},"end":{"line":14,"column":22}}},"fnMap":{},"branchMap":{},"s":{"0":2,"1":2,"2":2,"3":2,"4":2,"5":2,"6":2,"7":2,"8":2},"f":{},"b":{},"_coverageSchema":"1a1c01bbd47fc00a2c39e90264f33305004495a9","hash":"9b5f6d0647b247b5a4d84b09674f026742d86d10"}
,"D:\\work\\uni\\year1\\software prac\\project\\project-may-i-scan\\routes\\massageShops.js": {"path":"D:\\work\\uni\\year1\\software prac\\project\\project-may-i-scan\\routes\\massageShops.js","statementMap":{"0":{"start":{"line":1,"column":16},"end":{"line":1,"column":34}},"1":{"start":{"line":8,"column":4},"end":{"line":8,"column":42}},"2":{"start":{"line":10,"column":26},"end":{"line":10,"column":51}},"3":{"start":{"line":12,"column":15},"end":{"line":12,"column":31}},"4":{"start":{"line":14,"column":31},"end":{"line":14,"column":60}},"5":{"start":{"line":16,"column":16},"end":{"line":16,"column":36}},"6":{"start":{"line":18,"column":0},"end":{"line":18,"column":63}},"7":{"start":{"line":19,"column":0},"end":{"line":19,"column":92}},"8":{"start":{"line":20,"column":0},"end":{"line":20,"column":148}},"9":{"start":{"line":21,"column":0},"end":{"line":21,"column":47}},"10":{"start":{"line":23,"column":0},"end":{"line":23,"column":24}}},"fnMap":{},"branchMap":{},"s":{"0":2,"1":2,"2":2,"3":2,"4":2,"5":2,"6":2,"7":2,"8":2,"9":2,"10":2},"f":{},"b":{},"_coverageSchema":"1a1c01bbd47fc00a2c39e90264f33305004495a9","hash":"23d3c51345170015b205a2d90f31618af4c7387a"}
,"D:\\work\\uni\\year1\\software prac\\project\\project-may-i-scan\\routes\\reservations.js": {"path":"D:\\work\\uni\\year1\\software prac\\project\\project-may-i-scan\\routes\\reservations.js","statementMap":{"0":{"start":{"line":1,"column":16},"end":{"line":1,"column":34}},"1":{"start":{"line":8,"column":4},"end":{"line":8,"column":42}},"2":{"start":{"line":10,"column":15},"end":{"line":10,"column":52}},"3":{"start":{"line":12,"column":31},"end":{"line":12,"column":60}},"4":{"start":{"line":14,"column":0},"end":{"line":16,"column":63}},"5":{"start":{"line":18,"column":0},"end":{"line":21,"column":68}},"6":{"start":{"line":23,"column":0},"end":{"line":23,"column":24}}},"fnMap":{},"branchMap":{},"s":{"0":2,"1":2,"2":2,"3":2,"4":2,"5":2,"6":2},"f":{},"b":{},"_coverageSchema":"1a1c01bbd47fc00a2c39e90264f33305004495a9","hash":"15ae8121e0108a907dc13a0fe50bc03e42d6de27"}
,"D:\\work\\uni\\year1\\software prac\\project\\project-may-i-scan\\routes\\reviews.js": {"path":"D:\\work\\uni\\year1\\software prac\\project\\project-may-i-scan\\routes\\reviews.js","statementMap":{"0":{"start":{"line":1,"column":16},"end":{"line":1,"column":34}},"1":{"start":{"line":8,"column":4},"end":{"line":8,"column":37}},"2":{"start":{"line":10,"column":15},"end":{"line":10,"column":52}},"3":{"start":{"line":12,"column":31},"end":{"line":12,"column":60}},"4":{"start":{"line":14,"column":0},"end":{"line":16,"column":58}},"5":{"start":{"line":18,"column":0},"end":{"line":21,"column":63}},"6":{"start":{"line":23,"column":0},"end":{"line":23,"column":24}}},"fnMap":{},"branchMap":{},"s":{"0":2,"1":2,"2":2,"3":2,"4":2,"5":2,"6":2},"f":{},"b":{},"_coverageSchema":"1a1c01bbd47fc00a2c39e90264f33305004495a9","hash":"3c074b2844118da95dfa11b6785ef8a5d8080b7c"}
,"D:\\work\\uni\\year1\\software prac\\project\\project-may-i-scan\\routes\\therapists.js": {"path":"D:\\work\\uni\\year1\\software prac\\project\\project-may-i-scan\\routes\\therapists.js","statementMap":{"0":{"start":{"line":1,"column":16},"end":{"line":1,"column":34}},"1":{"start":{"line":18,"column":4},"end":{"line":18,"column":40}},"2":{"start":{"line":20,"column":15},"end":{"line":20,"column":31}},"3":{"start":{"line":22,"column":31},"end":{"line":22,"column":60}},"4":{"start":{"line":25,"column":0},"end":{"line":26,"column":60}},"5":{"start":{"line":28,"column":0},"end":{"line":29,"column":55}},"6":{"start":{"line":31,"column":0},"end":{"line":32,"column":55}},"7":{"start":{"line":34,"column":0},"end":{"line":36,"column":30}},"8":{"start":{"line":38,"column":0},"end":{"line":40,"column":59}},"9":{"start":{"line":42,"column":0},"end":{"line":43,"column":53}},"10":{"start":{"line":45,"column":0},"end":{"line":47,"column":66}},"11":{"start":{"line":49,"column":0},"end":{"line":54,"column":74}},"12":{"start":{"line":58,"column":2},"end":{"line":58,"column":57}},"13":{"start":{"line":60,"column":0},"end":{"line":64,"column":56}},"14":{"start":{"line":68,"column":0},"end":{"line":68,"column":24}}},"fnMap":{},"branchMap":{},"s":{"0":2,"1":2,"2":2,"3":2,"4":2,"5":2,"6":2,"7":2,"8":2,"9":2,"10":2,"11":2,"12":2,"13":2,"14":2},"f":{},"b":{},"_coverageSchema":"1a1c01bbd47fc00a2c39e90264f33305004495a9","hash":"464b97626f14e767d6661e8341333eab50a03332"}
}
