TN:
SF:server.js
FN:40,(anonymous_0)
FN:46,(anonymous_1)
FN:52,(anonymous_2)
FN:55,(anonymous_3)
FN:57,(anonymous_4)
FNF:5
FNH:1
FNDA:0,(anonymous_0)
FNDA:0,(anonymous_1)
FNDA:1,(anonymous_2)
FNDA:0,(anonymous_3)
FNDA:0,(anonymous_4)
DA:1,1
DA:2,1
DA:3,1
DA:4,1
DA:5,1
DA:7,1
DA:9,1
DA:11,1
DA:13,1
DA:16,1
DA:17,1
DA:20,1
DA:23,1
DA:24,1
DA:25,1
DA:26,1
DA:27,1
DA:30,1
DA:31,1
DA:32,1
DA:33,1
DA:34,1
DA:37,1
DA:40,1
DA:41,0
DA:42,0
DA:46,1
DA:47,0
DA:51,1
DA:52,1
DA:55,1
DA:56,0
DA:57,0
DA:61,1
LF:34
LH:29
BRDA:51,0,0,1
BRDA:51,0,1,0
BRF:2
BRH:1
end_of_record
TN:
SF:swagger.js
FNF:0
FNH:0
DA:1,1
DA:2,1
DA:4,1
DA:145,1
DA:147,1
LF:5
LH:5
BRF:0
BRH:0
end_of_record
TN:
SF:config\db.js
FN:3,(anonymous_0)
FNF:1
FNH:1
FNDA:1,(anonymous_0)
DA:1,1
DA:3,1
DA:4,1
DA:5,1
DA:7,1
DA:10,1
LF:6
LH:6
BRF:0
BRH:0
end_of_record
TN:
SF:controllers\auth.js
FN:11,(anonymous_0)
FN:87,(anonymous_1)
FN:113,(anonymous_2)
FN:139,(anonymous_3)
FN:168,(anonymous_4)
FNF:5
FNH:0
FNDA:0,(anonymous_0)
FNDA:0,(anonymous_1)
FNDA:0,(anonymous_2)
FNDA:0,(anonymous_3)
FNDA:0,(anonymous_4)
DA:1,1
DA:2,1
DA:3,1
DA:11,1
DA:12,0
DA:14,0
DA:30,0
DA:35,0
DA:43,0
DA:46,0
DA:47,0
DA:48,0
DA:61,0
DA:63,0
DA:66,0
DA:68,0
DA:76,0
DA:78,0
DA:79,0
DA:87,1
DA:88,0
DA:90,0
DA:91,0
DA:95,0
DA:97,0
DA:98,0
DA:101,0
DA:103,0
DA:104,0
DA:108,0
DA:113,1
DA:114,0
DA:116,0
DA:121,0
DA:122,0
DA:125,0
DA:139,1
DA:140,0
DA:141,0
DA:143,0
DA:144,0
DA:147,0
DA:148,0
DA:149,0
DA:152,0
DA:162,0
DA:163,0
DA:168,1
DA:169,0
DA:173,0
LF:50
LH:8
BRDA:46,0,0,0
BRDA:46,0,1,0
BRDA:90,1,0,0
BRDA:90,1,1,0
BRDA:90,2,0,0
BRDA:90,2,1,0
BRDA:97,3,0,0
BRDA:97,3,1,0
BRDA:103,4,0,0
BRDA:103,4,1,0
BRDA:121,5,0,0
BRDA:121,5,1,0
BRDA:143,6,0,0
BRDA:143,6,1,0
BRDA:148,7,0,0
BRDA:148,7,1,0
BRF:16
BRH:0
end_of_record
TN:
SF:controllers\massageShops.js
FN:7,(anonymous_0)
FN:14,(anonymous_1)
FN:19,(anonymous_2)
FN:149,(anonymous_3)
FN:165,(anonymous_4)
FN:174,(anonymous_5)
FN:194,(anonymous_6)
FNF:7
FNH:0
FNDA:0,(anonymous_0)
FNDA:0,(anonymous_1)
FNDA:0,(anonymous_2)
FNDA:0,(anonymous_3)
FNDA:0,(anonymous_4)
FNDA:0,(anonymous_5)
FNDA:0,(anonymous_6)
DA:1,1
DA:2,1
DA:7,1
DA:10,0
DA:11,0
DA:13,0
DA:14,0
DA:16,0
DA:18,0
DA:19,0
DA:22,0
DA:25,0
DA:26,0
DA:29,0
DA:31,0
DA:32,0
DA:33,0
DA:36,0
DA:37,0
DA:38,0
DA:40,0
DA:43,0
DA:44,0
DA:45,0
DA:46,0
DA:48,0
DA:49,0
DA:50,0
DA:52,0
DA:54,0
DA:56,0
DA:57,0
DA:63,0
DA:64,0
DA:70,0
DA:72,0
DA:149,1
DA:150,0
DA:151,0
DA:153,0
DA:154,0
DA:156,0
DA:158,0
DA:165,1
DA:167,0
DA:174,1
DA:175,0
DA:176,0
DA:181,0
DA:182,0
DA:185,0
DA:187,0
DA:194,1
DA:195,0
DA:196,0
DA:198,0
DA:199,0
DA:201,0
DA:202,0
DA:204,0
DA:206,0
LF:61
LH:7
BRDA:25,0,0,0
BRDA:25,0,1,0
BRDA:25,1,0,0
BRDA:25,1,1,0
BRDA:31,2,0,0
BRDA:31,2,1,0
BRDA:36,3,0,0
BRDA:36,3,1,0
BRDA:43,4,0,0
BRDA:43,4,1,0
BRDA:44,5,0,0
BRDA:44,5,1,0
BRDA:56,6,0,0
BRDA:56,6,1,0
BRDA:63,7,0,0
BRDA:63,7,1,0
BRDA:153,8,0,0
BRDA:153,8,1,0
BRDA:181,9,0,0
BRDA:181,9,1,0
BRDA:198,10,0,0
BRDA:198,10,1,0
BRF:22
BRH:0
end_of_record
TN:
SF:controllers\reservations.js
FN:7,(anonymous_0)
FN:151,(anonymous_1)
FN:180,(anonymous_2)
FN:224,(anonymous_3)
FN:265,(anonymous_4)
FNF:5
FNH:0
FNDA:0,(anonymous_0)
FNDA:0,(anonymous_1)
FNDA:0,(anonymous_2)
FNDA:0,(anonymous_3)
FNDA:0,(anonymous_4)
DA:1,1
DA:2,1
DA:7,1
DA:10,0
DA:11,0
DA:30,0
DA:31,0
DA:51,0
DA:93,0
DA:94,0
DA:96,0
DA:102,0
DA:103,0
DA:151,1
DA:152,0
DA:153,0
DA:158,0
DA:159,0
DA:165,0
DA:170,0
DA:171,0
DA:180,1
DA:181,0
DA:182,0
DA:184,0
DA:186,0
DA:187,0
DA:193,0
DA:195,0
DA:197,0
DA:198,0
DA:204,0
DA:205,0
DA:207,0
DA:209,0
DA:214,0
DA:215,0
DA:224,1
DA:225,0
DA:226,0
DA:228,0
DA:229,0
DA:235,0
DA:239,0
DA:245,0
DA:250,0
DA:255,0
DA:256,0
DA:265,1
DA:266,0
DA:267,0
DA:269,0
DA:270,0
DA:277,0
DA:281,0
DA:287,0
DA:289,0
DA:291,0
DA:292,0
LF:59
LH:7
BRDA:10,0,0,0
BRDA:10,0,1,0
BRDA:30,1,0,0
BRDA:30,1,1,0
BRDA:158,2,0,0
BRDA:158,2,1,0
BRDA:186,3,0,0
BRDA:186,3,1,0
BRDA:197,4,0,0
BRDA:197,4,1,0
BRDA:197,5,0,0
BRDA:197,5,1,0
BRDA:228,6,0,0
BRDA:228,6,1,0
BRDA:235,7,0,0
BRDA:235,7,1,0
BRDA:236,8,0,0
BRDA:236,8,1,0
BRDA:269,9,0,0
BRDA:269,9,1,0
BRDA:277,10,0,0
BRDA:277,10,1,0
BRDA:278,11,0,0
BRDA:278,11,1,0
BRF:24
BRH:0
end_of_record
TN:
SF:controllers\reviews.js
FN:7,(anonymous_0)
FN:36,(anonymous_1)
FN:57,(anonymous_2)
FN:95,(anonymous_3)
FN:126,(anonymous_4)
FNF:5
FNH:0
FNDA:0,(anonymous_0)
FNDA:0,(anonymous_1)
FNDA:0,(anonymous_2)
FNDA:0,(anonymous_3)
FNDA:0,(anonymous_4)
DA:1,1
DA:2,1
DA:7,1
DA:8,0
DA:11,0
DA:12,0
DA:14,0
DA:20,0
DA:22,0
DA:28,0
DA:29,0
DA:36,1
DA:37,0
DA:38,0
DA:43,0
DA:44,0
DA:47,0
DA:49,0
DA:50,0
DA:57,1
DA:58,0
DA:59,0
DA:60,0
DA:62,0
DA:63,0
DA:64,0
DA:67,0
DA:72,0
DA:73,0
DA:79,0
DA:81,0
DA:86,0
DA:87,0
DA:95,1
DA:96,0
DA:97,0
DA:99,0
DA:100,0
DA:103,0
DA:104,0
DA:107,0
DA:108,0
DA:110,0
DA:112,0
DA:117,0
DA:118,0
DA:126,1
DA:127,0
DA:128,0
DA:130,0
DA:131,0
DA:134,0
DA:135,0
DA:138,0
DA:140,0
DA:142,0
DA:143,0
LF:57
LH:7
BRDA:11,0,0,0
BRDA:11,0,1,0
BRDA:43,1,0,0
BRDA:43,1,1,0
BRDA:63,2,0,0
BRDA:63,2,1,0
BRDA:72,3,0,0
BRDA:72,3,1,0
BRDA:99,4,0,0
BRDA:99,4,1,0
BRDA:103,5,0,0
BRDA:103,5,1,0
BRDA:103,6,0,0
BRDA:103,6,1,0
BRDA:107,7,0,0
BRDA:107,7,1,0
BRDA:108,8,0,0
BRDA:108,8,1,0
BRDA:130,9,0,0
BRDA:130,9,1,0
BRDA:134,10,0,0
BRDA:134,10,1,0
BRDA:134,11,0,0
BRDA:134,11,1,0
BRF:24
BRH:0
end_of_record
TN:
SF:controllers\therapists.js
FN:8,(anonymous_0)
FN:57,(anonymous_1)
FN:117,(anonymous_2)
FN:127,(anonymous_3)
FN:148,(anonymous_4)
FN:169,(anonymous_5)
FN:194,(anonymous_6)
FN:219,(anonymous_7)
FN:242,(anonymous_8)
FN:264,(anonymous_9)
FN:285,(anonymous_10)
FN:358,(anonymous_11)
FNF:12
FNH:1
FNDA:0,(anonymous_0)
FNDA:0,(anonymous_1)
FNDA:0,(anonymous_2)
FNDA:0,(anonymous_3)
FNDA:0,(anonymous_4)
FNDA:0,(anonymous_5)
FNDA:0,(anonymous_6)
FNDA:0,(anonymous_7)
FNDA:1,(anonymous_8)
FNDA:0,(anonymous_9)
FNDA:0,(anonymous_10)
FNDA:0,(anonymous_11)
DA:1,1
DA:2,1
DA:3,1
DA:8,1
DA:9,0
DA:10,0
DA:13,0
DA:14,0
DA:21,0
DA:23,0
DA:24,0
DA:26,0
DA:27,0
DA:28,0
DA:29,0
DA:31,0
DA:32,0
DA:38,0
DA:43,0
DA:44,0
DA:57,1
DA:58,0
DA:59,0
DA:61,0
DA:62,0
DA:63,0
DA:68,0
DA:69,0
DA:70,0
DA:75,0
DA:76,0
DA:78,0
DA:79,0
DA:85,0
DA:88,0
DA:89,0
DA:92,0
DA:93,0
DA:96,0
DA:97,0
DA:98,0
DA:99,0
DA:103,0
DA:117,0
DA:118,0
DA:119,0
DA:123,0
DA:126,0
DA:127,0
DA:128,0
DA:129,0
DA:133,0
DA:135,0
DA:140,0
DA:141,0
DA:148,1
DA:149,0
DA:150,0
DA:154,0
DA:159,0
DA:160,0
DA:169,1
DA:170,0
DA:171,0
DA:173,0
DA:174,0
DA:179,0
DA:181,0
DA:183,0
DA:187,0
DA:194,1
DA:195,0
DA:196,0
DA:198,0
DA:199,0
DA:204,0
DA:206,0
DA:208,0
DA:212,0
DA:219,1
DA:220,0
DA:222,0
DA:223,0
DA:224,0
DA:227,0
DA:229,0
DA:235,0
DA:242,1
DA:243,1
DA:244,1
DA:248,1
DA:253,0
DA:254,0
DA:264,1
DA:265,0
DA:266,0
DA:270,0
DA:275,0
DA:276,0
DA:285,1
DA:286,0
DA:287,0
DA:288,0
DA:289,0
DA:296,0
DA:298,0
DA:299,0
DA:301,0
DA:302,0
DA:303,0
DA:309,0
DA:311,0
DA:313,0
DA:318,0
DA:319,0
DA:358,1
DA:359,0
DA:360,0
DA:361,0
DA:366,0
DA:367,0
DA:368,0
DA:373,0
DA:376,0
DA:382,0
DA:383,0
LF:126
LH:16
BRDA:13,0,0,0
BRDA:13,0,1,0
BRDA:21,1,0,0
BRDA:21,1,1,0
BRDA:31,2,0,0
BRDA:31,2,1,0
BRDA:31,3,0,0
BRDA:31,3,1,0
BRDA:62,4,0,0
BRDA:62,4,1,0
BRDA:69,5,0,0
BRDA:69,5,1,0
BRDA:78,6,0,0
BRDA:78,6,1,0
BRDA:78,7,0,0
BRDA:78,7,1,0
BRDA:88,8,0,0
BRDA:88,8,1,0
BRDA:92,9,0,0
BRDA:92,9,1,0
BRDA:96,10,0,0
BRDA:96,10,1,0
BRDA:118,11,0,0
BRDA:118,11,1,0
BRDA:128,12,0,0
BRDA:128,12,1,0
BRDA:173,13,0,0
BRDA:173,13,1,0
BRDA:198,14,0,0
BRDA:198,14,1,0
BRDA:223,15,0,0
BRDA:223,15,1,0
BRDA:288,16,0,0
BRDA:288,16,1,0
BRDA:296,17,0,0
BRDA:296,17,1,0
BRDA:301,18,0,0
BRDA:301,18,1,0
BRDA:301,19,0,0
BRDA:301,19,1,0
BRDA:360,20,0,0
BRDA:360,20,1,0
BRDA:367,21,0,0
BRDA:367,21,1,0
BRF:44
BRH:0
end_of_record
TN:
SF:middleware\auth.js
FN:7,(anonymous_0)
FN:38,(anonymous_1)
FN:39,(anonymous_2)
FNF:3
FNH:1
FNDA:0,(anonymous_0)
FNDA:15,(anonymous_1)
FNDA:0,(anonymous_2)
DA:1,1
DA:2,1
DA:3,1
DA:7,1
DA:10,0
DA:14,0
DA:17,0
DA:18,0
DA:21,0
DA:22,0
DA:24,0
DA:26,0
DA:31,0
DA:33,0
DA:38,1
DA:39,15
DA:40,0
DA:41,0
DA:42,0
DA:44,0
LF:20
LH:6
BRDA:10,0,0,0
BRDA:10,0,1,0
BRDA:11,1,0,0
BRDA:11,1,1,0
BRDA:17,2,0,0
BRDA:17,2,1,0
BRDA:41,3,0,0
BRDA:41,3,1,0
BRF:8
BRH:0
end_of_record
TN:
SF:models\MassageShop.js
FNF:0
FNH:0
DA:1,1
DA:3,1
DA:39,1
DA:46,1
LF:4
LH:4
BRF:0
BRH:0
end_of_record
TN:
SF:models\Reservation.js
FNF:0
FNH:0
DA:1,1
DA:3,1
DA:54,1
LF:3
LH:3
BRF:0
BRH:0
end_of_record
TN:
SF:models\Review.js
FN:30,(anonymous_0)
FN:45,(anonymous_1)
FNF:2
FNH:0
FNDA:0,(anonymous_0)
FNDA:0,(anonymous_1)
DA:1,1
DA:3,1
DA:30,1
DA:31,0
DA:36,0
DA:37,0
DA:41,0
DA:45,1
DA:46,0
DA:49,1
LF:10
LH:5
BRDA:38,0,0,0
BRDA:38,0,1,0
BRF:2
BRH:0
end_of_record
TN:
SF:models\Therapist.js
FNF:0
FNH:0
DA:1,1
DA:2,1
DA:3,1
DA:5,1
DA:62,1
LF:5
LH:5
BRF:0
BRH:0
end_of_record
TN:
SF:models\User.js
FN:48,(anonymous_0)
FN:62,(anonymous_1)
FN:75,(anonymous_2)
FNF:3
FNH:0
FNDA:0,(anonymous_0)
FNDA:0,(anonymous_1)
FNDA:0,(anonymous_2)
DA:1,1
DA:2,1
DA:3,1
DA:5,1
DA:48,1
DA:50,0
DA:52,0
DA:53,0
DA:56,0
DA:57,0
DA:58,0
DA:62,1
DA:63,0
DA:75,1
DA:76,0
DA:79,1
LF:16
LH:8
BRDA:50,0,0,0
BRDA:50,0,1,0
BRDA:52,1,0,0
BRDA:52,1,1,0
BRF:4
BRH:0
end_of_record
TN:
SF:routes\auth.js
FNF:0
FNH:0
DA:1,1
DA:2,1
DA:4,1
DA:6,1
DA:8,1
DA:9,1
DA:10,1
DA:11,1
DA:14,1
LF:9
LH:9
BRF:0
BRH:0
end_of_record
TN:
SF:routes\massageShops.js
FNF:0
FNH:0
DA:1,1
DA:8,1
DA:10,1
DA:12,1
DA:14,1
DA:16,1
DA:18,1
DA:19,1
DA:20,1
DA:21,1
DA:23,1
LF:11
LH:11
BRF:0
BRH:0
end_of_record
TN:
SF:routes\reservations.js
FNF:0
FNH:0
DA:1,1
DA:8,1
DA:10,1
DA:12,1
DA:14,1
DA:18,1
DA:23,1
LF:7
LH:7
BRF:0
BRH:0
end_of_record
TN:
SF:routes\reviews.js
FNF:0
FNH:0
DA:1,1
DA:8,1
DA:10,1
DA:12,1
DA:14,1
DA:18,1
DA:23,1
LF:7
LH:7
BRF:0
BRH:0
end_of_record
TN:
SF:routes\therapists.js
FNF:0
FNH:0
DA:1,1
DA:14,1
DA:16,1
DA:18,1
DA:21,1
DA:24,1
DA:27,1
DA:30,1
DA:34,1
DA:38,1
DA:41,1
DA:45,1
DA:53,1
LF:13
LH:13
BRF:0
BRH:0
end_of_record
